{"meta": {"format": 3, "version": "7.13.4", "timestamp": "2026-03-07T00:05:05.480939", "branch_coverage": true, "show_contexts": false}, "files": {"trace/__init__.py": {"executed_lines": [6, 8, 9, 10, 11, 12, 13, 15, 17, 18, 23, 24, 25, 26, 34, 35, 38, 39, 40, 41, 42, 43, 44, 45, 48, 49, 51, 53, 54, 56, 57, 58, 59, 60, 61, 63, 65, 68, 91, 92, 97, 105, 111, 116, 117, 126], "summary": {"covered_lines": 46, "num_statements": 70, "percent_covered": 61.702127659574465, "percent_covered_display": "62", "missing_lines": 24, "excluded_lines": 5, "percent_statements_covered": 65.71428571428571, "percent_statements_covered_display": "66", "num_branches": 24, "num_partial_branches": 8, "covered_branches": 12, "missing_branches": 12, "percent_branches_covered": 50.0, "percent_branches_covered_display": "50"}, "missing_lines": [46, 50, 55, 64, 69, 70, 73, 75, 76, 77, 78, 79, 80, 81, 82, 83, 84, 88, 98, 99, 101, 102, 118, 119], "excluded_lines": [85, 86, 120, 121, 122], "executed_branches": [[41, 42], [42, 43], [45, 48], [49, 51], [53, 54], [53, 63], [54, 56], [57, 58], [57, 59], [63, 65], [92, 97], [116, 117]], "missing_branches": [[41, 45], [42, 41], [45, 46], [49, 50], [54, 55], [63, 64], [75, 76], [75, 88], [92, 98], [98, 99], [98, 101], [116, 118]], "functions": {"_has_pharlap_lib": {"executed_lines": [35], "summary": {"covered_lines": 1, "num_statements": 1, "percent_covered": 100.0, "percent_covered_display": "100", "missing_lines": 0, "excluded_lines": 0, "percent_statements_covered": 100.0, "percent_statements_covered_display": "100", "num_branches": 0, "num_partial_branches": 0, "covered_branches": 0, "missing_branches": 0, "percent_branches_covered": 100.0, "percent_branches_covered_display": "100"}, "missing_lines": [], "excluded_lines": [], "start_line": 34, "executed_branches": [], "missing_branches": []}, "_extract_pharlap_lib_from_archive": {"executed_lines": [39, 40, 41, 42, 43, 44, 45, 48, 49, 51, 53, 54, 56, 57, 58, 59, 60, 61, 63, 65], "summary": {"covered_lines": 20, "num_statements": 24, "percent_covered": 75.0, "percent_covered_display": "75", "missing_lines": 4, "excluded_lines": 0, "percent_statements_covered": 83.33333333333333, "percent_statements_covered_display": "83", "num_branches": 16, "num_partial_branches": 6, "covered_branches": 10, "missing_branches": 6, "percent_branches_covered": 62.5, "percent_branches_covered_display": "62"}, "missing_lines": [46, 50, 55, 64], "excluded_lines": [], "start_line": 38, "executed_branches": [[41, 42], [42, 43], [45, 48], [49, 51], [53, 54], [53, 63], [54, 56], [57, 58], [57, 59], [63, 65]], "missing_branches": [[41, 45], [42, 41], [45, 46], [49, 50], [54, 55], [63, 64]]}, "_download_pharlap_lib": {"executed_lines": [], "summary": {"covered_lines": 0, "num_statements": 14, "percent_covered": 0.0, "percent_covered_display": "0", "missing_lines": 14, "excluded_lines": 2, "percent_statements_covered": 0.0, "percent_statements_covered_display": "0", "num_branches": 2, "num_partial_branches": 0, "covered_branches": 0, "missing_branches": 2, "percent_branches_covered": 0.0, "percent_branches_covered_display": "0"}, "missing_lines": [69, 70, 73, 75, 76, 77, 78, 79, 80, 81, 82, 83, 84, 88], "excluded_lines": [85, 86], "start_line": 68, "executed_branches": [], "missing_branches": [[75, 76], [75, 88]]}, "ensure_pharlap_lib": {"executed_lines": [92, 97], "summary": {"covered_lines": 2, "num_statements": 6, "percent_covered": 30.0, "percent_covered_display": "30", "missing_lines": 4, "excluded_lines": 0, "percent_statements_covered": 33.333333333333336, "percent_statements_covered_display": "33", "num_branches": 4, "num_partial_branches": 1, "covered_branches": 1, "missing_branches": 3, "percent_branches_covered": 25.0, "percent_branches_covered_display": "25"}, "missing_lines": [98, 99, 101, 102], "excluded_lines": [], "start_line": 91, "executed_branches": [[92, 97]], "missing_branches": [[92, 98], [98, 99], [98, 101]]}, "bootstrap_pharlap_lib": {"executed_lines": [111, 116, 117], "summary": {"covered_lines": 3, "num_statements": 5, "percent_covered": 57.142857142857146, "percent_covered_display": "57", "missing_lines": 2, "excluded_lines": 3, "percent_statements_covered": 60.0, "percent_statements_covered_display": "60", "num_branches": 2, "num_partial_branches": 1, "covered_branches": 1, "missing_branches": 1, "percent_branches_covered": 50.0, "percent_branches_covered_display": "50"}, "missing_lines": [118, 119], "excluded_lines": [120, 121, 122], "start_line": 105, "executed_branches": [[116, 117]], "missing_branches": [[116, 118]]}, "": {"executed_lines": [6, 8, 9, 10, 11, 12, 13, 15, 17, 18, 23, 24, 25, 26, 34, 38, 68, 91, 105, 126], "summary": {"covered_lines": 20, "num_statements": 20, "percent_covered": 100.0, "percent_covered_display": "100", "missing_lines": 0, "excluded_lines": 0, "percent_statements_covered": 100.0, "percent_statements_covered_display": "100", "num_branches": 0, "num_partial_branches": 0, "covered_branches": 0, "missing_branches": 0, "percent_branches_covered": 100.0, "percent_branches_covered_display": "100"}, "missing_lines": [], "excluded_lines": [], "start_line": 1, "executed_branches": [], "missing_branches": []}}, "classes": {"": {"executed_lines": [6, 8, 9, 10, 11, 12, 13, 15, 17, 18, 23, 24, 25, 26, 34, 35, 38, 39, 40, 41, 42, 43, 44, 45, 48, 49, 51, 53, 54, 56, 57, 58, 59, 60, 61, 63, 65, 68, 91, 92, 97, 105, 111, 116, 117, 126], "summary": {"covered_lines": 46, "num_statements": 70, "percent_covered": 61.702127659574465, "percent_covered_display": "62", "missing_lines": 24, "excluded_lines": 5, "percent_statements_covered": 65.71428571428571, "percent_statements_covered_display": "66", "num_branches": 24, "num_partial_branches": 8, "covered_branches": 12, "missing_branches": 12, "percent_branches_covered": 50.0, "percent_branches_covered_display": "50"}, "missing_lines": [46, 50, 55, 64, 69, 70, 73, 75, 76, 77, 78, 79, 80, 81, 82, 83, 84, 88, 98, 99, 101, 102, 118, 119], "excluded_lines": [85, 86, 120, 121, 122], "start_line": 1, "executed_branches": [[41, 42], [42, 43], [45, 48], [49, 51], [53, 54], [53, 63], [54, 56], [57, 58], [57, 59], [63, 65], [92, 97], [116, 117]], "missing_branches": [[41, 45], [42, 41], [45, 46], [49, 50], [54, 55], [63, 64], [75, 76], [75, 88], [92, 98], [98, 99], [98, 101], [116, 118]]}}}, "trace/collision.py": {"executed_lines": [1, 2, 3, 4, 5, 7, 8, 11, 12, 13, 14, 15, 16, 17, 18, 21, 22, 23, 24, 25, 28, 29, 30, 31, 32, 35, 36, 37, 38, 39, 40, 43, 76, 123, 136, 161, 248, 262, 270, 293, 364, 375, 384, 399, 400, 401, 403, 404, 405, 407, 408, 409, 410, 411, 413, 414, 415, 416, 418, 419, 425, 426, 427, 428, 429, 430, 432, 433, 453, 462, 477, 478, 498, 507, 522, 526, 529, 530, 531, 532, 534, 540, 544, 546, 547, 548, 549, 550, 552, 553, 554, 557, 559, 560, 561, 563, 564, 566, 567, 569, 570, 573, 575, 583, 585, 588, 590, 594, 596, 597, 599, 600, 603, 606, 607, 611, 618, 620, 621], "summary": {"covered_lines": 119, "num_statements": 253, "percent_covered": 42.21453287197232, "percent_covered_display": "42", "missing_lines": 134, "excluded_lines": 0, "percent_statements_covered": 47.03557312252964, "percent_statements_covered_display": "47", "num_branches": 36, "num_partial_branches": 1, "covered_branches": 3, "missing_branches": 33, "percent_branches_covered": 8.333333333333334, "percent_branches_covered_display": "8"}, "missing_lines": [48, 49, 51, 52, 53, 58, 60, 61, 62, 64, 72, 73, 81, 89, 91, 92, 93, 103, 104, 105, 106, 111, 112, 113, 114, 115, 116, 117, 119, 120, 146, 147, 148, 149, 150, 151, 152, 153, 154, 155, 156, 157, 158, 159, 162, 163, 164, 165, 170, 171, 172, 174, 175, 176, 177, 179, 180, 181, 191, 195, 196, 197, 198, 199, 204, 207, 208, 209, 210, 211, 212, 214, 215, 216, 220, 221, 237, 238, 239, 240, 241, 242, 243, 245, 246, 252, 280, 281, 282, 283, 284, 285, 286, 287, 288, 289, 290, 291, 294, 295, 296, 297, 302, 303, 304, 306, 307, 308, 309, 311, 312, 313, 314, 319, 321, 322, 323, 325, 333, 334, 336, 337, 338, 342, 343, 359, 360, 361, 362, 365, 538, 625, 626, 627], "excluded_lines": [], "executed_branches": [[415, 416], [559, 560], [559, 585]], "missing_branches": [[52, 53], [52, 58], [103, 104], [103, 119], [105, 106], [105, 111], [153, 154], [153, 155], [155, 156], [155, 157], [157, 158], [157, 159], [170, 171], [170, 179], [195, 196], [195, 214], [196, 197], [196, 245], [198, 199], [198, 204], [237, 238], [237, 245], [287, 288], [287, 289], [289, 290], [289, 291], [302, 303], [302, 311], [311, 312], [311, 336], [313, 314], [313, 319], [415, 418]], "functions": {"_msise3d_chunk": {"executed_lines": [], "summary": {"covered_lines": 0, "num_statements": 10, "percent_covered": 0.0, "percent_covered_display": "0", "missing_lines": 10, "excluded_lines": 0, "percent_statements_covered": 0.0, "percent_statements_covered_display": "0", "num_branches": 2, "num_partial_branches": 0, "covered_branches": 0, "missing_branches": 2, "percent_branches_covered": 0.0, "percent_branches_covered_display": "0"}, "missing_lines": [48, 49, 51, 52, 53, 58, 60, 64, 72, 73], "excluded_lines": [], "start_line": 43, "executed_branches": [], "missing_branches": [[52, 53], [52, 58]]}, "_msise3d_chunk._llh": {"executed_lines": [], "summary": {"covered_lines": 0, "num_statements": 2, "percent_covered": 0.0, "percent_covered_display": "0", "missing_lines": 2, "excluded_lines": 0, "percent_statements_covered": 0.0, "percent_statements_covered_display": "0", "num_branches": 0, "num_partial_branches": 0, "covered_branches": 0, "missing_branches": 0, "percent_branches_covered": 100.0, "percent_branches_covered_display": "100"}, "missing_lines": [61, 62], "excluded_lines": [], "start_line": 60, "executed_branches": [], "missing_branches": []}, "_msise2d_chunk": {"executed_lines": [], "summary": {"covered_lines": 0, "num_statements": 18, "percent_covered": 0.0, "percent_covered_display": "0", "missing_lines": 18, "excluded_lines": 0, "percent_statements_covered": 0.0, "percent_statements_covered_display": "0", "num_branches": 4, "num_partial_branches": 0, "covered_branches": 0, "missing_branches": 4, "percent_branches_covered": 0.0, "percent_branches_covered_display": "0"}, "missing_lines": [81, 89, 91, 92, 93, 103, 104, 105, 106, 111, 112, 113, 114, 115, 116, 117, 119, 120], "excluded_lines": [], "start_line": 76, "executed_branches": [], "missing_branches": [[103, 104], [103, 119], [105, 106], [105, 111]]}, "NRLMSISE2D.__init__": {"executed_lines": [], "summary": {"covered_lines": 0, "num_statements": 14, "percent_covered": 0.0, "percent_covered_display": "0", "missing_lines": 14, "excluded_lines": 0, "percent_statements_covered": 0.0, "percent_statements_covered_display": "0", "num_branches": 6, "num_partial_branches": 0, "covered_branches": 0, "missing_branches": 6, "percent_branches_covered": 0.0, "percent_branches_covered_display": "0"}, "missing_lines": [146, 147, 148, 149, 150, 151, 152, 153, 154, 155, 156, 157, 158, 159], "excluded_lines": [], "start_line": 136, "executed_branches": [], "missing_branches": [[153, 154], [153, 155], [155, 156], [155, 157], [157, 158], [157, 159]]}, "NRLMSISE2D.fetch_dataset": {"executed_lines": [], "summary": {"covered_lines": 0, "num_statements": 41, "percent_covered": 0.0, "percent_covered_display": "0", "missing_lines": 41, "excluded_lines": 0, "percent_statements_covered": 0.0, "percent_statements_covered_display": "0", "num_branches": 10, "num_partial_branches": 0, "covered_branches": 0, "missing_branches": 10, "percent_branches_covered": 0.0, "percent_branches_covered_display": "0"}, "missing_lines": [162, 163, 164, 165, 170, 171, 172, 174, 175, 176, 177, 179, 180, 181, 191, 195, 196, 197, 198, 199, 204, 207, 208, 209, 210, 211, 212, 214, 215, 216, 220, 221, 237, 238, 239, 240, 241, 242, 243, 245, 246], "excluded_lines": [], "start_line": 161, "executed_branches": [], "missing_branches": [[170, 171], [170, 179], [195, 196], [195, 214], [196, 197], [196, 245], [198, 199], [198, 204], [237, 238], [237, 245]]}, "NRLMSISE2D.as_collision_kwargs": {"executed_lines": [], "summary": {"covered_lines": 0, "num_statements": 1, "percent_covered": 0.0, "percent_covered_display": "0", "missing_lines": 1, "excluded_lines": 0, "percent_statements_covered": 0.0, "percent_statements_covered_display": "0", "num_branches": 0, "num_partial_branches": 0, "covered_branches": 0, "missing_branches": 0, "percent_branches_covered": 100.0, "percent_branches_covered_display": "100"}, "missing_lines": [252], "excluded_lines": [], "start_line": 248, "executed_branches": [], "missing_branches": []}, "NRLMSISE3D.__init__": {"executed_lines": [], "summary": {"covered_lines": 0, "num_statements": 12, "percent_covered": 0.0, "percent_covered_display": "0", "missing_lines": 12, "excluded_lines": 0, "percent_statements_covered": 0.0, "percent_statements_covered_display": "0", "num_branches": 4, "num_partial_branches": 0, "covered_branches": 0, "missing_branches": 4, "percent_branches_covered": 0.0, "percent_branches_covered_display": "0"}, "missing_lines": [280, 281, 282, 283, 284, 285, 286, 287, 288, 289, 290, 291], "excluded_lines": [], "start_line": 270, "executed_branches": [], "missing_branches": [[287, 288], [287, 289], [289, 290], [289, 291]]}, "NRLMSISE3D.fetch_dataset": {"executed_lines": [], "summary": {"covered_lines": 0, "num_statements": 29, "percent_covered": 0.0, "percent_covered_display": "0", "missing_lines": 29, "excluded_lines": 0, "percent_statements_covered": 0.0, "percent_statements_covered_display": "0", "num_branches": 6, "num_partial_branches": 0, "covered_branches": 0, "missing_branches": 6, "percent_branches_covered": 0.0, "percent_branches_covered_display": "0"}, "missing_lines": [294, 295, 296, 297, 302, 303, 304, 306, 307, 308, 309, 311, 312, 313, 314, 319, 321, 325, 333, 334, 336, 337, 338, 342, 343, 359, 360, 361, 362], "excluded_lines": [], "start_line": 293, "executed_branches": [], "missing_branches": [[302, 303], [302, 311], [311, 312], [311, 336], [313, 314], [313, 319]]}, "NRLMSISE3D.fetch_dataset._llh": {"executed_lines": [], "summary": {"covered_lines": 0, "num_statements": 2, "percent_covered": 0.0, "percent_covered_display": "0", "missing_lines": 2, "excluded_lines": 0, "percent_statements_covered": 0.0, "percent_statements_covered_display": "0", "num_branches": 0, "num_partial_branches": 0, "covered_branches": 0, "missing_branches": 0, "percent_branches_covered": 100.0, "percent_branches_covered_display": "100"}, "missing_lines": [322, 323], "excluded_lines": [], "start_line": 321, "executed_branches": [], "missing_branches": []}, "NRLMSISE3D.as_collision_kwargs": {"executed_lines": [], "summary": {"covered_lines": 0, "num_statements": 1, "percent_covered": 0.0, "percent_covered_display": "0", "missing_lines": 1, "excluded_lines": 0, "percent_statements_covered": 0.0, "percent_statements_covered_display": "0", "num_branches": 0, "num_partial_branches": 0, "covered_branches": 0, "missing_branches": 0, "percent_branches_covered": 100.0, "percent_branches_covered_display": "100"}, "missing_lines": [365], "excluded_lines": [], "start_line": 364, "executed_branches": [], "missing_branches": []}, "ComputeCollision.__init__": {"executed_lines": [399, 400, 401, 403, 404, 405, 407, 408, 409, 410, 411, 413, 414, 415, 416, 418, 419, 425, 426, 427, 428, 429, 430], "summary": {"covered_lines": 23, "num_statements": 23, "percent_covered": 96.0, "percent_covered_display": "96", "missing_lines": 0, "excluded_lines": 0, "percent_statements_covered": 100.0, "percent_statements_covered_display": "100", "num_branches": 2, "num_partial_branches": 1, "covered_branches": 1, "missing_branches": 1, "percent_branches_covered": 50.0, "percent_branches_covered_display": "50"}, "missing_lines": [], "excluded_lines": [], "start_line": 384, "executed_branches": [[415, 416]], "missing_branches": [[415, 418]]}, "ComputeCollision.from_nrlmsise": {"executed_lines": [453, 462], "summary": {"covered_lines": 2, "num_statements": 2, "percent_covered": 100.0, "percent_covered_display": "100", "missing_lines": 0, "excluded_lines": 0, "percent_statements_covered": 100.0, "percent_statements_covered_display": "100", "num_branches": 0, "num_partial_branches": 0, "covered_branches": 0, "missing_branches": 0, "percent_branches_covered": 100.0, "percent_branches_covered_display": "100"}, "missing_lines": [], "excluded_lines": [], "start_line": 433, "executed_branches": [], "missing_branches": []}, "ComputeCollision.from_nrlmsise_3d": {"executed_lines": [498, 507], "summary": {"covered_lines": 2, "num_statements": 2, "percent_covered": 100.0, "percent_covered_display": "100", "missing_lines": 0, "excluded_lines": 0, "percent_statements_covered": 100.0, "percent_statements_covered_display": "100", "num_branches": 0, "num_partial_branches": 0, "covered_branches": 0, "missing_branches": 0, "percent_branches_covered": 100.0, "percent_branches_covered_display": "100"}, "missing_lines": [], "excluded_lines": [], "start_line": 478, "executed_branches": [], "missing_branches": []}, "ComputeCollision.calculate_FT_collision_frequency": {"executed_lines": [526, 529, 530, 531, 532], "summary": {"covered_lines": 5, "num_statements": 5, "percent_covered": 100.0, "percent_covered_display": "100", "missing_lines": 0, "excluded_lines": 0, "percent_statements_covered": 100.0, "percent_statements_covered_display": "100", "num_branches": 0, "num_partial_branches": 0, "covered_branches": 0, "missing_branches": 0, "percent_branches_covered": 100.0, "percent_branches_covered_display": "100"}, "missing_lines": [], "excluded_lines": [], "start_line": 522, "executed_branches": [], "missing_branches": []}, "ComputeCollision.atmospheric_ion_neutral_collision_frequency": {"executed_lines": [], "summary": {"covered_lines": 0, "num_statements": 1, "percent_covered": 0.0, "percent_covered_display": "0", "missing_lines": 1, "excluded_lines": 0, "percent_statements_covered": 0.0, "percent_statements_covered_display": "0", "num_branches": 0, "num_partial_branches": 0, "covered_branches": 0, "missing_branches": 0, "percent_branches_covered": 100.0, "percent_branches_covered_display": "100"}, "missing_lines": [538], "excluded_lines": [], "start_line": 534, "executed_branches": [], "missing_branches": []}, "ComputeCollision.calculate_SN_ei_collision_frequency": {"executed_lines": [544, 546, 547, 548, 549, 550, 552, 553, 554, 557, 559, 560, 561, 563, 564, 566, 567, 569, 570, 573, 575, 583, 585, 588], "summary": {"covered_lines": 24, "num_statements": 24, "percent_covered": 100.0, "percent_covered_display": "100", "missing_lines": 0, "excluded_lines": 0, "percent_statements_covered": 100.0, "percent_statements_covered_display": "100", "num_branches": 2, "num_partial_branches": 0, "covered_branches": 2, "missing_branches": 0, "percent_branches_covered": 100.0, "percent_branches_covered_display": "100"}, "missing_lines": [], "excluded_lines": [], "start_line": 540, "executed_branches": [[559, 560], [559, 585]], "missing_branches": []}, "ComputeCollision.calculate_SN_en_collision_frequency": {"executed_lines": [594, 596, 597, 599, 600, 603, 606, 607, 611, 618], "summary": {"covered_lines": 10, "num_statements": 10, "percent_covered": 100.0, "percent_covered_display": "100", "missing_lines": 0, "excluded_lines": 0, "percent_statements_covered": 100.0, "percent_statements_covered_display": "100", "num_branches": 0, "num_partial_branches": 0, "covered_branches": 0, "missing_branches": 0, "percent_branches_covered": 100.0, "percent_branches_covered_display": "100"}, "missing_lines": [], "excluded_lines": [], "start_line": 590, "executed_branches": [], "missing_branches": []}, "ComputeCollision.atmospheric_collision_frequency": {"executed_lines": [], "summary": {"covered_lines": 0, "num_statements": 3, "percent_covered": 0.0, "percent_covered_display": "0", "missing_lines": 3, "excluded_lines": 0, "percent_statements_covered": 0.0, "percent_statements_covered_display": "0", "num_branches": 0, "num_partial_branches": 0, "covered_branches": 0, "missing_branches": 0, "percent_branches_covered": 100.0, "percent_branches_covered_display": "100"}, "missing_lines": [625, 626, 627], "excluded_lines": [], "start_line": 621, "executed_branches": [], "missing_branches": []}, "": {"executed_lines": [1, 2, 3, 4, 5, 7, 8, 11, 12, 13, 14, 15, 16, 17, 18, 21, 22, 23, 24, 25, 28, 29, 30, 31, 32, 35, 36, 37, 38, 39, 40, 43, 76, 123, 136, 161, 248, 262, 270, 293, 364, 375, 384, 432, 433, 477, 478, 522, 534, 540, 590, 620, 621], "summary": {"covered_lines": 53, "num_statements": 53, "percent_covered": 100.0, "percent_covered_display": "100", "missing_lines": 0, "excluded_lines": 0, "percent_statements_covered": 100.0, "percent_statements_covered_display": "100", "num_branches": 0, "num_partial_branches": 0, "covered_branches": 0, "missing_branches": 0, "percent_branches_covered": 100.0, "percent_branches_covered_display": "100"}, "missing_lines": [], "excluded_lines": [], "start_line": 1, "executed_branches": [], "missing_branches": []}}, "classes": {"Collision_en": {"executed_lines": [], "summary": {"covered_lines": 0, "num_statements": 0, "percent_covered": 100.0, "percent_covered_display": "100", "missing_lines": 0, "excluded_lines": 0, "percent_statements_covered": 100.0, "percent_statements_covered_display": "100", "num_branches": 0, "num_partial_branches": 0, "covered_branches": 0, "missing_branches": 0, "percent_branches_covered": 100.0, "percent_branches_covered_display": "100"}, "missing_lines": [], "excluded_lines": [], "start_line": 12, "executed_branches": [], "missing_branches": []}, "Collision_ei": {"executed_lines": [], "summary": {"covered_lines": 0, "num_statements": 0, "percent_covered": 100.0, "percent_covered_display": "100", "missing_lines": 0, "excluded_lines": 0, "percent_statements_covered": 100.0, "percent_statements_covered_display": "100", "num_branches": 0, "num_partial_branches": 0, "covered_branches": 0, "missing_branches": 0, "percent_branches_covered": 100.0, "percent_branches_covered_display": "100"}, "missing_lines": [], "excluded_lines": [], "start_line": 22, "executed_branches": [], "missing_branches": []}, "Collision_SN": {"executed_lines": [], "summary": {"covered_lines": 0, "num_statements": 0, "percent_covered": 100.0, "percent_covered_display": "100", "missing_lines": 0, "excluded_lines": 0, "percent_statements_covered": 100.0, "percent_statements_covered_display": "100", "num_branches": 0, "num_partial_branches": 0, "covered_branches": 0, "missing_branches": 0, "percent_branches_covered": 100.0, "percent_branches_covered_display": "100"}, "missing_lines": [], "excluded_lines": [], "start_line": 29, "executed_branches": [], "missing_branches": []}, "Collision": {"executed_lines": [], "summary": {"covered_lines": 0, "num_statements": 0, "percent_covered": 100.0, "percent_covered_display": "100", "missing_lines": 0, "excluded_lines": 0, "percent_statements_covered": 100.0, "percent_statements_covered_display": "100", "num_branches": 0, "num_partial_branches": 0, "covered_branches": 0, "missing_branches": 0, "percent_branches_covered": 100.0, "percent_branches_covered_display": "100"}, "missing_lines": [], "excluded_lines": [], "start_line": 36, "executed_branches": [], "missing_branches": []}, "NRLMSISE2D": {"executed_lines": [], "summary": {"covered_lines": 0, "num_statements": 56, "percent_covered": 0.0, "percent_covered_display": "0", "missing_lines": 56, "excluded_lines": 0, "percent_statements_covered": 0.0, "percent_statements_covered_display": "0", "num_branches": 16, "num_partial_branches": 0, "covered_branches": 0, "missing_branches": 16, "percent_branches_covered": 0.0, "percent_branches_covered_display": "0"}, "missing_lines": [146, 147, 148, 149, 150, 151, 152, 153, 154, 155, 156, 157, 158, 159, 162, 163, 164, 165, 170, 171, 172, 174, 175, 176, 177, 179, 180, 181, 191, 195, 196, 197, 198, 199, 204, 207, 208, 209, 210, 211, 212, 214, 215, 216, 220, 221, 237, 238, 239, 240, 241, 242, 243, 245, 246, 252], "excluded_lines": [], "start_line": 123, "executed_branches": [], "missing_branches": [[153, 154], [153, 155], [155, 156], [155, 157], [157, 158], [157, 159], [170, 171], [170, 179], [195, 196], [195, 214], [196, 197], [196, 245], [198, 199], [198, 204], [237, 238], [237, 245]]}, "NRLMSISE3D": {"executed_lines": [], "summary": {"covered_lines": 0, "num_statements": 44, "percent_covered": 0.0, "percent_covered_display": "0", "missing_lines": 44, "excluded_lines": 0, "percent_statements_covered": 0.0, "percent_statements_covered_display": "0", "num_branches": 10, "num_partial_branches": 0, "covered_branches": 0, "missing_branches": 10, "percent_branches_covered": 0.0, "percent_branches_covered_display": "0"}, "missing_lines": [280, 281, 282, 283, 284, 285, 286, 287, 288, 289, 290, 291, 294, 295, 296, 297, 302, 303, 304, 306, 307, 308, 309, 311, 312, 313, 314, 319, 321, 322, 323, 325, 333, 334, 336, 337, 338, 342, 343, 359, 360, 361, 362, 365], "excluded_lines": [], "start_line": 262, "executed_branches": [], "missing_branches": [[287, 288], [287, 289], [289, 290], [289, 291], [302, 303], [302, 311], [311, 312], [311, 336], [313, 314], [313, 319]]}, "ComputeCollision": {"executed_lines": [399, 400, 401, 403, 404, 405, 407, 408, 409, 410, 411, 413, 414, 415, 416, 418, 419, 425, 426, 427, 428, 429, 430, 453, 462, 498, 507, 526, 529, 530, 531, 532, 544, 546, 547, 548, 549, 550, 552, 553, 554, 557, 559, 560, 561, 563, 564, 566, 567, 569, 570, 573, 575, 583, 585, 588, 594, 596, 597, 599, 600, 603, 606, 607, 611, 618], "summary": {"covered_lines": 66, "num_statements": 70, "percent_covered": 93.24324324324324, "percent_covered_display": "93", "missing_lines": 4, "excluded_lines": 0, "percent_statements_covered": 94.28571428571429, "percent_statements_covered_display": "94", "num_branches": 4, "num_partial_branches": 1, "covered_branches": 3, "missing_branches": 1, "percent_branches_covered": 75.0, "percent_branches_covered_display": "75"}, "missing_lines": [538, 625, 626, 627], "excluded_lines": [], "start_line": 375, "executed_branches": [[415, 416], [559, 560], [559, 585]], "missing_branches": [[415, 418]]}, "": {"executed_lines": [1, 2, 3, 4, 5, 7, 8, 11, 12, 13, 14, 15, 16, 17, 18, 21, 22, 23, 24, 25, 28, 29, 30, 31, 32, 35, 36, 37, 38, 39, 40, 43, 76, 123, 136, 161, 248, 262, 270, 293, 364, 375, 384, 432, 433, 477, 478, 522, 534, 540, 590, 620, 621], "summary": {"covered_lines": 53, "num_statements": 83, "percent_covered": 59.550561797752806, "percent_covered_display": "60", "missing_lines": 30, "excluded_lines": 0, "percent_statements_covered": 63.855421686746986, "percent_statements_covered_display": "64", "num_branches": 6, "num_partial_branches": 0, "covered_branches": 0, "missing_branches": 6, "percent_branches_covered": 0.0, "percent_branches_covered_display": "0"}, "missing_lines": [48, 49, 51, 52, 53, 58, 60, 61, 62, 64, 72, 73, 81, 89, 91, 92, 93, 103, 104, 105, 106, 111, 112, 113, 114, 115, 116, 117, 119, 120], "excluded_lines": [], "start_line": 1, "executed_branches": [], "missing_branches": [[52, 53], [52, 58], [103, 104], [103, 119], [105, 106], [105, 111]]}}}, "trace/density/__init__.py": {"executed_lines": [6, 8, 10, 12, 23], "summary": {"covered_lines": 5, "num_statements": 15, "percent_covered": 29.41176470588235, "percent_covered_display": "29", "missing_lines": 10, "excluded_lines": 0, "percent_statements_covered": 33.333333333333336, "percent_statements_covered_display": "33", "num_branches": 2, "num_partial_branches": 0, "covered_branches": 0, "missing_branches": 2, "percent_branches_covered": 0.0, "percent_branches_covered_display": "0"}, "missing_lines": [24, 33, 34, 35, 36, 37, 38, 39, 40, 44], "excluded_lines": [], "executed_branches": [], "missing_branches": [[33, 34], [33, 35]], "functions": {"__getattr__": {"executed_lines": [], "summary": {"covered_lines": 0, "num_statements": 10, "percent_covered": 0.0, "percent_covered_display": "0", "missing_lines": 10, "excluded_lines": 0, "percent_statements_covered": 0.0, "percent_statements_covered_display": "0", "num_branches": 2, "num_partial_branches": 0, "covered_branches": 0, "missing_branches": 2, "percent_branches_covered": 0.0, "percent_branches_covered_display": "0"}, "missing_lines": [24, 33, 34, 35, 36, 37, 38, 39, 40, 44], "excluded_lines": [], "start_line": 23, "executed_branches": [], "missing_branches": [[33, 34], [33, 35]]}, "": {"executed_lines": [6, 8, 10, 12, 23], "summary": {"covered_lines": 5, "num_statements": 5, "percent_covered": 100.0, "percent_covered_display": "100", "missing_lines": 0, "excluded_lines": 0, "percent_statements_covered": 100.0, "percent_statements_covered_display": "100", "num_branches": 0, "num_partial_branches": 0, "covered_branches": 0, "missing_branches": 0, "percent_branches_covered": 100.0, "percent_branches_covered_display": "100"}, "missing_lines": [], "excluded_lines": [], "start_line": 1, "executed_branches": [], "missing_branches": []}}, "classes": {"": {"executed_lines": [6, 8, 10, 12, 23], "summary": {"covered_lines": 5, "num_statements": 15, "percent_covered": 29.41176470588235, "percent_covered_display": "29", "missing_lines": 10, "excluded_lines": 0, "percent_statements_covered": 33.333333333333336, "percent_statements_covered_display": "33", "num_branches": 2, "num_partial_branches": 0, "covered_branches": 0, "missing_branches": 2, "percent_branches_covered": 0.0, "percent_branches_covered_display": "0"}, "missing_lines": [24, 33, 34, 35, 36, 37, 38, 39, 40, 44], "excluded_lines": [], "start_line": 1, "executed_branches": [], "missing_branches": [[33, 34], [33, 35]]}}}, "trace/density/gemini.py": {"executed_lines": [1, 2, 3, 4, 5, 7, 8, 9, 10, 11, 14, 15, 20, 21, 22, 23, 24, 26, 41, 55, 62, 108, 132, 147, 148, 149, 150, 151, 152, 153, 155, 156, 158, 159, 162, 164, 165, 170, 171, 172, 174, 175, 177, 179], "summary": {"covered_lines": 44, "num_statements": 101, "percent_covered": 39.02439024390244, "percent_covered_display": "39", "missing_lines": 57, "excluded_lines": 0, "percent_statements_covered": 43.56435643564357, "percent_statements_covered_display": "44", "num_branches": 22, "num_partial_branches": 2, "covered_branches": 4, "missing_branches": 18, "percent_branches_covered": 18.181818181818183, "percent_branches_covered_display": "18"}, "missing_lines": [30, 31, 32, 33, 34, 35, 36, 37, 38, 39, 45, 46, 47, 48, 49, 50, 51, 52, 53, 56, 57, 58, 59, 60, 73, 74, 75, 76, 77, 78, 79, 80, 86, 87, 88, 89, 100, 101, 102, 103, 104, 105, 106, 109, 115, 116, 117, 118, 119, 130, 166, 167, 168, 176, 180, 181, 182], "excluded_lines": [], "executed_branches": [[165, 170], [171, 172], [171, 174], [175, 177]], "missing_branches": [[34, 35], [34, 39], [79, 80], [79, 100], [87, 79], [87, 88], [101, 102], [101, 104], [102, 103], [102, 104], [104, 105], [104, 106], [117, 118], [117, 130], [165, 166], [166, 167], [166, 174], [175, 176]], "functions": {"GEMINI2d.__init__": {"executed_lines": [20, 21, 22, 23, 24], "summary": {"covered_lines": 5, "num_statements": 5, "percent_covered": 100.0, "percent_covered_display": "100", "missing_lines": 0, "excluded_lines": 0, "percent_statements_covered": 100.0, "percent_statements_covered_display": "100", "num_branches": 0, "num_partial_branches": 0, "covered_branches": 0, "missing_branches": 0, "percent_branches_covered": 100.0, "percent_branches_covered_display": "100"}, "missing_lines": [], "excluded_lines": [], "start_line": 15, "executed_branches": [], "missing_branches": []}, "GEMINI2d.search_mat_files": {"executed_lines": [], "summary": {"covered_lines": 0, "num_statements": 10, "percent_covered": 0.0, "percent_covered_display": "0", "missing_lines": 10, "excluded_lines": 0, "percent_statements_covered": 0.0, "percent_statements_covered_display": "0", "num_branches": 2, "num_partial_branches": 0, "covered_branches": 0, "missing_branches": 2, "percent_branches_covered": 0.0, "percent_branches_covered_display": "0"}, "missing_lines": [30, 31, 32, 33, 34, 35, 36, 37, 38, 39], "excluded_lines": [], "start_line": 26, "executed_branches": [], "missing_branches": [[34, 35], [34, 39]]}, "GEMINI2d.load_grid": {"executed_lines": [], "summary": {"covered_lines": 0, "num_statements": 9, "percent_covered": 0.0, "percent_covered_display": "0", "missing_lines": 9, "excluded_lines": 0, "percent_statements_covered": 0.0, "percent_statements_covered_display": "0", "num_branches": 0, "num_partial_branches": 0, "covered_branches": 0, "missing_branches": 0, "percent_branches_covered": 100.0, "percent_branches_covered_display": "100"}, "missing_lines": [45, 46, 47, 48, 49, 50, 51, 52, 53], "excluded_lines": [], "start_line": 41, "executed_branches": [], "missing_branches": []}, "GEMINI2d.load_data": {"executed_lines": [], "summary": {"covered_lines": 0, "num_statements": 5, "percent_covered": 0.0, "percent_covered_display": "0", "missing_lines": 5, "excluded_lines": 0, "percent_statements_covered": 0.0, "percent_statements_covered_display": "0", "num_branches": 0, "num_partial_branches": 0, "covered_branches": 0, "missing_branches": 0, "percent_branches_covered": 100.0, "percent_branches_covered_display": "100"}, "missing_lines": [56, 57, 58, 59, 60], "excluded_lines": [], "start_line": 55, "executed_branches": [], "missing_branches": []}, "GEMINI2d.fetch_dataset": {"executed_lines": [], "summary": {"covered_lines": 0, "num_statements": 19, "percent_covered": 0.0, "percent_covered_display": "0", "missing_lines": 19, "excluded_lines": 0, "percent_statements_covered": 0.0, "percent_statements_covered_display": "0", "num_branches": 10, "num_partial_branches": 0, "covered_branches": 0, "missing_branches": 10, "percent_branches_covered": 0.0, "percent_branches_covered_display": "0"}, "missing_lines": [73, 74, 75, 76, 77, 78, 79, 80, 86, 87, 88, 89, 100, 101, 102, 103, 104, 105, 106], "excluded_lines": [], "start_line": 62, "executed_branches": [], "missing_branches": [[79, 80], [79, 100], [87, 79], [87, 88], [101, 102], [101, 104], [102, 103], [102, 104], [104, 105], [104, 106]]}, "GEMINI2d._fetch_profile_from_df": {"executed_lines": [], "summary": {"covered_lines": 0, "num_statements": 7, "percent_covered": 0.0, "percent_covered_display": "0", "missing_lines": 7, "excluded_lines": 0, "percent_statements_covered": 0.0, "percent_statements_covered_display": "0", "num_branches": 2, "num_partial_branches": 0, "covered_branches": 0, "missing_branches": 2, "percent_branches_covered": 0.0, "percent_branches_covered_display": "0"}, "missing_lines": [109, 115, 116, 117, 118, 119, 130], "excluded_lines": [], "start_line": 108, "executed_branches": [], "missing_branches": [[117, 118], [117, 130]]}, "GEMINI2d.fetch_dataset_3d": {"executed_lines": [147, 148, 149, 150, 151, 152, 153, 155, 156, 158, 164, 165, 170, 171, 172, 174, 175, 177], "summary": {"covered_lines": 18, "num_statements": 22, "percent_covered": 73.33333333333333, "percent_covered_display": "73", "missing_lines": 4, "excluded_lines": 0, "percent_statements_covered": 81.81818181818181, "percent_statements_covered_display": "82", "num_branches": 8, "num_partial_branches": 2, "covered_branches": 4, "missing_branches": 4, "percent_branches_covered": 50.0, "percent_branches_covered_display": "50"}, "missing_lines": [166, 167, 168, 176], "excluded_lines": [], "start_line": 132, "executed_branches": [[165, 170], [171, 172], [171, 174], [175, 177]], "missing_branches": [[165, 166], [166, 167], [166, 174], [175, 176]]}, "GEMINI2d.fetch_dataset_3d._job": {"executed_lines": [159, 162], "summary": {"covered_lines": 2, "num_statements": 2, "percent_covered": 100.0, "percent_covered_display": "100", "missing_lines": 0, "excluded_lines": 0, "percent_statements_covered": 100.0, "percent_statements_covered_display": "100", "num_branches": 0, "num_partial_branches": 0, "covered_branches": 0, "missing_branches": 0, "percent_branches_covered": 100.0, "percent_branches_covered_display": "100"}, "missing_lines": [], "excluded_lines": [], "start_line": 158, "executed_branches": [], "missing_branches": []}, "GEMINI2d.load_from_file": {"executed_lines": [], "summary": {"covered_lines": 0, "num_statements": 3, "percent_covered": 0.0, "percent_covered_display": "0", "missing_lines": 3, "excluded_lines": 0, "percent_statements_covered": 0.0, "percent_statements_covered_display": "0", "num_branches": 0, "num_partial_branches": 0, "covered_branches": 0, "missing_branches": 0, "percent_branches_covered": 100.0, "percent_branches_covered_display": "100"}, "missing_lines": [180, 181, 182], "excluded_lines": [], "start_line": 179, "executed_branches": [], "missing_branches": []}, "": {"executed_lines": [1, 2, 3, 4, 5, 7, 8, 9, 10, 11, 14, 15, 26, 41, 55, 62, 108, 132, 179], "summary": {"covered_lines": 19, "num_statements": 19, "percent_covered": 100.0, "percent_covered_display": "100", "missing_lines": 0, "excluded_lines": 0, "percent_statements_covered": 100.0, "percent_statements_covered_display": "100", "num_branches": 0, "num_partial_branches": 0, "covered_branches": 0, "missing_branches": 0, "percent_branches_covered": 100.0, "percent_branches_covered_display": "100"}, "missing_lines": [], "excluded_lines": [], "start_line": 1, "executed_branches": [], "missing_branches": []}}, "classes": {"GEMINI2d": {"executed_lines": [20, 21, 22, 23, 24, 147, 148, 149, 150, 151, 152, 153, 155, 156, 158, 159, 162, 164, 165, 170, 171, 172, 174, 175, 177], "summary": {"covered_lines": 25, "num_statements": 82, "percent_covered": 27.884615384615383, "percent_covered_display": "28", "missing_lines": 57, "excluded_lines": 0, "percent_statements_covered": 30.48780487804878, "percent_statements_covered_display": "30", "num_branches": 22, "num_partial_branches": 2, "covered_branches": 4, "missing_branches": 18, "percent_branches_covered": 18.181818181818183, "percent_branches_covered_display": "18"}, "missing_lines": [30, 31, 32, 33, 34, 35, 36, 37, 38, 39, 45, 46, 47, 48, 49, 50, 51, 52, 53, 56, 57, 58, 59, 60, 73, 74, 75, 76, 77, 78, 79, 80, 86, 87, 88, 89, 100, 101, 102, 103, 104, 105, 106, 109, 115, 116, 117, 118, 119, 130, 166, 167, 168, 176, 180, 181, 182], "excluded_lines": [], "start_line": 14, "executed_branches": [[165, 170], [171, 172], [171, 174], [175, 177]], "missing_branches": [[34, 35], [34, 39], [79, 80], [79, 100], [87, 79], [87, 88], [101, 102], [101, 104], [102, 103], [102, 104], [104, 105], [104, 106], [117, 118], [117, 130], [165, 166], [166, 167], [166, 174], [175, 176]]}, "": {"executed_lines": [1, 2, 3, 4, 5, 7, 8, 9, 10, 11, 14, 15, 26, 41, 55, 62, 108, 132, 179], "summary": {"covered_lines": 19, "num_statements": 19, "percent_covered": 100.0, "percent_covered_display": "100", "missing_lines": 0, "excluded_lines": 0, "percent_statements_covered": 100.0, "percent_statements_covered_display": "100", "num_branches": 0, "num_partial_branches": 0, "covered_branches": 0, "missing_branches": 0, "percent_branches_covered": 100.0, "percent_branches_covered_display": "100"}, "missing_lines": [], "excluded_lines": [], "start_line": 1, "executed_branches": [], "missing_branches": []}}}, "trace/density/gitm.py": {"executed_lines": [1, 2, 3, 4, 6, 7, 8, 9, 12, 13, 26, 76, 85, 86, 87, 88, 89, 90, 91, 93, 94, 95, 96, 97, 98, 104, 105, 106, 107, 109, 111, 112, 113, 114, 115, 116, 122, 123, 124, 126, 139, 140, 141, 142, 143, 144, 145, 146, 148, 149, 151, 152, 153, 155, 156, 161, 162, 163, 165, 166, 168, 170], "summary": {"covered_lines": 62, "num_statements": 86, "percent_covered": 70.40816326530613, "percent_covered_display": "70", "missing_lines": 24, "excluded_lines": 0, "percent_statements_covered": 72.09302325581395, "percent_statements_covered_display": "72", "num_branches": 12, "num_partial_branches": 3, "covered_branches": 7, "missing_branches": 5, "percent_branches_covered": 58.333333333333336, "percent_branches_covered_display": "58"}, "missing_lines": [18, 19, 22, 23, 24, 30, 31, 45, 46, 47, 48, 58, 71, 72, 73, 74, 108, 157, 158, 159, 167, 171, 172, 173], "excluded_lines": [], "executed_branches": [[93, 94], [93, 106], [107, 109], [156, 161], [162, 163], [162, 165], [166, 168]], "missing_branches": [[107, 108], [156, 157], [157, 158], [157, 165], [166, 167]], "functions": {"GITM2d.__init__": {"executed_lines": [], "summary": {"covered_lines": 0, "num_statements": 5, "percent_covered": 0.0, "percent_covered_display": "0", "missing_lines": 5, "excluded_lines": 0, "percent_statements_covered": 0.0, "percent_statements_covered_display": "0", "num_branches": 0, "num_partial_branches": 0, "covered_branches": 0, "missing_branches": 0, "percent_branches_covered": 100.0, "percent_branches_covered_display": "100"}, "missing_lines": [18, 19, 22, 23, 24], "excluded_lines": [], "start_line": 13, "executed_branches": [], "missing_branches": []}, "GITM2d.load_nc_dataset": {"executed_lines": [], "summary": {"covered_lines": 0, "num_statements": 11, "percent_covered": 0.0, "percent_covered_display": "0", "missing_lines": 11, "excluded_lines": 0, "percent_statements_covered": 0.0, "percent_statements_covered_display": "0", "num_branches": 0, "num_partial_branches": 0, "covered_branches": 0, "missing_branches": 0, "percent_branches_covered": 100.0, "percent_branches_covered_display": "100"}, "missing_lines": [30, 31, 45, 46, 47, 48, 58, 71, 72, 73, 74], "excluded_lines": [], "start_line": 26, "executed_branches": [], "missing_branches": []}, "GITM2d.fetch_dataset": {"executed_lines": [85, 86, 87, 88, 89, 90, 91, 93, 94, 95, 96, 97, 98, 104, 105, 106, 107, 109], "summary": {"covered_lines": 18, "num_statements": 19, "percent_covered": 91.30434782608695, "percent_covered_display": "91", "missing_lines": 1, "excluded_lines": 0, "percent_statements_covered": 94.73684210526316, "percent_statements_covered_display": "95", "num_branches": 4, "num_partial_branches": 1, "covered_branches": 3, "missing_branches": 1, "percent_branches_covered": 75.0, "percent_branches_covered_display": "75"}, "missing_lines": [108], "excluded_lines": [], "start_line": 76, "executed_branches": [[93, 94], [93, 106], [107, 109]], "missing_branches": [[107, 108]]}, "GITM2d._fetch_profile_1d": {"executed_lines": [112, 113, 114, 115, 116, 122, 123, 124], "summary": {"covered_lines": 8, "num_statements": 8, "percent_covered": 100.0, "percent_covered_display": "100", "missing_lines": 0, "excluded_lines": 0, "percent_statements_covered": 100.0, "percent_statements_covered_display": "100", "num_branches": 0, "num_partial_branches": 0, "covered_branches": 0, "missing_branches": 0, "percent_branches_covered": 100.0, "percent_branches_covered_display": "100"}, "missing_lines": [], "excluded_lines": [], "start_line": 111, "executed_branches": [], "missing_branches": []}, "GITM2d.fetch_dataset_3d": {"executed_lines": [139, 140, 141, 142, 143, 144, 145, 146, 148, 149, 151, 155, 156, 161, 162, 163, 165, 166, 168], "summary": {"covered_lines": 19, "num_statements": 23, "percent_covered": 74.19354838709677, "percent_covered_display": "74", "missing_lines": 4, "excluded_lines": 0, "percent_statements_covered": 82.6086956521739, "percent_statements_covered_display": "83", "num_branches": 8, "num_partial_branches": 2, "covered_branches": 4, "missing_branches": 4, "percent_branches_covered": 50.0, "percent_branches_covered_display": "50"}, "missing_lines": [157, 158, 159, 167], "excluded_lines": [], "start_line": 126, "executed_branches": [[156, 161], [162, 163], [162, 165], [166, 168]], "missing_branches": [[156, 157], [157, 158], [157, 165], [166, 167]]}, "GITM2d.fetch_dataset_3d._job": {"executed_lines": [152, 153], "summary": {"covered_lines": 2, "num_statements": 2, "percent_covered": 100.0, "percent_covered_display": "100", "missing_lines": 0, "excluded_lines": 0, "percent_statements_covered": 100.0, "percent_statements_covered_display": "100", "num_branches": 0, "num_partial_branches": 0, "covered_branches": 0, "missing_branches": 0, "percent_branches_covered": 100.0, "percent_branches_covered_display": "100"}, "missing_lines": [], "excluded_lines": [], "start_line": 151, "executed_branches": [], "missing_branches": []}, "GITM2d.load_from_file": {"executed_lines": [], "summary": {"covered_lines": 0, "num_statements": 3, "percent_covered": 0.0, "percent_covered_display": "0", "missing_lines": 3, "excluded_lines": 0, "percent_statements_covered": 0.0, "percent_statements_covered_display": "0", "num_branches": 0, "num_partial_branches": 0, "covered_branches": 0, "missing_branches": 0, "percent_branches_covered": 100.0, "percent_branches_covered_display": "100"}, "missing_lines": [171, 172, 173], "excluded_lines": [], "start_line": 170, "executed_branches": [], "missing_branches": []}, "": {"executed_lines": [1, 2, 3, 4, 6, 7, 8, 9, 12, 13, 26, 76, 111, 126, 170], "summary": {"covered_lines": 15, "num_statements": 15, "percent_covered": 100.0, "percent_covered_display": "100", "missing_lines": 0, "excluded_lines": 0, "percent_statements_covered": 100.0, "percent_statements_covered_display": "100", "num_branches": 0, "num_partial_branches": 0, "covered_branches": 0, "missing_branches": 0, "percent_branches_covered": 100.0, "percent_branches_covered_display": "100"}, "missing_lines": [], "excluded_lines": [], "start_line": 1, "executed_branches": [], "missing_branches": []}}, "classes": {"GITM2d": {"executed_lines": [85, 86, 87, 88, 89, 90, 91, 93, 94, 95, 96, 97, 98, 104, 105, 106, 107, 109, 112, 113, 114, 115, 116, 122, 123, 124, 139, 140, 141, 142, 143, 144, 145, 146, 148, 149, 151, 152, 153, 155, 156, 161, 162, 163, 165, 166, 168], "summary": {"covered_lines": 47, "num_statements": 71, "percent_covered": 65.06024096385542, "percent_covered_display": "65", "missing_lines": 24, "excluded_lines": 0, "percent_statements_covered": 66.19718309859155, "percent_statements_covered_display": "66", "num_branches": 12, "num_partial_branches": 3, "covered_branches": 7, "missing_branches": 5, "percent_branches_covered": 58.333333333333336, "percent_branches_covered_display": "58"}, "missing_lines": [18, 19, 22, 23, 24, 30, 31, 45, 46, 47, 48, 58, 71, 72, 73, 74, 108, 157, 158, 159, 167, 171, 172, 173], "excluded_lines": [], "start_line": 12, "executed_branches": [[93, 94], [93, 106], [107, 109], [156, 161], [162, 163], [162, 165], [166, 168]], "missing_branches": [[107, 108], [156, 157], [157, 158], [157, 165], [166, 167]]}, "": {"executed_lines": [1, 2, 3, 4, 6, 7, 8, 9, 12, 13, 26, 76, 111, 126, 170], "summary": {"covered_lines": 15, "num_statements": 15, "percent_covered": 100.0, "percent_covered_display": "100", "missing_lines": 0, "excluded_lines": 0, "percent_statements_covered": 100.0, "percent_statements_covered_display": "100", "num_branches": 0, "num_partial_branches": 0, "covered_branches": 0, "missing_branches": 0, "percent_branches_covered": 100.0, "percent_branches_covered_display": "100"}, "missing_lines": [], "excluded_lines": [], "start_line": 1, "executed_branches": [], "missing_branches": []}}}, "trace/density/iri.py": {"executed_lines": [1, 3, 4, 5, 8, 11, 12, 14, 33, 34, 39, 42, 43, 44, 46, 47, 48, 49, 50, 52, 53, 54, 55, 64, 79, 80, 81, 86, 87, 88, 89, 91, 92, 94, 108, 109, 110, 112, 116, 117, 118, 132, 133, 134, 139, 140, 143, 157, 158, 159, 160, 170, 173, 174, 175, 176, 177, 178, 179, 180, 181, 182, 184, 193, 194, 195, 196, 197, 199, 201, 203, 204, 208, 218, 220, 222, 223, 224, 225, 228, 233, 234, 235, 236, 237, 238, 239, 240, 241, 243, 252, 253, 254, 255, 257, 259, 261, 262, 267, 268, 269, 270, 280, 286, 288], "summary": {"covered_lines": 105, "num_statements": 138, "percent_covered": 69.89247311827957, "percent_covered_display": "70", "missing_lines": 33, "excluded_lines": 0, "percent_statements_covered": 76.08695652173913, "percent_statements_covered_display": "76", "num_branches": 48, "num_partial_branches": 15, "covered_branches": 25, "missing_branches": 23, "percent_branches_covered": 52.083333333333336, "percent_branches_covered_display": "52"}, "missing_lines": [15, 19, 20, 21, 22, 23, 24, 25, 26, 27, 29, 30, 31, 35, 36, 45, 51, 56, 57, 58, 59, 60, 61, 90, 135, 138, 198, 200, 202, 219, 258, 260, 287], "excluded_lines": [], "executed_branches": [[14, 33], [44, 46], [47, 48], [47, 53], [48, 49], [48, 50], [50, 52], [53, 54], [54, 55], [89, 91], [109, 110], [109, 112], [117, 118], [117, 140], [134, 139], [197, 199], [199, 201], [201, 203], [203, 204], [203, 208], [218, 220], [257, 259], [259, 261], [261, 262], [286, 288]], "missing_branches": [[14, 15], [24, 25], [24, 27], [25, 24], [25, 26], [44, 45], [50, 51], [53, 59], [54, 56], [56, 57], [56, 58], [59, 60], [59, 61], [89, 90], [134, 135], [197, 198], [199, 200], [201, 202], [218, 219], [257, 258], [259, 260], [261, 267], [286, 287]], "functions": {"_import_pyiri_sh": {"executed_lines": [11, 12, 14, 33, 34, 39], "summary": {"covered_lines": 6, "num_statements": 13, "percent_covered": 46.666666666666664, "percent_covered_display": "47", "missing_lines": 7, "excluded_lines": 0, "percent_statements_covered": 46.15384615384615, "percent_statements_covered_display": "46", "num_branches": 2, "num_partial_branches": 1, "covered_branches": 1, "missing_branches": 1, "percent_branches_covered": 50.0, "percent_branches_covered_display": "50"}, "missing_lines": [15, 19, 29, 30, 31, 35, 36], "excluded_lines": [], "start_line": 8, "executed_branches": [[14, 33]], "missing_branches": [[14, 15]]}, "_import_pyiri_sh._assoc_legendre_p": {"executed_lines": [], "summary": {"covered_lines": 0, "num_statements": 8, "percent_covered": 0.0, "percent_covered_display": "0", "missing_lines": 8, "excluded_lines": 0, "percent_statements_covered": 0.0, "percent_statements_covered_display": "0", "num_branches": 4, "num_partial_branches": 0, "covered_branches": 0, "missing_branches": 4, "percent_branches_covered": 0.0, "percent_branches_covered_display": "0"}, "missing_lines": [20, 21, 22, 23, 24, 25, 26, 27], "excluded_lines": [], "start_line": 19, "executed_branches": [], "missing_branches": [[24, 25], [24, 27], [25, 24], [25, 26]]}, "_dens_to_points_by_alt": {"executed_lines": [43, 44, 46, 47, 48, 49, 50, 52, 53, 54, 55], "summary": {"covered_lines": 11, "num_statements": 19, "percent_covered": 54.285714285714285, "percent_covered_display": "54", "missing_lines": 8, "excluded_lines": 0, "percent_statements_covered": 57.89473684210526, "percent_statements_covered_display": "58", "num_branches": 16, "num_partial_branches": 4, "covered_branches": 8, "missing_branches": 8, "percent_branches_covered": 50.0, "percent_branches_covered_display": "50"}, "missing_lines": [45, 51, 56, 57, 58, 59, 60, 61], "excluded_lines": [], "start_line": 42, "executed_branches": [[44, 46], [47, 48], [47, 53], [48, 49], [48, 50], [50, 52], [53, 54], [54, 55]], "missing_branches": [[44, 45], [50, 51], [53, 59], [54, 56], [56, 57], [56, 58], [59, 60], [59, 61]]}, "_pyiri_profiles_vectorized": {"executed_lines": [79, 80, 81, 86, 87, 88, 89, 91, 92, 94, 108, 109, 110, 112, 116, 117, 118, 132, 133, 134, 139, 140], "summary": {"covered_lines": 22, "num_statements": 25, "percent_covered": 84.84848484848484, "percent_covered_display": "85", "missing_lines": 3, "excluded_lines": 0, "percent_statements_covered": 88.0, "percent_statements_covered_display": "88", "num_branches": 8, "num_partial_branches": 2, "covered_branches": 6, "missing_branches": 2, "percent_branches_covered": 75.0, "percent_branches_covered_display": "75"}, "missing_lines": [90, 135, 138], "excluded_lines": [], "start_line": 64, "executed_branches": [[89, 91], [109, 110], [109, 112], [117, 118], [117, 140], [134, 139]], "missing_branches": [[89, 90], [134, 135]]}, "_iri_profiles_points_chunked": {"executed_lines": [157, 158, 159, 160, 170], "summary": {"covered_lines": 5, "num_statements": 5, "percent_covered": 100.0, "percent_covered_display": "100", "missing_lines": 0, "excluded_lines": 0, "percent_statements_covered": 100.0, "percent_statements_covered_display": "100", "num_branches": 0, "num_partial_branches": 0, "covered_branches": 0, "missing_branches": 0, "percent_branches_covered": 100.0, "percent_branches_covered_display": "100"}, "missing_lines": [], "excluded_lines": [], "start_line": 143, "executed_branches": [], "missing_branches": []}, "IRI2d.__init__": {"executed_lines": [175, 176, 177, 178, 179, 180, 181, 182], "summary": {"covered_lines": 8, "num_statements": 8, "percent_covered": 100.0, "percent_covered_display": "100", "missing_lines": 0, "excluded_lines": 0, "percent_statements_covered": 100.0, "percent_statements_covered_display": "100", "num_branches": 0, "num_partial_branches": 0, "covered_branches": 0, "missing_branches": 0, "percent_branches_covered": 100.0, "percent_branches_covered_display": "100"}, "missing_lines": [], "excluded_lines": [], "start_line": 174, "executed_branches": [], "missing_branches": []}, "IRI2d.fetch_dataset": {"executed_lines": [193, 194, 195, 196, 197, 199, 201, 203, 204, 208, 218, 220], "summary": {"covered_lines": 12, "num_statements": 16, "percent_covered": 69.23076923076923, "percent_covered_display": "69", "missing_lines": 4, "excluded_lines": 0, "percent_statements_covered": 75.0, "percent_statements_covered_display": "75", "num_branches": 10, "num_partial_branches": 4, "covered_branches": 6, "missing_branches": 4, "percent_branches_covered": 60.0, "percent_branches_covered_display": "60"}, "missing_lines": [198, 200, 202, 219], "excluded_lines": [], "start_line": 184, "executed_branches": [[197, 199], [199, 201], [201, 203], [203, 204], [203, 208], [218, 220]], "missing_branches": [[197, 198], [199, 200], [201, 202], [218, 219]]}, "IRI2d.load_from_file": {"executed_lines": [223, 224, 225], "summary": {"covered_lines": 3, "num_statements": 3, "percent_covered": 100.0, "percent_covered_display": "100", "missing_lines": 0, "excluded_lines": 0, "percent_statements_covered": 100.0, "percent_statements_covered_display": "100", "num_branches": 0, "num_partial_branches": 0, "covered_branches": 0, "missing_branches": 0, "percent_branches_covered": 100.0, "percent_branches_covered_display": "100"}, "missing_lines": [], "excluded_lines": [], "start_line": 222, "executed_branches": [], "missing_branches": []}, "IRI3d.__init__": {"executed_lines": [234, 235, 236, 237, 238, 239, 240, 241], "summary": {"covered_lines": 8, "num_statements": 8, "percent_covered": 100.0, "percent_covered_display": "100", "missing_lines": 0, "excluded_lines": 0, "percent_statements_covered": 100.0, "percent_statements_covered_display": "100", "num_branches": 0, "num_partial_branches": 0, "covered_branches": 0, "missing_branches": 0, "percent_branches_covered": 100.0, "percent_branches_covered_display": "100"}, "missing_lines": [], "excluded_lines": [], "start_line": 233, "executed_branches": [], "missing_branches": []}, "IRI3d.fetch_dataset": {"executed_lines": [252, 253, 254, 255, 257, 259, 261, 262, 267, 268, 269, 270, 280, 286, 288], "summary": {"covered_lines": 15, "num_statements": 18, "percent_covered": 73.07692307692308, "percent_covered_display": "73", "missing_lines": 3, "excluded_lines": 0, "percent_statements_covered": 83.33333333333333, "percent_statements_covered_display": "83", "num_branches": 8, "num_partial_branches": 4, "covered_branches": 4, "missing_branches": 4, "percent_branches_covered": 50.0, "percent_branches_covered_display": "50"}, "missing_lines": [258, 260, 287], "excluded_lines": [], "start_line": 243, "executed_branches": [[257, 259], [259, 261], [261, 262], [286, 288]], "missing_branches": [[257, 258], [259, 260], [261, 267], [286, 287]]}, "": {"executed_lines": [1, 3, 4, 5, 8, 42, 64, 143, 173, 174, 184, 222, 228, 233, 243], "summary": {"covered_lines": 15, "num_statements": 15, "percent_covered": 100.0, "percent_covered_display": "100", "missing_lines": 0, "excluded_lines": 0, "percent_statements_covered": 100.0, "percent_statements_covered_display": "100", "num_branches": 0, "num_partial_branches": 0, "covered_branches": 0, "missing_branches": 0, "percent_branches_covered": 100.0, "percent_branches_covered_display": "100"}, "missing_lines": [], "excluded_lines": [], "start_line": 1, "executed_branches": [], "missing_branches": []}}, "classes": {"IRI2d": {"executed_lines": [175, 176, 177, 178, 179, 180, 181, 182, 193, 194, 195, 196, 197, 199, 201, 203, 204, 208, 218, 220, 223, 224, 225], "summary": {"covered_lines": 23, "num_statements": 27, "percent_covered": 78.37837837837837, "percent_covered_display": "78", "missing_lines": 4, "excluded_lines": 0, "percent_statements_covered": 85.18518518518519, "percent_statements_covered_display": "85", "num_branches": 10, "num_partial_branches": 4, "covered_branches": 6, "missing_branches": 4, "percent_branches_covered": 60.0, "percent_branches_covered_display": "60"}, "missing_lines": [198, 200, 202, 219], "excluded_lines": [], "start_line": 173, "executed_branches": [[197, 199], [199, 201], [201, 203], [203, 204], [203, 208], [218, 220]], "missing_branches": [[197, 198], [199, 200], [201, 202], [218, 219]]}, "IRI3d": {"executed_lines": [234, 235, 236, 237, 238, 239, 240, 241, 252, 253, 254, 255, 257, 259, 261, 262, 267, 268, 269, 270, 280, 286, 288], "summary": {"covered_lines": 23, "num_statements": 26, "percent_covered": 79.41176470588235, "percent_covered_display": "79", "missing_lines": 3, "excluded_lines": 0, "percent_statements_covered": 88.46153846153847, "percent_statements_covered_display": "88", "num_branches": 8, "num_partial_branches": 4, "covered_branches": 4, "missing_branches": 4, "percent_branches_covered": 50.0, "percent_branches_covered_display": "50"}, "missing_lines": [258, 260, 287], "excluded_lines": [], "start_line": 228, "executed_branches": [[257, 259], [259, 261], [261, 262], [286, 288]], "missing_branches": [[257, 258], [259, 260], [261, 267], [286, 287]]}, "": {"executed_lines": [1, 3, 4, 5, 8, 11, 12, 14, 33, 34, 39, 42, 43, 44, 46, 47, 48, 49, 50, 52, 53, 54, 55, 64, 79, 80, 81, 86, 87, 88, 89, 91, 92, 94, 108, 109, 110, 112, 116, 117, 118, 132, 133, 134, 139, 140, 143, 157, 158, 159, 160, 170, 173, 174, 184, 222, 228, 233, 243], "summary": {"covered_lines": 59, "num_statements": 85, "percent_covered": 64.34782608695652, "percent_covered_display": "64", "missing_lines": 26, "excluded_lines": 0, "percent_statements_covered": 69.41176470588235, "percent_statements_covered_display": "69", "num_branches": 30, "num_partial_branches": 7, "covered_branches": 15, "missing_branches": 15, "percent_branches_covered": 50.0, "percent_branches_covered_display": "50"}, "missing_lines": [15, 19, 20, 21, 22, 23, 24, 25, 26, 27, 29, 30, 31, 35, 36, 45, 51, 56, 57, 58, 59, 60, 61, 90, 135, 138], "excluded_lines": [], "start_line": 1, "executed_branches": [[14, 33], [44, 46], [47, 48], [47, 53], [48, 49], [48, 50], [50, 52], [53, 54], [54, 55], [89, 91], [109, 110], [109, 112], [117, 118], [117, 140], [134, 139]], "missing_branches": [[14, 15], [24, 25], [24, 27], [25, 24], [25, 26], [44, 45], [50, 51], [53, 59], [54, 56], [56, 57], [56, 58], [59, 60], [59, 61], [89, 90], [134, 135]]}}}, "trace/density/sami.py": {"executed_lines": [1, 2, 3, 4, 6, 7, 8, 9, 10, 11, 14, 15, 33, 56, 64, 71, 72, 73, 76, 109, 116, 117, 118, 119, 120, 121, 122, 123, 124, 125, 126, 127, 130, 131, 133, 134, 135, 136, 137, 138, 139, 140, 141, 142, 145, 147, 148, 149, 150, 151, 152, 154, 155, 156, 158, 159, 164, 165, 166, 167, 169, 182, 183, 184, 194, 195, 197, 199], "summary": {"covered_lines": 68, "num_statements": 122, "percent_covered": 53.47222222222222, "percent_covered_display": "53", "missing_lines": 54, "excluded_lines": 0, "percent_statements_covered": 55.73770491803279, "percent_statements_covered_display": "56", "num_branches": 22, "num_partial_branches": 5, "covered_branches": 9, "missing_branches": 13, "percent_branches_covered": 40.90909090909091, "percent_branches_covered_display": "41"}, "missing_lines": [21, 22, 23, 26, 29, 30, 31, 34, 35, 36, 37, 41, 42, 43, 44, 45, 46, 47, 51, 52, 53, 54, 60, 61, 62, 74, 85, 86, 88, 89, 92, 93, 96, 97, 98, 99, 103, 105, 106, 107, 160, 161, 162, 186, 187, 188, 189, 190, 191, 192, 196, 200, 201, 202], "excluded_lines": [], "executed_branches": [[71, 72], [72, 73], [121, 122], [121, 131], [159, 164], [165, 166], [165, 167], [182, 183], [195, 197]], "missing_branches": [[41, 42], [41, 44], [71, 74], [72, 71], [85, 86], [85, 92], [105, 106], [105, 107], [159, 160], [160, 161], [160, 167], [182, 186], [195, 196]], "functions": {"SAMI3.__init__": {"executed_lines": [], "summary": {"covered_lines": 0, "num_statements": 7, "percent_covered": 0.0, "percent_covered_display": "0", "missing_lines": 7, "excluded_lines": 0, "percent_statements_covered": 0.0, "percent_statements_covered_display": "0", "num_branches": 0, "num_partial_branches": 0, "covered_branches": 0, "missing_branches": 0, "percent_branches_covered": 100.0, "percent_branches_covered_display": "100"}, "missing_lines": [21, 22, 23, 26, 29, 30, 31], "excluded_lines": [], "start_line": 15, "executed_branches": [], "missing_branches": []}, "SAMI3.load_nc_dataset": {"executed_lines": [], "summary": {"covered_lines": 0, "num_statements": 15, "percent_covered": 0.0, "percent_covered_display": "0", "missing_lines": 15, "excluded_lines": 0, "percent_statements_covered": 0.0, "percent_statements_covered_display": "0", "num_branches": 2, "num_partial_branches": 0, "covered_branches": 0, "missing_branches": 2, "percent_branches_covered": 0.0, "percent_branches_covered_display": "0"}, "missing_lines": [34, 35, 36, 37, 41, 42, 43, 44, 45, 46, 47, 51, 52, 53, 54], "excluded_lines": [], "start_line": 33, "executed_branches": [], "missing_branches": [[41, 42], [41, 44]]}, "SAMI3.round_time": {"executed_lines": [], "summary": {"covered_lines": 0, "num_statements": 3, "percent_covered": 0.0, "percent_covered_display": "0", "missing_lines": 3, "excluded_lines": 0, "percent_statements_covered": 0.0, "percent_statements_covered_display": "0", "num_branches": 0, "num_partial_branches": 0, "covered_branches": 0, "missing_branches": 0, "percent_branches_covered": 100.0, "percent_branches_covered_display": "100"}, "missing_lines": [60, 61, 62], "excluded_lines": [], "start_line": 56, "executed_branches": [], "missing_branches": []}, "SAMI3.find_time_index": {"executed_lines": [71, 72, 73], "summary": {"covered_lines": 3, "num_statements": 4, "percent_covered": 62.5, "percent_covered_display": "62", "missing_lines": 1, "excluded_lines": 0, "percent_statements_covered": 75.0, "percent_statements_covered_display": "75", "num_branches": 4, "num_partial_branches": 2, "covered_branches": 2, "missing_branches": 2, "percent_branches_covered": 50.0, "percent_branches_covered_display": "50"}, "missing_lines": [74], "excluded_lines": [], "start_line": 64, "executed_branches": [[71, 72], [72, 73]], "missing_branches": [[71, 74], [72, 71]]}, "SAMI3.fetch_dataset": {"executed_lines": [], "summary": {"covered_lines": 0, "num_statements": 14, "percent_covered": 0.0, "percent_covered_display": "0", "missing_lines": 14, "excluded_lines": 0, "percent_statements_covered": 0.0, "percent_statements_covered_display": "0", "num_branches": 4, "num_partial_branches": 0, "covered_branches": 0, "missing_branches": 4, "percent_branches_covered": 0.0, "percent_branches_covered_display": "0"}, "missing_lines": [85, 86, 88, 89, 92, 93, 96, 97, 98, 99, 103, 105, 106, 107], "excluded_lines": [], "start_line": 76, "executed_branches": [], "missing_branches": [[85, 86], [85, 92], [105, 106], [105, 107]]}, "SAMI3.fetch_interpolated_data": {"executed_lines": [116, 117, 118, 119, 120, 121, 122, 123, 124, 125, 126, 127, 130, 131], "summary": {"covered_lines": 14, "num_statements": 14, "percent_covered": 100.0, "percent_covered_display": "100", "missing_lines": 0, "excluded_lines": 0, "percent_statements_covered": 100.0, "percent_statements_covered_display": "100", "num_branches": 2, "num_partial_branches": 0, "covered_branches": 2, "missing_branches": 0, "percent_branches_covered": 100.0, "percent_branches_covered_display": "100"}, "missing_lines": [], "excluded_lines": [], "start_line": 109, "executed_branches": [[121, 122], [121, 131]], "missing_branches": []}, "SAMI3._fetch_profile_at_index": {"executed_lines": [134, 135, 136, 137, 138, 139, 140, 141, 142, 145], "summary": {"covered_lines": 10, "num_statements": 10, "percent_covered": 100.0, "percent_covered_display": "100", "missing_lines": 0, "excluded_lines": 0, "percent_statements_covered": 100.0, "percent_statements_covered_display": "100", "num_branches": 0, "num_partial_branches": 0, "covered_branches": 0, "missing_branches": 0, "percent_branches_covered": 100.0, "percent_branches_covered_display": "100"}, "missing_lines": [], "excluded_lines": [], "start_line": 133, "executed_branches": [], "missing_branches": []}, "SAMI3._fetch_cube_at_index": {"executed_lines": [148, 149, 150, 151, 152, 154, 158, 159, 164, 165, 166, 167], "summary": {"covered_lines": 12, "num_statements": 15, "percent_covered": 71.42857142857143, "percent_covered_display": "71", "missing_lines": 3, "excluded_lines": 0, "percent_statements_covered": 80.0, "percent_statements_covered_display": "80", "num_branches": 6, "num_partial_branches": 1, "covered_branches": 3, "missing_branches": 3, "percent_branches_covered": 50.0, "percent_branches_covered_display": "50"}, "missing_lines": [160, 161, 162], "excluded_lines": [], "start_line": 147, "executed_branches": [[159, 164], [165, 166], [165, 167]], "missing_branches": [[159, 160], [160, 161], [160, 167]]}, "SAMI3._fetch_cube_at_index._job": {"executed_lines": [155, 156], "summary": {"covered_lines": 2, "num_statements": 2, "percent_covered": 100.0, "percent_covered_display": "100", "missing_lines": 0, "excluded_lines": 0, "percent_statements_covered": 100.0, "percent_statements_covered_display": "100", "num_branches": 0, "num_partial_branches": 0, "covered_branches": 0, "missing_branches": 0, "percent_branches_covered": 100.0, "percent_branches_covered_display": "100"}, "missing_lines": [], "excluded_lines": [], "start_line": 154, "executed_branches": [], "missing_branches": []}, "SAMI3.fetch_dataset_3d": {"executed_lines": [182, 183, 184, 194, 195, 197], "summary": {"covered_lines": 6, "num_statements": 14, "percent_covered": 44.44444444444444, "percent_covered_display": "44", "missing_lines": 8, "excluded_lines": 0, "percent_statements_covered": 42.857142857142854, "percent_statements_covered_display": "43", "num_branches": 4, "num_partial_branches": 2, "covered_branches": 2, "missing_branches": 2, "percent_branches_covered": 50.0, "percent_branches_covered_display": "50"}, "missing_lines": [186, 187, 188, 189, 190, 191, 192, 196], "excluded_lines": [], "start_line": 169, "executed_branches": [[182, 183], [195, 197]], "missing_branches": [[182, 186], [195, 196]]}, "SAMI3.load_from_file": {"executed_lines": [], "summary": {"covered_lines": 0, "num_statements": 3, "percent_covered": 0.0, "percent_covered_display": "0", "missing_lines": 3, "excluded_lines": 0, "percent_statements_covered": 0.0, "percent_statements_covered_display": "0", "num_branches": 0, "num_partial_branches": 0, "covered_branches": 0, "missing_branches": 0, "percent_branches_covered": 100.0, "percent_branches_covered_display": "100"}, "missing_lines": [200, 201, 202], "excluded_lines": [], "start_line": 199, "executed_branches": [], "missing_branches": []}, "": {"executed_lines": [1, 2, 3, 4, 6, 7, 8, 9, 10, 11, 14, 15, 33, 56, 64, 76, 109, 133, 147, 169, 199], "summary": {"covered_lines": 21, "num_statements": 21, "percent_covered": 100.0, "percent_covered_display": "100", "missing_lines": 0, "excluded_lines": 0, "percent_statements_covered": 100.0, "percent_statements_covered_display": "100", "num_branches": 0, "num_partial_branches": 0, "covered_branches": 0, "missing_branches": 0, "percent_branches_covered": 100.0, "percent_branches_covered_display": "100"}, "missing_lines": [], "excluded_lines": [], "start_line": 1, "executed_branches": [], "missing_branches": []}}, "classes": {"SAMI3": {"executed_lines": [71, 72, 73, 116, 117, 118, 119, 120, 121, 122, 123, 124, 125, 126, 127, 130, 131, 134, 135, 136, 137, 138, 139, 140, 141, 142, 145, 148, 149, 150, 151, 152, 154, 155, 156, 158, 159, 164, 165, 166, 167, 182, 183, 184, 194, 195, 197], "summary": {"covered_lines": 47, "num_statements": 101, "percent_covered": 45.52845528455285, "percent_covered_display": "46", "missing_lines": 54, "excluded_lines": 0, "percent_statements_covered": 46.53465346534654, "percent_statements_covered_display": "47", "num_branches": 22, "num_partial_branches": 5, "covered_branches": 9, "missing_branches": 13, "percent_branches_covered": 40.90909090909091, "percent_branches_covered_display": "41"}, "missing_lines": [21, 22, 23, 26, 29, 30, 31, 34, 35, 36, 37, 41, 42, 43, 44, 45, 46, 47, 51, 52, 53, 54, 60, 61, 62, 74, 85, 86, 88, 89, 92, 93, 96, 97, 98, 99, 103, 105, 106, 107, 160, 161, 162, 186, 187, 188, 189, 190, 191, 192, 196, 200, 201, 202], "excluded_lines": [], "start_line": 14, "executed_branches": [[71, 72], [72, 73], [121, 122], [121, 131], [159, 164], [165, 166], [165, 167], [182, 183], [195, 197]], "missing_branches": [[41, 42], [41, 44], [71, 74], [72, 71], [85, 86], [85, 92], [105, 106], [105, 107], [159, 160], [160, 161], [160, 167], [182, 186], [195, 196]]}, "": {"executed_lines": [1, 2, 3, 4, 6, 7, 8, 9, 10, 11, 14, 15, 33, 56, 64, 76, 109, 133, 147, 169, 199], "summary": {"covered_lines": 21, "num_statements": 21, "percent_covered": 100.0, "percent_covered_display": "100", "missing_lines": 0, "excluded_lines": 0, "percent_statements_covered": 100.0, "percent_statements_covered_display": "100", "num_branches": 0, "num_partial_branches": 0, "covered_branches": 0, "missing_branches": 0, "percent_branches_covered": 100.0, "percent_branches_covered_display": "100"}, "missing_lines": [], "excluded_lines": [], "start_line": 1, "executed_branches": [], "missing_branches": []}}}, "trace/density/waccm.py": {"executed_lines": [1, 2, 3, 4, 6, 7, 8, 9, 12, 13, 26, 38, 39, 40, 41, 42, 43, 44, 45, 46, 48, 94, 106, 139, 146, 147, 148, 149, 150, 151, 152, 153, 154, 155, 156, 157, 163, 164, 166, 167, 168, 169, 170, 171, 172, 173, 174, 175, 181, 183, 184, 185, 186, 187, 188, 190, 191, 192, 194, 195, 200, 201, 202, 203, 205, 218, 219, 220, 230, 231, 233, 235], "summary": {"covered_lines": 72, "num_statements": 124, "percent_covered": 55.47945205479452, "percent_covered_display": "55", "missing_lines": 52, "excluded_lines": 0, "percent_statements_covered": 58.064516129032256, "percent_statements_covered_display": "58", "num_branches": 22, "num_partial_branches": 3, "covered_branches": 9, "missing_branches": 13, "percent_branches_covered": 40.90909090909091, "percent_branches_covered_display": "41"}, "missing_lines": [18, 19, 20, 23, 24, 52, 53, 72, 73, 74, 78, 82, 83, 84, 85, 86, 89, 90, 91, 92, 101, 102, 103, 104, 115, 116, 118, 119, 122, 123, 126, 127, 128, 129, 133, 135, 136, 137, 196, 197, 198, 222, 223, 224, 225, 226, 227, 228, 232, 236, 237, 238], "excluded_lines": [], "executed_branches": [[42, 43], [42, 46], [151, 152], [151, 164], [195, 200], [201, 202], [201, 203], [218, 219], [231, 233]], "missing_branches": [[101, 102], [101, 104], [102, 101], [102, 103], [115, 116], [115, 122], [135, 136], [135, 137], [195, 196], [196, 197], [196, 203], [218, 222], [231, 232]], "functions": {"WACCMX2d.__init__": {"executed_lines": [], "summary": {"covered_lines": 0, "num_statements": 5, "percent_covered": 0.0, "percent_covered_display": "0", "missing_lines": 5, "excluded_lines": 0, "percent_statements_covered": 0.0, "percent_statements_covered_display": "0", "num_branches": 0, "num_partial_branches": 0, "covered_branches": 0, "missing_branches": 0, "percent_branches_covered": 100.0, "percent_branches_covered_display": "100"}, "missing_lines": [18, 19, 20, 23, 24], "excluded_lines": [], "start_line": 13, "executed_branches": [], "missing_branches": []}, "WACCMX2d.transform_density": {"executed_lines": [38, 39, 40, 41, 42, 43, 44, 45, 46], "summary": {"covered_lines": 9, "num_statements": 9, "percent_covered": 100.0, "percent_covered_display": "100", "missing_lines": 0, "excluded_lines": 0, "percent_statements_covered": 100.0, "percent_statements_covered_display": "100", "num_branches": 2, "num_partial_branches": 0, "covered_branches": 2, "missing_branches": 0, "percent_branches_covered": 100.0, "percent_branches_covered_display": "100"}, "missing_lines": [], "excluded_lines": [], "start_line": 26, "executed_branches": [[42, 43], [42, 46]], "missing_branches": []}, "WACCMX2d.load_nc_dataset": {"executed_lines": [], "summary": {"covered_lines": 0, "num_statements": 15, "percent_covered": 0.0, "percent_covered_display": "0", "missing_lines": 15, "excluded_lines": 0, "percent_statements_covered": 0.0, "percent_statements_covered_display": "0", "num_branches": 0, "num_partial_branches": 0, "covered_branches": 0, "missing_branches": 0, "percent_branches_covered": 100.0, "percent_branches_covered_display": "100"}, "missing_lines": [52, 53, 72, 73, 74, 78, 82, 83, 84, 85, 86, 89, 90, 91, 92], "excluded_lines": [], "start_line": 48, "executed_branches": [], "missing_branches": []}, "WACCMX2d.find_time_index": {"executed_lines": [], "summary": {"covered_lines": 0, "num_statements": 4, "percent_covered": 0.0, "percent_covered_display": "0", "missing_lines": 4, "excluded_lines": 0, "percent_statements_covered": 0.0, "percent_statements_covered_display": "0", "num_branches": 4, "num_partial_branches": 0, "covered_branches": 0, "missing_branches": 4, "percent_branches_covered": 0.0, "percent_branches_covered_display": "0"}, "missing_lines": [101, 102, 103, 104], "excluded_lines": [], "start_line": 94, "executed_branches": [], "missing_branches": [[101, 102], [101, 104], [102, 101], [102, 103]]}, "WACCMX2d.fetch_dataset": {"executed_lines": [], "summary": {"covered_lines": 0, "num_statements": 14, "percent_covered": 0.0, "percent_covered_display": "0", "missing_lines": 14, "excluded_lines": 0, "percent_statements_covered": 0.0, "percent_statements_covered_display": "0", "num_branches": 4, "num_partial_branches": 0, "covered_branches": 0, "missing_branches": 4, "percent_branches_covered": 0.0, "percent_branches_covered_display": "0"}, "missing_lines": [115, 116, 118, 119, 122, 123, 126, 127, 128, 129, 133, 135, 136, 137], "excluded_lines": [], "start_line": 106, "executed_branches": [], "missing_branches": [[115, 116], [115, 122], [135, 136], [135, 137]]}, "WACCMX2d.fetch_interpolated_data": {"executed_lines": [146, 147, 148, 149, 150, 151, 152, 153, 154, 155, 156, 157, 163, 164], "summary": {"covered_lines": 14, "num_statements": 14, "percent_covered": 100.0, "percent_covered_display": "100", "missing_lines": 0, "excluded_lines": 0, "percent_statements_covered": 100.0, "percent_statements_covered_display": "100", "num_branches": 2, "num_partial_branches": 0, "covered_branches": 2, "missing_branches": 0, "percent_branches_covered": 100.0, "percent_branches_covered_display": "100"}, "missing_lines": [], "excluded_lines": [], "start_line": 139, "executed_branches": [[151, 152], [151, 164]], "missing_branches": []}, "WACCMX2d._fetch_profile_at_index": {"executed_lines": [167, 168, 169, 170, 171, 172, 173, 174, 175, 181], "summary": {"covered_lines": 10, "num_statements": 10, "percent_covered": 100.0, "percent_covered_display": "100", "missing_lines": 0, "excluded_lines": 0, "percent_statements_covered": 100.0, "percent_statements_covered_display": "100", "num_branches": 0, "num_partial_branches": 0, "covered_branches": 0, "missing_branches": 0, "percent_branches_covered": 100.0, "percent_branches_covered_display": "100"}, "missing_lines": [], "excluded_lines": [], "start_line": 166, "executed_branches": [], "missing_branches": []}, "WACCMX2d._fetch_cube_at_index": {"executed_lines": [184, 185, 186, 187, 188, 190, 194, 195, 200, 201, 202, 203], "summary": {"covered_lines": 12, "num_statements": 15, "percent_covered": 71.42857142857143, "percent_covered_display": "71", "missing_lines": 3, "excluded_lines": 0, "percent_statements_covered": 80.0, "percent_statements_covered_display": "80", "num_branches": 6, "num_partial_branches": 1, "covered_branches": 3, "missing_branches": 3, "percent_branches_covered": 50.0, "percent_branches_covered_display": "50"}, "missing_lines": [196, 197, 198], "excluded_lines": [], "start_line": 183, "executed_branches": [[195, 200], [201, 202], [201, 203]], "missing_branches": [[195, 196], [196, 197], [196, 203]]}, "WACCMX2d._fetch_cube_at_index._job": {"executed_lines": [191, 192], "summary": {"covered_lines": 2, "num_statements": 2, "percent_covered": 100.0, "percent_covered_display": "100", "missing_lines": 0, "excluded_lines": 0, "percent_statements_covered": 100.0, "percent_statements_covered_display": "100", "num_branches": 0, "num_partial_branches": 0, "covered_branches": 0, "missing_branches": 0, "percent_branches_covered": 100.0, "percent_branches_covered_display": "100"}, "missing_lines": [], "excluded_lines": [], "start_line": 190, "executed_branches": [], "missing_branches": []}, "WACCMX2d.fetch_dataset_3d": {"executed_lines": [218, 219, 220, 230, 231, 233], "summary": {"covered_lines": 6, "num_statements": 14, "percent_covered": 44.44444444444444, "percent_covered_display": "44", "missing_lines": 8, "excluded_lines": 0, "percent_statements_covered": 42.857142857142854, "percent_statements_covered_display": "43", "num_branches": 4, "num_partial_branches": 2, "covered_branches": 2, "missing_branches": 2, "percent_branches_covered": 50.0, "percent_branches_covered_display": "50"}, "missing_lines": [222, 223, 224, 225, 226, 227, 228, 232], "excluded_lines": [], "start_line": 205, "executed_branches": [[218, 219], [231, 233]], "missing_branches": [[218, 222], [231, 232]]}, "WACCMX2d.load_from_file": {"executed_lines": [], "summary": {"covered_lines": 0, "num_statements": 3, "percent_covered": 0.0, "percent_covered_display": "0", "missing_lines": 3, "excluded_lines": 0, "percent_statements_covered": 0.0, "percent_statements_covered_display": "0", "num_branches": 0, "num_partial_branches": 0, "covered_branches": 0, "missing_branches": 0, "percent_branches_covered": 100.0, "percent_branches_covered_display": "100"}, "missing_lines": [236, 237, 238], "excluded_lines": [], "start_line": 235, "executed_branches": [], "missing_branches": []}, "": {"executed_lines": [1, 2, 3, 4, 6, 7, 8, 9, 12, 13, 26, 48, 94, 106, 139, 166, 183, 205, 235], "summary": {"covered_lines": 19, "num_statements": 19, "percent_covered": 100.0, "percent_covered_display": "100", "missing_lines": 0, "excluded_lines": 0, "percent_statements_covered": 100.0, "percent_statements_covered_display": "100", "num_branches": 0, "num_partial_branches": 0, "covered_branches": 0, "missing_branches": 0, "percent_branches_covered": 100.0, "percent_branches_covered_display": "100"}, "missing_lines": [], "excluded_lines": [], "start_line": 1, "executed_branches": [], "missing_branches": []}}, "classes": {"WACCMX2d": {"executed_lines": [38, 39, 40, 41, 42, 43, 44, 45, 46, 146, 147, 148, 149, 150, 151, 152, 153, 154, 155, 156, 157, 163, 164, 167, 168, 169, 170, 171, 172, 173, 174, 175, 181, 184, 185, 186, 187, 188, 190, 191, 192, 194, 195, 200, 201, 202, 203, 218, 219, 220, 230, 231, 233], "summary": {"covered_lines": 53, "num_statements": 105, "percent_covered": 48.818897637795274, "percent_covered_display": "49", "missing_lines": 52, "excluded_lines": 0, "percent_statements_covered": 50.476190476190474, "percent_statements_covered_display": "50", "num_branches": 22, "num_partial_branches": 3, "covered_branches": 9, "missing_branches": 13, "percent_branches_covered": 40.90909090909091, "percent_branches_covered_display": "41"}, "missing_lines": [18, 19, 20, 23, 24, 52, 53, 72, 73, 74, 78, 82, 83, 84, 85, 86, 89, 90, 91, 92, 101, 102, 103, 104, 115, 116, 118, 119, 122, 123, 126, 127, 128, 129, 133, 135, 136, 137, 196, 197, 198, 222, 223, 224, 225, 226, 227, 228, 232, 236, 237, 238], "excluded_lines": [], "start_line": 12, "executed_branches": [[42, 43], [42, 46], [151, 152], [151, 164], [195, 200], [201, 202], [201, 203], [218, 219], [231, 233]], "missing_branches": [[101, 102], [101, 104], [102, 101], [102, 103], [115, 116], [115, 122], [135, 136], [135, 137], [195, 196], [196, 197], [196, 203], [218, 222], [231, 2
[...]
, 100, 101], "summary": {"covered_lines": 7, "num_statements": 8, "percent_covered": 83.33333333333333, "percent_covered_display": "83", "missing_lines": 1, "excluded_lines": 0, "percent_statements_covered": 87.5, "percent_statements_covered_display": "88", "num_branches": 4, "num_partial_branches": 1, "covered_branches": 3, "missing_branches": 1, "percent_branches_covered": 75.0, "percent_branches_covered_display": "75"}, "missing_lines": [96], "excluded_lines": [], "start_line": 90, "executed_branches": [[94, 95], [94, 98], [95, 97]], "missing_branches": [[95, 96]]}, "get_installed_config_path": {"executed_lines": [108, 109, 110], "summary": {"covered_lines": 3, "num_statements": 5, "percent_covered": 60.0, "percent_covered_display": "60", "missing_lines": 2, "excluded_lines": 0, "percent_statements_covered": 60.0, "percent_statements_covered_display": "60", "num_branches": 0, "num_partial_branches": 0, "covered_branches": 0, "missing_branches": 0, "percent_branches_covered": 100.0, "percent_branches_covered_display": "100"}, "missing_lines": [111, 112], "excluded_lines": [], "start_line": 104, "executed_branches": [], "missing_branches": []}, "resolve_config_path": {"executed_lines": [127, 138, 139, 141], "summary": {"covered_lines": 4, "num_statements": 12, "percent_covered": 30.0, "percent_covered_display": "30", "missing_lines": 8, "excluded_lines": 0, "percent_statements_covered": 33.333333333333336, "percent_statements_covered_display": "33", "num_branches": 8, "num_partial_branches": 2, "covered_branches": 2, "missing_branches": 6, "percent_branches_covered": 25.0, "percent_branches_covered_display": "25"}, "missing_lines": [128, 129, 130, 131, 132, 133, 134, 140], "excluded_lines": [], "start_line": 115, "executed_branches": [[127, 138], [139, 141]], "missing_branches": [[127, 128], [129, 130], [129, 131], [132, 133], [132, 134], [139, 140]]}, "get_default_config_name": {"executed_lines": [153, 154, 162, 163, 164], "summary": {"covered_lines": 5, "num_statements": 5, "percent_covered": 100.0, "percent_covered_display": "100", "missing_lines": 0, "excluded_lines": 0, "percent_statements_covered": 100.0, "percent_statements_covered_display": "100", "num_branches": 2, "num_partial_branches": 0, "covered_branches": 2, "missing_branches": 0, "percent_branches_covered": 100.0, "percent_branches_covered_display": "100"}, "missing_lines": [], "excluded_lines": [], "start_line": 144, "executed_branches": [[162, 163], [162, 164]], "missing_branches": []}, "load_config": {"executed_lines": [174, 175, 176], "summary": {"covered_lines": 3, "num_statements": 3, "percent_covered": 100.0, "percent_covered_display": "100", "missing_lines": 0, "excluded_lines": 0, "percent_statements_covered": 100.0, "percent_statements_covered_display": "100", "num_branches": 0, "num_partial_branches": 0, "covered_branches": 0, "missing_branches": 0, "percent_branches_covered": 100.0, "percent_branches_covered_display": "100"}, "missing_lines": [], "excluded_lines": [], "start_line": 167, "executed_branches": [], "missing_branches": []}, "load_config_1D": {"executed_lines": [], "summary": {"covered_lines": 0, "num_statements": 1, "percent_covered": 0.0, "percent_covered_display": "0", "missing_lines": 1, "excluded_lines": 0, "percent_statements_covered": 0.0, "percent_statements_covered_display": "0", "num_branches": 0, "num_partial_branches": 0, "covered_branches": 0, "missing_branches": 0, "percent_branches_covered": 100.0, "percent_branches_covered_display": "100"}, "missing_lines": [180], "excluded_lines": [], "start_line": 179, "executed_branches": [], "missing_branches": []}, "load_config_2D": {"executed_lines": [184], "summary": {"covered_lines": 1, "num_statements": 1, "percent_covered": 100.0, "percent_covered_display": "100", "missing_lines": 0, "excluded_lines": 0, "percent_statements_covered": 100.0, "percent_statements_covered_display": "100", "num_branches": 0, "num_partial_branches": 0, "covered_branches": 0, "missing_branches": 0, "percent_branches_covered": 100.0, "percent_branches_covered_display": "100"}, "missing_lines": [], "excluded_lines": [], "start_line": 183, "executed_branches": [], "missing_branches": []}, "load_config_3D": {"executed_lines": [], "summary": {"covered_lines": 0, "num_statements": 1, "percent_covered": 0.0, "percent_covered_display": "0", "missing_lines": 1, "excluded_lines": 0, "percent_statements_covered": 0.0, "percent_statements_covered_display": "0", "num_branches": 0, "num_partial_branches": 0, "covered_branches": 0, "missing_branches": 0, "percent_branches_covered": 100.0, "percent_branches_covered_display": "100"}, "missing_lines": [188], "excluded_lines": [], "start_line": 187, "executed_branches": [], "missing_branches": []}, "to_namespace": {"executed_lines": [195, 196, 197, 198, 199], "summary": {"covered_lines": 5, "num_statements": 5, "percent_covered": 100.0, "percent_covered_display": "100", "missing_lines": 0, "excluded_lines": 0, "percent_statements_covered": 100.0, "percent_statements_covered_display": "100", "num_branches": 4, "num_partial_branches": 0, "covered_branches": 4, "missing_branches": 0, "percent_branches_covered": 100.0, "percent_branches_covered_display": "100"}, "missing_lines": [], "excluded_lines": [], "start_line": 191, "executed_branches": [[195, 196], [195, 197], [197, 198], [197, 199]], "missing_branches": []}, "clean": {"executed_lines": [], "summary": {"covered_lines": 0, "num_statements": 5, "percent_covered": 0.0, "percent_covered_display": "0", "missing_lines": 5, "excluded_lines": 0, "percent_statements_covered": 0.0, "percent_statements_covered_display": "0", "num_branches": 4, "num_partial_branches": 0, "covered_branches": 0, "missing_branches": 4, "percent_branches_covered": 0.0, "percent_branches_covered_display": "0"}, "missing_lines": [203, 204, 205, 206, 207], "excluded_lines": [], "start_line": 202, "executed_branches": [], "missing_branches": [[204, 205], [204, 207], [205, 204], [205, 206]]}, "extrap1d": {"executed_lines": [212, 213, 214, 216, 224, 227], "summary": {"covered_lines": 6, "num_statements": 6, "percent_covered": 100.0, "percent_covered_display": "100", "missing_lines": 0, "excluded_lines": 0, "percent_statements_covered": 100.0, "percent_statements_covered_display": "100", "num_branches": 0, "num_partial_branches": 0, "covered_branches": 0, "missing_branches": 0, "percent_branches_covered": 100.0, "percent_branches_covered_display": "100"}, "missing_lines": [], "excluded_lines": [], "start_line": 210, "executed_branches": [], "missing_branches": []}, "extrap1d.pointwise": {"executed_lines": [217, 219, 222], "summary": {"covered_lines": 3, "num_statements": 5, "percent_covered": 55.55555555555556, "percent_covered_display": "56", "missing_lines": 2, "excluded_lines": 0, "percent_statements_covered": 60.0, "percent_statements_covered_display": "60", "num_branches": 4, "num_partial_branches": 2, "covered_branches": 2, "missing_branches": 2, "percent_branches_covered": 50.0, "percent_branches_covered_display": "50"}, "missing_lines": [218, 220], "excluded_lines": [], "start_line": 216, "executed_branches": [[217, 219], [219, 222]], "missing_branches": [[217, 218], [219, 220]]}, "extrap1d.ufunclike": {"executed_lines": [225], "summary": {"covered_lines": 1, "num_statements": 1, "percent_covered": 100.0, "percent_covered_display": "100", "missing_lines": 0, "excluded_lines": 0, "percent_statements_covered": 100.0, "percent_statements_covered_display": "100", "num_branches": 0, "num_partial_branches": 0, "covered_branches": 0, "missing_branches": 0, "percent_branches_covered": 100.0, "percent_branches_covered_display": "100"}, "missing_lines": [], "excluded_lines": [], "start_line": 224, "executed_branches": [], "missing_branches": []}, "interpolate_by_altitude": {"executed_lines": [231, 232, 237, 243], "summary": {"covered_lines": 4, "num_statements": 5, "percent_covered": 66.66666666666667, "percent_covered_display": "67", "missing_lines": 1, "excluded_lines": 0, "percent_statements_covered": 80.0, "percent_statements_covered_display": "80", "num_branches": 4, "num_partial_branches": 2, "covered_branches": 2, "missing_branches": 2, "percent_branches_covered": 50.0, "percent_branches_covered_display": "50"}, "missing_lines": [238], "excluded_lines": [], "start_line": 230, "executed_branches": [[231, 232], [237, 243]], "missing_branches": [[231, 237], [237, 238]]}, "smooth": {"executed_lines": [], "summary": {"covered_lines": 0, "num_statements": 16, "percent_covered": 0.0, "percent_covered_display": "0", "missing_lines": 16, "excluded_lines": 0, "percent_statements_covered": 0.0, "percent_statements_covered_display": "0", "num_branches": 10, "num_partial_branches": 0, "covered_branches": 0, "missing_branches": 10, "percent_branches_covered": 0.0, "percent_branches_covered_display": "0"}, "missing_lines": [247, 248, 249, 250, 251, 252, 253, 254, 257, 258, 259, 261, 262, 263, 264, 265], "excluded_lines": [], "start_line": 246, "executed_branches": [], "missing_branches": [[247, 248], [247, 249], [249, 250], [249, 251], [251, 252], [251, 253], [253, 254], [253, 257], [258, 259], [258, 261]]}, "create_movie": {"executed_lines": [], "summary": {"covered_lines": 0, "num_statements": 15, "percent_covered": 0.0, "percent_covered_display": "0", "missing_lines": 15, "excluded_lines": 0, "percent_statements_covered": 0.0, "percent_statements_covered_display": "0", "num_branches": 2, "num_partial_branches": 0, "covered_branches": 0, "missing_branches": 2, "percent_branches_covered": 0.0, "percent_branches_covered_display": "0"}, "missing_lines": [272, 273, 275, 276, 277, 278, 279, 280, 281, 282, 283, 284, 285, 286, 287], "excluded_lines": [], "start_line": 268, "executed_branches": [], "missing_branches": [[281, 282], [281, 286]]}, "create_mp4": {"executed_lines": [], "summary": {"covered_lines": 0, "num_statements": 5, "percent_covered": 0.0, "percent_covered_display": "0", "missing_lines": 5, "excluded_lines": 0, "percent_statements_covered": 0.0, "percent_statements_covered_display": "0", "num_branches": 0, "num_partial_branches": 0, "covered_branches": 0, "missing_branches": 0, "percent_branches_covered": 100.0, "percent_branches_covered_display": "100"}, "missing_lines": [291, 293, 294, 297, 298], "excluded_lines": [], "start_line": 290, "executed_branches": [], "missing_branches": []}, "loadmatlabfiles": {"executed_lines": [], "summary": {"covered_lines": 0, "num_statements": 2, "percent_covered": 0.0, "percent_covered_display": "0", "missing_lines": 2, "excluded_lines": 0, "percent_statements_covered": 0.0, "percent_statements_covered_display": "0", "num_branches": 0, "num_partial_branches": 0, "covered_branches": 0, "missing_branches": 0, "percent_branches_covered": 100.0, "percent_branches_covered_display": "100"}, "missing_lines": [305, 306], "excluded_lines": [], "start_line": 301, "executed_branches": [], "missing_branches": []}, "_check_key_": {"executed_lines": [], "summary": {"covered_lines": 0, "num_statements": 4, "percent_covered": 0.0, "percent_covered_display": "0", "missing_lines": 4, "excluded_lines": 0, "percent_statements_covered": 0.0, "percent_statements_covered_display": "0", "num_branches": 4, "num_partial_branches": 0, "covered_branches": 0, "missing_branches": 4, "percent_branches_covered": 0.0, "percent_branches_covered_display": "0"}, "missing_lines": [313, 314, 315, 316], "excluded_lines": [], "start_line": 309, "executed_branches": [], "missing_branches": [[313, 314], [313, 316], [314, 313], [314, 315]]}, "_todict_": {"executed_lines": [], "summary": {"covered_lines": 0, "num_statements": 1, "percent_covered": 0.0, "percent_covered_display": "0", "missing_lines": 1, "excluded_lines": 0, "percent_statements_covered": 0.0, "percent_statements_covered_display": "0", "num_branches": 0, "num_partial_branches": 0, "covered_branches": 0, "missing_branches": 0, "percent_branches_covered": 100.0, "percent_branches_covered_display": "100"}, "missing_lines": [323], "excluded_lines": [], "start_line": 319, "executed_branches": [], "missing_branches": []}, "setsize": {"executed_lines": [], "summary": {"covered_lines": 0, "num_statements": 3, "percent_covered": 0.0, "percent_covered_display": "0", "missing_lines": 3, "excluded_lines": 0, "percent_statements_covered": 0.0, "percent_statements_covered_display": "0", "num_branches": 0, "num_partial_branches": 0, "covered_branches": 0, "missing_branches": 0, "percent_branches_covered": 100.0, "percent_branches_covered_display": "100"}, "missing_lines": [334, 336, 339], "excluded_lines": [], "start_line": 333, "executed_branches": [], "missing_branches": []}, "calculate_bearing": {"executed_lines": [343, 345, 346, 347, 350, 352], "summary": {"covered_lines": 6, "num_statements": 6, "percent_covered": 100.0, "percent_covered_display": "100", "missing_lines": 0, "excluded_lines": 0, "percent_statements_covered": 100.0, "percent_statements_covered_display": "100", "num_branches": 0, "num_partial_branches": 0, "covered_branches": 0, "missing_branches": 0, "percent_branches_covered": 100.0, "percent_branches_covered_display": "100"}, "missing_lines": [], "excluded_lines": [], "start_line": 342, "executed_branches": [], "missing_branches": []}, "great_circle_distance": {"executed_lines": [376, 377, 378, 379, 382, 383, 384, 388, 389, 391], "summary": {"covered_lines": 10, "num_statements": 10, "percent_covered": 100.0, "percent_covered_display": "100", "missing_lines": 0, "excluded_lines": 0, "percent_statements_covered": 100.0, "percent_statements_covered_display": "100", "num_branches": 0, "num_partial_branches": 0, "covered_branches": 0, "missing_branches": 0, "percent_branches_covered": 100.0, "percent_branches_covered_display": "100"}, "missing_lines": [], "excluded_lines": [], "start_line": 355, "executed_branches": [], "missing_branches": []}, "build_route_from_cfg": {"executed_lines": [405, 407, 410, 411, 412, 414, 421, 422, 423, 424, 425, 426, 428, 430, 434, 435, 437, 438, 439, 440, 441, 442, 445, 446, 448], "summary": {"covered_lines": 25, "num_statements": 28, "percent_covered": 84.21052631578948, "percent_covered_display": "84", "missing_lines": 3, "excluded_lines": 0, "percent_statements_covered": 89.28571428571429, "percent_statements_covered_display": "89", "num_branches": 10, "num_partial_branches": 3, "covered_branches": 7, "missing_branches": 3, "percent_branches_covered": 70.0, "percent_branches_covered_display": "70"}, "missing_lines": [408, 429, 431], "excluded_lines": [], "start_line": 394, "executed_branches": [[407, 410], [421, 422], [421, 428], [428, 430], [430, 434], [441, 442], [441, 448]], "missing_branches": [[407, 408], [428, 429], [430, 431]]}, "build_heights_from_cfg": {"executed_lines": [453, 454, 455, 456], "summary": {"covered_lines": 4, "num_statements": 4, "percent_covered": 100.0, "percent_covered_display": "100", "missing_lines": 0, "excluded_lines": 0, "percent_statements_covered": 100.0, "percent_statements_covered_display": "100", "num_branches": 0, "num_partial_branches": 0, "covered_branches": 0, "missing_branches": 0, "percent_branches_covered": 100.0, "percent_branches_covered_display": "100"}, "missing_lines": [], "excluded_lines": [], "start_line": 451, "executed_branches": [], "missing_branches": []}, "build_elevations_from_cfg": {"executed_lines": [461, 462, 463, 464], "summary": {"covered_lines": 4, "num_statements": 4, "percent_covered": 100.0, "percent_covered_display": "100", "missing_lines": 0, "excluded_lines": 0, "percent_statements_covered": 100.0, "percent_statements_covered_display": "100", "num_branches": 0, "num_partial_branches": 0, "covered_branches": 0, "missing_branches": 0, "percent_branches_covered": 100.0, "percent_branches_covered_display": "100"}, "missing_lines": [], "excluded_lines": [], "start_line": 459, "executed_branches": [], "missing_branches": []}, "build_freqs_from_cfg": {"executed_lines": [469], "summary": {"covered_lines": 1, "num_statements": 1, "percent_covered": 100.0, "percent_covered_display": "100", "missing_lines": 0, "excluded_lines": 0, "percent_statements_covered": 100.0, "percent_statements_covered_display": "100", "num_branches": 0, "num_partial_branches": 0, "covered_branches": 0, "missing_branches": 0, "percent_branches_covered": 100.0, "percent_branches_covered_display": "100"}, "missing_lines": [], "excluded_lines": [], "start_line": 467, "executed_branches": [], "missing_branches": []}, "": {"executed_lines": [5, 6, 7, 8, 9, 10, 11, 12, 14, 15, 16, 17, 18, 19, 20, 22, 23, 24, 25, 27, 43, 67, 78, 90, 104, 115, 144, 167, 179, 183, 187, 191, 202, 210, 230, 246, 268, 290, 301, 309, 319, 333, 342, 355, 394, 451, 459, 467], "summary": {"covered_lines": 48, "num_statements": 48, "percent_covered": 100.0, "percent_covered_display": "100", "missing_lines": 0, "excluded_lines": 0, "percent_statements_covered": 100.0, "percent_statements_covered_display": "100", "num_branches": 0, "num_partial_branches": 0, "covered_branches": 0, "missing_branches": 0, "percent_branches_covered": 100.0, "percent_branches_covered_display": "100"}, "missing_lines": [], "excluded_lines": [], "start_line": 1, "executed_branches": [], "missing_branches": []}}, "classes": {"": {"executed_lines": [5, 6, 7, 8, 9, 10, 11, 12, 14, 15, 16, 17, 18, 19, 20, 22, 23, 24, 25, 27, 43, 67, 78, 90, 94, 95, 97, 98, 99, 100, 101, 104, 108, 109, 110, 115, 127, 138, 139, 141, 144, 153, 154, 162, 163, 164, 167, 174, 175, 176, 179, 183, 184, 187, 191, 195, 196, 197, 198, 199, 202, 210, 212, 213, 214, 216, 217, 219, 222, 224, 225, 227, 230, 231, 232, 237, 243, 246, 268, 290, 301, 309, 319, 333, 342, 343, 345, 346, 347, 350, 352, 355, 376, 377, 378, 379, 382, 383, 384, 388, 389, 391, 394, 405, 407, 410, 411, 412, 414, 421, 422, 423, 424, 425, 426, 428, 430, 434, 435, 437, 438, 439, 440, 441, 442, 445, 446, 448, 451, 453, 454, 455, 456, 459, 461, 462, 463, 464, 467, 469], "summary": {"covered_lines": 140, "num_statements": 230, "percent_covered": 56.25, "percent_covered_display": "56", "missing_lines": 90, "excluded_lines": 0, "percent_statements_covered": 60.869565217391305, "percent_statements_covered_display": "61", "num_branches": 58, "num_partial_branches": 10, "covered_branches": 22, "missing_branches": 36, "percent_branches_covered": 37.93103448275862, "percent_branches_covered_display": "38"}, "missing_lines": [49, 50, 51, 52, 53, 54, 57, 58, 59, 61, 64, 71, 73, 74, 75, 82, 84, 85, 86, 87, 96, 111, 112, 128, 129, 130, 131, 132, 133, 134, 140, 180, 188, 203, 204, 205, 206, 207, 218, 220, 238, 247, 248, 249, 250, 251, 252, 253, 254, 257, 258, 259, 261, 262, 263, 264, 265, 272, 273, 275, 276, 277, 278, 279, 280, 281, 282, 283, 284, 285, 286, 287, 291, 293, 294, 297, 298, 305, 306, 313, 314, 315, 316, 323, 334, 336, 339, 408, 429, 431], "excluded_lines": [], "start_line": 1, "executed_branches": [[94, 95], [94, 98], [95, 97], [127, 138], [139, 141], [162, 163], [162, 164], [195, 196], [195, 197], [197, 198], [197, 199], [217, 219], [219, 222], [231, 232], [237, 243], [407, 410], [421, 422], [421, 428], [428, 430], [430, 434], [441, 442], [441, 448]], "missing_branches": [[50, 51], [50, 53], [95, 96], [127, 128], [129, 130], [129, 131], [132, 133], [132, 134], [139, 140], [204, 205], [204, 207], [205, 204], [205, 206], [217, 218], [219, 220], [231, 237], [237, 238], [247, 248], [247, 249], [249, 250], [249, 251], [251, 252], [251, 253], [253, 254], [253, 257], [258, 259], [258, 261], [281, 282], [281, 286], [313, 314], [313, 316], [314, 313], [314, 315], [407, 408], [428, 429], [430, 431]]}}}}, "totals": {"covered_lines": 1898, "num_statements": 2952, "percent_covered": 59.66955579631636, "percent_covered_display": "60", "missing_lines": 1054, "excluded_lines": 5, "percent_statements_covered": 64.29539295392954, "percent_statements_covered_display": "64", "num_branches": 740, "num_partial_branches": 157, "covered_branches": 305, "missing_branches": 435, "percent_branches_covered": 41.21621621621622, "percent_branches_covered_display": "41"}}