{"meta": {"format": 3, "version": "7.13.4", "timestamp": "2026-03-18T15:03:28.073768", "branch_coverage": true, "show_contexts": false}, "files": {"hfpytrace/__init__.py": {"executed_lines": [6, 8, 9, 10, 11, 12, 13, 15, 17, 18, 23, 24, 25, 26, 38, 41, 56, 57, 60, 61, 62, 63, 64, 65, 66, 67, 70, 71, 73, 75, 76, 78, 79, 80, 81, 82, 83, 85, 87, 90, 113, 114, 119, 127, 133, 138, 139, 148], "summary": {"covered_lines": 48, "num_statements": 77, "percent_covered": 58.25242718446602, "percent_covered_display": "58", "missing_lines": 29, "excluded_lines": 5, "percent_statements_covered": 62.33766233766234, "percent_statements_covered_display": "62", "num_branches": 26, "num_partial_branches": 8, "covered_branches": 12, "missing_branches": 14, "percent_branches_covered": 46.15384615384615, "percent_branches_covered_display": "46"}, "missing_lines": [43, 44, 45, 47, 53, 68, 72, 77, 86, 91, 92, 95, 97, 98, 99, 100, 101, 102, 103, 104, 105, 106, 110, 120, 121, 123, 124, 140, 141], "excluded_lines": [107, 108, 142, 143, 144], "executed_branches": [[63, 64], [64, 65], [67, 70], [71, 73], [75, 76], [75, 85], [76, 78], [79, 80], [79, 81], [85, 87], [114, 119], [138, 139]], "missing_branches": [[43, 44], [43, 53], [63, 67], [64, 63], [67, 68], [71, 72], [76, 77], [85, 86], [97, 98], [97, 110], [114, 120], [120, 121], [120, 123], [138, 140]], "functions": {"__getattr__": {"executed_lines": [], "summary": {"covered_lines": 0, "num_statements": 5, "percent_covered": 0.0, "percent_covered_display": "0", "missing_lines": 5, "excluded_lines": 0, "percent_statements_covered": 0.0, "percent_statements_covered_display": "0", "num_branches": 2, "num_partial_branches": 0, "covered_branches": 0, "missing_branches": 2, "percent_branches_covered": 0.0, "percent_branches_covered_display": "0"}, "missing_lines": [43, 44, 45, 47, 53], "excluded_lines": [], "start_line": 41, "executed_branches": [], "missing_branches": [[43, 44], [43, 53]]}, "_has_pharlap_lib": {"executed_lines": [57], "summary": {"covered_lines": 1, "num_statements": 1, "percent_covered": 100.0, "percent_covered_display": "100", "missing_lines": 0, "excluded_lines": 0, "percent_statements_covered": 100.0, "percent_statements_covered_display": "100", "num_branches": 0, "num_partial_branches": 0, "covered_branches": 0, "missing_branches": 0, "percent_branches_covered": 100.0, "percent_branches_covered_display": "100"}, "missing_lines": [], "excluded_lines": [], "start_line": 56, "executed_branches": [], "missing_branches": []}, "_extract_pharlap_lib_from_archive": {"executed_lines": [61, 62, 63, 64, 65, 66, 67, 70, 71, 73, 75, 76, 78, 79, 80, 81, 82, 83, 85, 87], "summary": {"covered_lines": 20, "num_statements": 24, "percent_covered": 75.0, "percent_covered_display": "75", "missing_lines": 4, "excluded_lines": 0, "percent_statements_covered": 83.33333333333333, "percent_statements_covered_display": "83", "num_branches": 16, "num_partial_branches": 6, "covered_branches": 10, "missing_branches": 6, "percent_branches_covered": 62.5, "percent_branches_covered_display": "62"}, "missing_lines": [68, 72, 77, 86], "excluded_lines": [], "start_line": 60, "executed_branches": [[63, 64], [64, 65], [67, 70], [71, 73], [75, 76], [75, 85], [76, 78], [79, 80], [79, 81], [85, 87]], "missing_branches": [[63, 67], [64, 63], [67, 68], [71, 72], [76, 77], [85, 86]]}, "_download_pharlap_lib": {"executed_lines": [], "summary": {"covered_lines": 0, "num_statements": 14, "percent_covered": 0.0, "percent_covered_display": "0", "missing_lines": 14, "excluded_lines": 2, "percent_statements_covered": 0.0, "percent_statements_covered_display": "0", "num_branches": 2, "num_partial_branches": 0, "covered_branches": 0, "missing_branches": 2, "percent_branches_covered": 0.0, "percent_branches_covered_display": "0"}, "missing_lines": [91, 92, 95, 97, 98, 99, 100, 101, 102, 103, 104, 105, 106, 110], "excluded_lines": [107, 108], "start_line": 90, "executed_branches": [], "missing_branches": [[97, 98], [97, 110]]}, "ensure_pharlap_lib": {"executed_lines": [114, 119], "summary": {"covered_lines": 2, "num_statements": 6, "percent_covered": 30.0, "percent_covered_display": "30", "missing_lines": 4, "excluded_lines": 0, "percent_statements_covered": 33.333333333333336, "percent_statements_covered_display": "33", "num_branches": 4, "num_partial_branches": 1, "covered_branches": 1, "missing_branches": 3, "percent_branches_covered": 25.0, "percent_branches_covered_display": "25"}, "missing_lines": [120, 121, 123, 124], "excluded_lines": [], "start_line": 113, "executed_branches": [[114, 119]], "missing_branches": [[114, 120], [120, 121], [120, 123]]}, "bootstrap_pharlap_lib": {"executed_lines": [133, 138, 139], "summary": {"covered_lines": 3, "num_statements": 5, "percent_covered": 57.142857142857146, "percent_covered_display": "57", "missing_lines": 2, "excluded_lines": 3, "percent_statements_covered": 60.0, "percent_statements_covered_display": "60", "num_branches": 2, "num_partial_branches": 1, "covered_branches": 1, "missing_branches": 1, "percent_branches_covered": 50.0, "percent_branches_covered_display": "50"}, "missing_lines": [140, 141], "excluded_lines": [142, 143, 144], "start_line": 127, "executed_branches": [[138, 139]], "missing_branches": [[138, 140]]}, "": {"executed_lines": [6, 8, 9, 10, 11, 12, 13, 15, 17, 18, 23, 24, 25, 26, 38, 41, 56, 60, 90, 113, 127, 148], "summary": {"covered_lines": 22, "num_statements": 22, "percent_covered": 100.0, "percent_covered_display": "100", "missing_lines": 0, "excluded_lines": 0, "percent_statements_covered": 100.0, "percent_statements_covered_display": "100", "num_branches": 0, "num_partial_branches": 0, "covered_branches": 0, "missing_branches": 0, "percent_branches_covered": 100.0, "percent_branches_covered_display": "100"}, "missing_lines": [], "excluded_lines": [], "start_line": 1, "executed_branches": [], "missing_branches": []}}, "classes": {"": {"executed_lines": [6, 8, 9, 10, 11, 12, 13, 15, 17, 18, 23, 24, 25, 26, 38, 41, 56, 57, 60, 61, 62, 63, 64, 65, 66, 67, 70, 71, 73, 75, 76, 78, 79, 80, 81, 82, 83, 85, 87, 90, 113, 114, 119, 127, 133, 138, 139, 148], "summary": {"covered_lines": 48, "num_statements": 77, "percent_covered": 58.25242718446602, "percent_covered_display": "58", "missing_lines": 29, "excluded_lines": 5, "percent_statements_covered": 62.33766233766234, "percent_statements_covered_display": "62", "num_branches": 26, "num_partial_branches": 8, "covered_branches": 12, "missing_branches": 14, "percent_branches_covered": 46.15384615384615, "percent_branches_covered_display": "46"}, "missing_lines": [43, 44, 45, 47, 53, 68, 72, 77, 86, 91, 92, 95, 97, 98, 99, 100, 101, 102, 103, 104, 105, 106, 110, 120, 121, 123, 124, 140, 141], "excluded_lines": [107, 108, 142, 143, 144], "start_line": 1, "executed_branches": [[63, 64], [64, 65], [67, 70], [71, 73], [75, 76], [75, 85], [76, 78], [79, 80], [79, 81], [85, 87], [114, 119], [138, 139]], "missing_branches": [[43, 44], [43, 53], [63, 67], [64, 63], [67, 68], [71, 72], [76, 77], [85, 86], [97, 98], [97, 110], [114, 120], [120, 121], [120, 123], [138, 140]]}}}, "hfpytrace/collision.py": {"executed_lines": [1, 2, 3, 4, 6, 7, 9, 12, 13, 14, 15, 16, 17, 18, 19, 22, 23, 24, 25, 26, 29, 30, 31, 32, 33, 36, 37, 38, 39, 40, 41, 44, 77, 82, 90, 92, 93, 94, 104, 105, 106, 107, 112, 113, 114, 115, 116, 117, 118, 120, 121, 124, 137, 147, 148, 149, 150, 151, 152, 153, 154, 156, 158, 160, 162, 163, 164, 171, 172, 173, 175, 176, 180, 181, 182, 192, 196, 215, 216, 217, 221, 222, 238, 239, 240, 241, 242, 243, 244, 246, 247, 249, 253, 263, 271, 281, 282, 283, 284, 285, 286, 287, 288, 290, 292, 294, 295, 296, 297, 298, 365, 376, 391, 406, 407, 408, 410, 411, 412, 414, 415, 416, 417, 418, 420, 421, 422, 423, 425, 426, 432, 433, 434, 435, 436, 437, 439, 440, 460, 469, 484, 485, 505, 514, 529, 535, 538, 539, 540, 541, 542, 544, 552, 554, 558, 560, 561, 562, 563, 564, 566, 567, 568, 572, 574, 575, 576, 578, 579, 581, 582, 584, 585, 588, 590, 598, 600, 603, 605, 609, 611, 612, 614, 615, 618, 621, 622, 626, 633, 635, 636, 640, 641, 642], "summary": {"covered_lines": 194, "num_statements": 254, "percent_covered": 72.06896551724138, "percent_covered_display": "72", "missing_lines": 60, "excluded_lines": 0, "percent_statements_covered": 76.37795275590551, "percent_statements_covered_display": "76", "num_branches": 36, "num_partial_branches": 9, "covered_branches": 15, "missing_branches": 21, "percent_branches_covered": 41.666666666666664, "percent_branches_covered_display": "42"}, "missing_lines": [49, 50, 52, 53, 54, 59, 61, 62, 63, 65, 73, 74, 155, 157, 159, 165, 166, 177, 178, 197, 198, 199, 200, 205, 208, 209, 210, 211, 212, 213, 289, 291, 303, 304, 305, 307, 308, 309, 310, 312, 313, 314, 315, 320, 322, 323, 324, 326, 334, 335, 337, 338, 339, 343, 344, 360, 361, 362, 363, 366], "excluded_lines": [], "executed_branches": [[104, 105], [104, 120], [106, 107], [154, 156], [156, 158], [158, 160], [171, 172], [196, 215], [238, 239], [238, 246], [288, 290], [290, 292], [422, 423], [574, 575], [574, 600]], "missing_branches": [[53, 54], [53, 59], [106, 112], [154, 155], [156, 157], [158, 159], [171, 180], [196, 197], [197, 198], [197, 246], [199, 200], [199, 205], [288, 289], [290, 291], [303, 304], [303, 312], [312, 313], [312, 337], [314, 315], [314, 320], [422, 425]], "functions": {"_msise3d_chunk": {"executed_lines": [], "summary": {"covered_lines": 0, "num_statements": 10, "percent_covered": 0.0, "percent_covered_display": "0", "missing_lines": 10, "excluded_lines": 0, "percent_statements_covered": 0.0, "percent_statements_covered_display": "0", "num_branches": 2, "num_partial_branches": 0, "covered_branches": 0, "missing_branches": 2, "percent_branches_covered": 0.0, "percent_branches_covered_display": "0"}, "missing_lines": [49, 50, 52, 53, 54, 59, 61, 65, 73, 74], "excluded_lines": [], "start_line": 44, "executed_branches": [], "missing_branches": [[53, 54], [53, 59]]}, "_msise3d_chunk._llh": {"executed_lines": [], "summary": {"covered_lines": 0, "num_statements": 2, "percent_covered": 0.0, "percent_covered_display": "0", "missing_lines": 2, "excluded_lines": 0, "percent_statements_covered": 0.0, "percent_statements_covered_display": "0", "num_branches": 0, "num_partial_branches": 0, "covered_branches": 0, "missing_branches": 0, "percent_branches_covered": 100.0, "percent_branches_covered_display": "100"}, "missing_lines": [62, 63], "excluded_lines": [], "start_line": 61, "executed_branches": [], "missing_branches": []}, "_msise2d_chunk": {"executed_lines": [82, 90, 92, 93, 94, 104, 105, 106, 107, 112, 113, 114, 115, 116, 117, 118, 120, 121], "summary": {"covered_lines": 18, "num_statements": 18, "percent_covered": 95.45454545454545, "percent_covered_display": "95", "missing_lines": 0, "excluded_lines": 0, "percent_statements_covered": 100.0, "percent_statements_covered_display": "100", "num_branches": 4, "num_partial_branches": 1, "covered_branches": 3, "missing_branches": 1, "percent_branches_covered": 75.0, "percent_branches_covered_display": "75"}, "missing_lines": [], "excluded_lines": [], "start_line": 77, "executed_branches": [[104, 105], [104, 120], [106, 107]], "missing_branches": [[106, 112]]}, "NRLMSISE2D.__init__": {"executed_lines": [147, 148, 149, 150, 151, 152, 153, 154, 156, 158, 160], "summary": {"covered_lines": 11, "num_statements": 14, "percent_covered": 70.0, "percent_covered_display": "70", "missing_lines": 3, "excluded_lines": 0, "percent_statements_covered": 78.57142857142857, "percent_statements_covered_display": "79", "num_branches": 6, "num_partial_branches": 3, "covered_branches": 3, "missing_branches": 3, "percent_branches_covered": 50.0, "percent_branches_covered_display": "50"}, "missing_lines": [155, 157, 159], "excluded_lines": [], "start_line": 137, "executed_branches": [[154, 156], [156, 158], [158, 160]], "missing_branches": [[154, 155], [156, 157], [158, 159]]}, "NRLMSISE2D.fetch_dataset": {"executed_lines": [163, 164, 171, 172, 173, 175, 176, 180, 181, 182, 192, 196, 215, 216, 217, 221, 222, 238, 239, 240, 241, 242, 243, 244, 246, 247], "summary": {"covered_lines": 26, "num_statements": 41, "percent_covered": 58.8235294117647, "percent_covered_display": "59", "missing_lines": 15, "excluded_lines": 0, "percent_statements_covered": 63.41463414634146, "percent_statements_covered_display": "63", "num_branches": 10, "num_partial_branches": 2, "covered_branches": 4, "missing_branches": 6, "percent_branches_covered": 40.0, "percent_branches_covered_display": "40"}, "missing_lines": [165, 166, 177, 178, 197, 198, 199, 200, 205, 208, 209, 210, 211, 212, 213], "excluded_lines": [], "start_line": 162, "executed_branches": [[171, 172], [196, 215], [238, 239], [238, 246]], "missing_branches": [[171, 180], [196, 197], [197, 198], [197, 246], [199, 200], [199, 205]]}, "NRLMSISE2D.as_collision_kwargs": {"executed_lines": [253], "summary": {"covered_lines": 1, "num_statements": 1, "percent_covered": 100.0, "percent_covered_display": "100", "missing_lines": 0, "excluded_lines": 0, "percent_statements_covered": 100.0, "percent_statements_covered_display": "100", "num_branches": 0, "num_partial_branches": 0, "covered_branches": 0, "missing_branches": 0, "percent_branches_covered": 100.0, "percent_branches_covered_display": "100"}, "missing_lines": [], "excluded_lines": [], "start_line": 249, "executed_branches": [], "missing_branches": []}, "NRLMSISE3D.__init__": {"executed_lines": [281, 282, 283, 284, 285, 286, 287, 288, 290, 292], "summary": {"covered_lines": 10, "num_statements": 12, "percent_covered": 75.0, "percent_covered_display": "75", "missing_lines": 2, "excluded_lines": 0, "percent_statements_covered": 83.33333333333333, "percent_statements_covered_display": "83", "num_branches": 4, "num_partial_branches": 2, "covered_branches": 2, "missing_branches": 2, "percent_branches_covered": 50.0, "percent_branches_covered_display": "50"}, "missing_lines": [289, 291], "excluded_lines": [], "start_line": 271, "executed_branches": [[288, 290], [290, 292]], "missing_branches": [[288, 289], [290, 291]]}, "NRLMSISE3D.fetch_dataset": {"executed_lines": [295, 296, 297, 298], "summary": {"covered_lines": 4, "num_statements": 29, "percent_covered": 11.428571428571429, "percent_covered_display": "11", "missing_lines": 25, "excluded_lines": 0, "percent_statements_covered": 13.793103448275861, "percent_statements_covered_display": "14", "num_branches": 6, "num_partial_branches": 0, "covered_branches": 0, "missing_branches": 6, "percent_branches_covered": 0.0, "percent_branches_covered_display": "0"}, "missing_lines": [303, 304, 305, 307, 308, 309, 310, 312, 313, 314, 315, 320, 322, 326, 334, 335, 337, 338, 339, 343, 344, 360, 361, 362, 363], "excluded_lines": [], "start_line": 294, "executed_branches": [], "missing_branches": [[303, 304], [303, 312], [312, 313], [312, 337], [314, 315], [314, 320]]}, "NRLMSISE3D.fetch_dataset._llh": {"executed_lines": [], "summary": {"covered_lines": 0, "num_statements": 2, "percent_covered": 0.0, "percent_covered_display": "0", "missing_lines": 2, "excluded_lines": 0, "percent_statements_covered": 0.0, "percent_statements_covered_display": "0", "num_branches": 0, "num_partial_branches": 0, "covered_branches": 0, "missing_branches": 0, "percent_branches_covered": 100.0, "percent_branches_covered_display": "100"}, "missing_lines": [323, 324], "excluded_lines": [], "start_line": 322, "executed_branches": [], "missing_branches": []}, "NRLMSISE3D.as_collision_kwargs": {"executed_lines": [], "summary": {"covered_lines": 0, "num_statements": 1, "percent_covered": 0.0, "percent_covered_display": "0", "missing_lines": 1, "excluded_lines": 0, "percent_statements_covered": 0.0, "percent_statements_covered_display": "0", "num_branches": 0, "num_partial_branches": 0, "covered_branches": 0, "missing_branches": 0, "percent_branches_covered": 100.0, "percent_branches_covered_display": "100"}, "missing_lines": [366], "excluded_lines": [], "start_line": 365, "executed_branches": [], "missing_branches": []}, "ComputeCollision.__init__": {"executed_lines": [406, 407, 408, 410, 411, 412, 414, 415, 416, 417, 418, 420, 421, 422, 423, 425, 426, 432, 433, 434, 435, 436, 437], "summary": {"covered_lines": 23, "num_statements": 23, "percent_covered": 96.0, "percent_covered_display": "96", "missing_lines": 0, "excluded_lines": 0, "percent_statements_covered": 100.0, "percent_statements_covered_display": "100", "num_branches": 2, "num_partial_branches": 1, "covered_branches": 1, "missing_branches": 1, "percent_branches_covered": 50.0, "percent_branches_covered_display": "50"}, "missing_lines": [], "excluded_lines": [], "start_line": 391, "executed_branches": [[422, 423]], "missing_branches": [[422, 425]]}, "ComputeCollision.from_nrlmsise": {"executed_lines": [460, 469], "summary": {"covered_lines": 2, "num_statements": 2, "percent_covered": 100.0, "percent_covered_display": "100", "missing_lines": 0, "excluded_lines": 0, "percent_statements_covered": 100.0, "percent_statements_covered_display": "100", "num_branches": 0, "num_partial_branches": 0, "covered_branches": 0, "missing_branches": 0, "percent_branches_covered": 100.0, "percent_branches_covered_display": "100"}, "missing_lines": [], "excluded_lines": [], "start_line": 440, "executed_branches": [], "missing_branches": []}, "ComputeCollision.from_nrlmsise_3d": {"executed_lines": [505, 514], "summary": {"covered_lines": 2, "num_statements": 2, "percent_covered": 100.0, "percent_covered_display": "100", "missing_lines": 0, "excluded_lines": 0, "percent_statements_covered": 100.0, "percent_statements_covered_display": "100", "num_branches": 0, "num_partial_branches": 0, "covered_branches": 0, "missing_branches": 0, "percent_branches_covered": 100.0, "percent_branches_covered_display": "100"}, "missing_lines": [], "excluded_lines": [], "start_line": 485, "executed_branches": [], "missing_branches": []}, "ComputeCollision.calculate_FT_collision_frequency": {"executed_lines": [535, 538, 539, 540, 541, 542], "summary": {"covered_lines": 6, "num_statements": 6, "percent_covered": 100.0, "percent_covered_display": "100", "missing_lines": 0, "excluded_lines": 0, "percent_statements_covered": 100.0, "percent_statements_covered_display": "100", "num_branches": 0, "num_partial_branches": 0, "covered_branches": 0, "missing_branches": 0, "percent_branches_covered": 100.0, "percent_branches_covered_display": "100"}, "missing_lines": [], "excluded_lines": [], "start_line": 529, "executed_branches": [], "missing_branches": []}, "ComputeCollision.atmospheric_ion_neutral_collision_frequency": {"executed_lines": [552], "summary": {"covered_lines": 1, "num_statements": 1, "percent_covered": 100.0, "percent_covered_display": "100", "missing_lines": 0, "excluded_lines": 0, "percent_statements_covered": 100.0, "percent_statements_covered_display": "100", "num_branches": 0, "num_partial_branches": 0, "covered_branches": 0, "missing_branches": 0, "percent_branches_covered": 100.0, "percent_branches_covered_display": "100"}, "missing_lines": [], "excluded_lines": [], "start_line": 544, "executed_branches": [], "missing_branches": []}, "ComputeCollision.calculate_SN_ei_collision_frequency": {"executed_lines": [558, 560, 561, 562, 563, 564, 566, 567, 568, 572, 574, 575, 576, 578, 579, 581, 582, 584, 585, 588, 590, 598, 600, 603], "summary": {"covered_lines": 24, "num_statements": 24, "percent_covered": 100.0, "percent_covered_display": "100", "missing_lines": 0, "excluded_lines": 0, "percent_statements_covered": 100.0, "percent_statements_covered_display": "100", "num_branches": 2, "num_partial_branches": 0, "covered_branches": 2, "missing_branches": 0, "percent_branches_covered": 100.0, "percent_branches_covered_display": "100"}, "missing_lines": [], "excluded_lines": [], "start_line": 554, "executed_branches": [[574, 575], [574, 600]], "missing_branches": []}, "ComputeCollision.calculate_SN_en_collision_frequency": {"executed_lines": [609, 611, 612, 614, 615, 618, 621, 622, 626, 633], "summary": {"covered_lines": 10, "num_statements": 10, "percent_covered": 100.0, "percent_covered_display": "100", "missing_lines": 0, "excluded_lines": 0, "percent_statements_covered": 100.0, "percent_statements_covered_display": "100", "num_branches": 0, "num_partial_branches": 0, "covered_branches": 0, "missing_branches": 0, "percent_branches_covered": 100.0, "percent_branches_covered_display": "100"}, "missing_lines": [], "excluded_lines": [], "start_line": 605, "executed_branches": [], "missing_branches": []}, "ComputeCollision.atmospheric_collision_frequency": {"executed_lines": [640, 641, 642], "summary": {"covered_lines": 3, "num_statements": 3, "percent_covered": 100.0, "percent_covered_display": "100", "missing_lines": 0, "excluded_lines": 0, "percent_statements_covered": 100.0, "percent_statements_covered_display": "100", "num_branches": 0, "num_partial_branches": 0, "covered_branches": 0, "missing_branches": 0, "percent_branches_covered": 100.0, "percent_branches_covered_display": "100"}, "missing_lines": [], "excluded_lines": [], "start_line": 636, "executed_branches": [], "missing_branches": []}, "": {"executed_lines": [1, 2, 3, 4, 6, 7, 9, 12, 13, 14, 15, 16, 17, 18, 19, 22, 23, 24, 25, 26, 29, 30, 31, 32, 33, 36, 37, 38, 39, 40, 41, 44, 77, 124, 137, 162, 249, 263, 271, 294, 365, 376, 391, 439, 440, 484, 485, 529, 544, 554, 605, 635, 636], "summary": {"covered_lines": 53, "num_statements": 53, "percent_covered": 100.0, "percent_covered_display": "100", "missing_lines": 0, "excluded_lines": 0, "percent_statements_covered": 100.0, "percent_statements_covered_display": "100", "num_branches": 0, "num_partial_branches": 0, "covered_branches": 0, "missing_branches": 0, "percent_branches_covered": 100.0, "percent_branches_covered_display": "100"}, "missing_lines": [], "excluded_lines": [], "start_line": 1, "executed_branches": [], "missing_branches": []}}, "classes": {"Collision_en": {"executed_lines": [], "summary": {"covered_lines": 0, "num_statements": 0, "percent_covered": 100.0, "percent_covered_display": "100", "missing_lines": 0, "excluded_lines": 0, "percent_statements_covered": 100.0, "percent_statements_covered_display": "100", "num_branches": 0, "num_partial_branches": 0, "covered_branches": 0, "missing_branches": 0, "percent_branches_covered": 100.0, "percent_branches_covered_display": "100"}, "missing_lines": [], "excluded_lines": [], "start_line": 13, "executed_branches": [], "missing_branches": []}, "Collision_ei": {"executed_lines": [], "summary": {"covered_lines": 0, "num_statements": 0, "percent_covered": 100.0, "percent_covered_display": "100", "missing_lines": 0, "excluded_lines": 0, "percent_statements_covered": 100.0, "percent_statements_covered_display": "100", "num_branches": 0, "num_partial_branches": 0, "covered_branches": 0, "missing_branches": 0, "percent_branches_covered": 100.0, "percent_branches_covered_display": "100"}, "missing_lines": [], "excluded_lines": [], "start_line": 23, "executed_branches": [], "missing_branches": []}, "Collision_SN": {"executed_lines": [], "summary": {"covered_lines": 0, "num_statements": 0, "percent_covered": 100.0, "percent_covered_display": "100", "missing_lines": 0, "excluded_lines": 0, "percent_statements_covered": 100.0, "percent_statements_covered_display": "100", "num_branches": 0, "num_partial_branches": 0, "covered_branches": 0, "missing_branches": 0, "percent_branches_covered": 100.0, "percent_branches_covered_display": "100"}, "missing_lines": [], "excluded_lines": [], "start_line": 30, "executed_branches": [], "missing_branches": []}, "Collision": {"executed_lines": [], "summary": {"covered_lines": 0, "num_statements": 0, "percent_covered": 100.0, "percent_covered_display": "100", "missing_lines": 0, "excluded_lines": 0, "percent_statements_covered": 100.0, "percent_statements_covered_display": "100", "num_branches": 0, "num_partial_branches": 0, "covered_branches": 0, "missing_branches": 0, "percent_branches_covered": 100.0, "percent_branches_covered_display": "100"}, "missing_lines": [], "excluded_lines": [], "start_line": 37, "executed_branches": [], "missing_branches": []}, "NRLMSISE2D": {"executed_lines": [147, 148, 149, 150, 151, 152, 153, 154, 156, 158, 160, 163, 164, 171, 172, 173, 175, 176, 180, 181, 182, 192, 196, 215, 216, 217, 221, 222, 238, 239, 240, 241, 242, 243, 244, 246, 247, 253], "summary": {"covered_lines": 38, "num_statements": 56, "percent_covered": 62.5, "percent_covered_display": "62", "missing_lines": 18, "excluded_lines": 0, "percent_statements_covered": 67.85714285714286, "percent_statements_covered_display": "68", "num_branches": 16, "num_partial_branches": 5, "covered_branches": 7, "missing_branches": 9, "percent_branches_covered": 43.75, "percent_branches_covered_display": "44"}, "missing_lines": [155, 157, 159, 165, 166, 177, 178, 197, 198, 199, 200, 205, 208, 209, 210, 211, 212, 213], "excluded_lines": [], "start_line": 124, "executed_branches": [[154, 156], [156, 158], [158, 160], [171, 172], [196, 215], [238, 239], [238, 246]], "missing_branches": [[154, 155], [156, 157], [158, 159], [171, 180], [196, 197], [197, 198], [197, 246], [199, 200], [199, 205]]}, "NRLMSISE3D": {"executed_lines": [281, 282, 283, 284, 285, 286, 287, 288, 290, 292, 295, 296, 297, 298], "summary": {"covered_lines": 14, "num_statements": 44, "percent_covered": 29.62962962962963, "percent_covered_display": "30", "missing_lines": 30, "excluded_lines": 0, "percent_statements_covered": 31.818181818181817, "percent_statements_covered_display": "32", "num_branches": 10, "num_partial_branches": 2, "covered_branches": 2, "missing_branches": 8, "percent_branches_covered": 20.0, "percent_branches_covered_display": "20"}, "missing_lines": [289, 291, 303, 304, 305, 307, 308, 309, 310, 312, 313, 314, 315, 320, 322, 323, 324, 326, 334, 335, 337, 338, 339, 343, 344, 360, 361, 362, 363, 366], "excluded_lines": [], "start_line": 263, "executed_branches": [[288, 290], [290, 292]], "missing_branches": [[288, 289], [290, 291], [303, 304], [303, 312], [312, 313], [312, 337], [314, 315], [314, 320]]}, "ComputeCollision": {"executed_lines": [406, 407, 408, 410, 411, 412, 414, 415, 416, 417, 418, 420, 421, 422, 423, 425, 426, 432, 433, 434, 435, 436, 437, 460, 469, 505, 514, 535, 538, 539, 540, 541, 542, 552, 558, 560, 561, 562, 563, 564, 566, 567, 568, 572, 574, 575, 576, 578, 579, 581, 582, 584, 585, 588, 590, 598, 600, 603, 609, 611, 612, 614, 615, 618, 621, 622, 626, 633, 640, 641, 642], "summary": {"covered_lines": 71, "num_statements": 71, "percent_covered": 98.66666666666667, "percent_covered_display": "99", "missing_lines": 0, "excluded_lines": 0, "percent_statements_covered": 100.0, "percent_statements_covered_display": "100", "num_branches": 4, "num_partial_branches": 1, "covered_branches": 3, "missing_branches": 1, "percent_branches_covered": 75.0, "percent_branches_covered_display": "75"}, "missing_lines": [], "excluded_lines": [], "start_line": 376, "executed_branches": [[422, 423], [574, 575], [574, 600]], "missing_branches": [[422, 425]]}, "": {"executed_lines": [1, 2, 3, 4, 6, 7, 9, 12, 13, 14, 15, 16, 17, 18, 19, 22, 23, 24, 25, 26, 29, 30, 31, 32, 33, 36, 37, 38, 39, 40, 41, 44, 77, 82, 90, 92, 93, 94, 104, 105, 106, 107, 112, 113, 114, 115, 116, 117, 118, 120, 121, 124, 137, 162, 249, 263, 271, 294, 365, 376, 391, 439, 440, 484, 485, 529, 544, 554, 605, 635, 636], "summary": {"covered_lines": 71, "num_statements": 83, "percent_covered": 83.14606741573034, "percent_covered_display": "83", "missing_lines": 12, "excluded_lines": 0, "percent_statements_covered": 85.5421686746988, "percent_statements_covered_display": "86", "num_branches": 6, "num_partial_branches": 1, "covered_branches": 3, "missing_branches": 3, "percent_branches_covered": 50.0, "percent_branches_covered_display": "50"}, "missing_lines": [49, 50, 52, 53, 54, 59, 61, 62, 63, 65, 73, 74], "excluded_lines": [], "start_line": 1, "executed_branches": [[104, 105], [104, 120], [106, 107]], "missing_branches": [[53, 54], [53, 59], [106, 112]]}}}, "hfpytrace/density/__init__.py": {"executed_lines": [6, 8, 10, 12, 23], "summary": {"covered_lines": 5, "num_statements": 15, "percent_covered": 29.41176470588235, "percent_covered_display": "29", "missing_lines": 10, "excluded_lines": 0, "percent_statements_covered": 33.333333333333336, "percent_statements_covered_display": "33", "num_branches": 2, "num_partial_branches": 0, "covered_branches": 0, "missing_branches": 2, "percent_branches_covered": 0.0, "percent_branches_covered_display": "0"}, "missing_lines": [24, 33, 34, 35, 36, 37, 38, 39, 40, 44], "excluded_lines": [], "executed_branches": [], "missing_branches": [[33, 34], [33, 35]], "functions": {"__getattr__": {"executed_lines": [], "summary": {"covered_lines": 0, "num_statements": 10, "percent_covered": 0.0, "percent_covered_display": "0", "missing_lines": 10, "excluded_lines": 0, "percent_statements_covered": 0.0, "percent_statements_covered_display": "0", "num_branches": 2, "num_partial_branches": 0, "covered_branches": 0, "missing_branches": 2, "percent_branches_covered": 0.0, "percent_branches_covered_display": "0"}, "missing_lines": [24, 33, 34, 35, 36, 37, 38, 39, 40, 44], "excluded_lines": [], "start_line": 23, "executed_branches": [], "missing_branches": [[33, 34], [33, 35]]}, "": {"executed_lines": [6, 8, 10, 12, 23], "summary": {"covered_lines": 5, "num_statements": 5, "percent_covered": 100.0, "percent_covered_display": "100", "missing_lines": 0, "excluded_lines": 0, "percent_statements_covered": 100.0, "percent_statements_covered_display": "100", "num_branches": 0, "num_partial_branches": 0, "covered_branches": 0, "missing_branches": 0, "percent_branches_covered": 100.0, "percent_branches_covered_display": "100"}, "missing_lines": [], "excluded_lines": [], "start_line": 1, "executed_branches": [], "missing_branches": []}}, "classes": {"": {"executed_lines": [6, 8, 10, 12, 23], "summary": {"covered_lines": 5, "num_statements": 15, "percent_covered": 29.41176470588235, "percent_covered_display": "29", "missing_lines": 10, "excluded_lines": 0, "percent_statements_covered": 33.333333333333336, "percent_statements_covered_display": "33", "num_branches": 2, "num_partial_branches": 0, "covered_branches": 0, "missing_branches": 2, "percent_branches_covered": 0.0, "percent_branches_covered_display": "0"}, "missing_lines": [24, 33, 34, 35, 36, 37, 38, 39, 40, 44], "excluded_lines": [], "start_line": 1, "executed_branches": [], "missing_branches": [[33, 34], [33, 35]]}}}, "hfpytrace/density/gemini.py": {"executed_lines": [1, 2, 3, 4, 6, 7, 8, 9, 10, 12, 15, 16, 21, 22, 23, 24, 25, 27, 42, 56, 63, 109, 133, 148, 149, 150, 151, 152, 153, 154, 156, 157, 159, 160, 163, 165, 166, 171, 172, 173, 175, 176, 178, 180], "summary": {"covered_lines": 44, "num_statements": 101, "percent_covered": 39.02439024390244, "percent_covered_display": "39", "missing_lines": 57, "excluded_lines": 0, "percent_statements_covered": 43.56435643564357, "percent_statements_covered_display": "44", "num_branches": 22, "num_partial_branches": 2, "covered_branches": 4, "missing_branches": 18, "percent_branches_covered": 18.181818181818183, "percent_branches_covered_display": "18"}, "missing_lines": [31, 32, 33, 34, 35, 36, 37, 38, 39, 40, 46, 47, 48, 49, 50, 51, 52, 53, 54, 57, 58, 59, 60, 61, 74, 75, 76, 77, 78, 79, 80, 81, 87, 88, 89, 90, 101, 102, 103, 104, 105, 106, 107, 110, 116, 117, 118, 119, 120, 131, 167, 168, 169, 177, 181, 182, 183], "excluded_lines": [], "executed_branches": [[166, 171], [172, 173], [172, 175], [176, 178]], "missing_branches": [[35, 36], [35, 40], [80, 81], [80, 101], [88, 80], [88, 89], [102, 103], [102, 105], [103, 104], [103, 105], [105, 106], [105, 107], [118, 119], [118, 131], [166, 167], [167, 168], [167, 175], [176, 177]], "functions": {"GEMINI2d.__init__": {"executed_lines": [21, 22, 23, 24, 25], "summary": {"covered_lines": 5, "num_statements": 5, "percent_covered": 100.0, "percent_covered_display": "100", "missing_lines": 0, "excluded_lines": 0, "percent_statements_covered": 100.0, "percent_statements_covered_display": "100", "num_branches": 0, "num_partial_branches": 0, "covered_branches": 0, "missing_branches": 0, "percent_branches_covered": 100.0, "percent_branches_covered_display": "100"}, "missing_lines": [], "excluded_lines": [], "start_line": 16, "executed_branches": [], "missing_branches": []}, "GEMINI2d.search_mat_files": {"executed_lines": [], "summary": {"covered_lines": 0, "num_statements": 10, "percent_covered": 0.0, "percent_covered_display": "0", "missing_lines": 10, "excluded_lines": 0, "percent_statements_covered": 0.0, "percent_statements_covered_display": "0", "num_branches": 2, "num_partial_branches": 0, "covered_branches": 0, "missing_branches": 2, "percent_branches_covered": 0.0, "percent_branches_covered_display": "0"}, "missing_lines": [31, 32, 33, 34, 35, 36, 37, 38, 39, 40], "excluded_lines": [], "start_line": 27, "executed_branches": [], "missing_branches": [[35, 36], [35, 40]]}, "GEMINI2d.load_grid": {"executed_lines": [], "summary": {"covered_lines": 0, "num_statements": 9, "percent_covered": 0.0, "percent_covered_display": "0", "missing_lines": 9, "excluded_lines": 0, "percent_statements_covered": 0.0, "percent_statements_covered_display": "0", "num_branches": 0, "num_partial_branches": 0, "covered_branches": 0, "missing_branches": 0, "percent_branches_covered": 100.0, "percent_branches_covered_display": "100"}, "missing_lines": [46, 47, 48, 49, 50, 51, 52, 53, 54], "excluded_lines": [], "start_line": 42, "executed_branches": [], "missing_branches": []}, "GEMINI2d.load_data": {"executed_lines": [], "summary": {"covered_lines": 0, "num_statements": 5, "percent_covered": 0.0, "percent_covered_display": "0", "missing_lines": 5, "excluded_lines": 0, "percent_statements_covered": 0.0, "percent_statements_covered_display": "0", "num_branches": 0, "num_partial_branches": 0, "covered_branches": 0, "missing_branches": 0, "percent_branches_covered": 100.0, "percent_branches_covered_display": "100"}, "missing_lines": [57, 58, 59, 60, 61], "excluded_lines": [], "start_line": 56, "executed_branches": [], "missing_branches": []}, "GEMINI2d.fetch_dataset": {"executed_lines": [], "summary": {"covered_lines": 0, "num_statements": 19, "percent_covered": 0.0, "percent_covered_display": "0", "missing_lines": 19, "excluded_lines": 0, "percent_statements_covered": 0.0, "percent_statements_covered_display": "0", "num_branches": 10, "num_partial_branches": 0, "covered_branches": 0, "missing_branches": 10, "percent_branches_covered": 0.0, "percent_branches_covered_display": "0"}, "missing_lines": [74, 75, 76, 77, 78, 79, 80, 81, 87, 88, 89, 90, 101, 102, 103, 104, 105, 106, 107], "excluded_lines": [], "start_line": 63, "executed_branches": [], "missing_branches": [[80, 81], [80, 101], [88, 80], [88, 89], [102, 103], [102, 105], [103, 104], [103, 105], [105, 106], [105, 107]]}, "GEMINI2d._fetch_profile_from_df": {"executed_lines": [], "summary": {"covered_lines": 0, "num_statements": 7, "percent_covered": 0.0, "percent_covered_display": "0", "missing_lines": 7, "excluded_lines": 0, "percent_statements_covered": 0.0, "percent_statements_covered_display": "0", "num_branches": 2, "num_partial_branches": 0, "covered_branches": 0, "missing_branches": 2, "percent_branches_covered": 0.0, "percent_branches_covered_display": "0"}, "missing_lines": [110, 116, 117, 118, 119, 120, 131], "excluded_lines": [], "start_line": 109, "executed_branches": [], "missing_branches": [[118, 119], [118, 131]]}, "GEMINI2d.fetch_dataset_3d": {"executed_lines": [148, 149, 150, 151, 152, 153, 154, 156, 157, 159, 165, 166, 171, 172, 173, 175, 176, 178], "summary": {"covered_lines": 18, "num_statements": 22, "percent_covered": 73.33333333333333, "percent_covered_display": "73", "missing_lines": 4, "excluded_lines": 0, "percent_statements_covered": 81.81818181818181, "percent_statements_covered_display": "82", "num_branches": 8, "num_partial_branches": 2, "covered_branches": 4, "missing_branches": 4, "percent_branches_covered": 50.0, "percent_branches_covered_display": "50"}, "missing_lines": [167, 168, 169, 177], "excluded_lines": [], "start_line": 133, "executed_branches": [[166, 171], [172, 173], [172, 175], [176, 178]], "missing_branches": [[166, 167], [167, 168], [167, 175], [176, 177]]}, "GEMINI2d.fetch_dataset_3d._job": {"executed_lines": [160, 163], "summary": {"covered_lines": 2, "num_statements": 2, "percent_covered": 100.0, "percent_covered_display": "100", "missing_lines": 0, "excluded_lines": 0, "percent_statements_covered": 100.0, "percent_statements_covered_display": "100", "num_branches": 0, "num_partial_branches": 0, "covered_branches": 0, "missing_branches": 0, "percent_branches_covered": 100.0, "percent_branches_covered_display": "100"}, "missing_lines": [], "excluded_lines": [], "start_line": 159, "executed_branches": [], "missing_branches": []}, "GEMINI2d.load_from_file": {"executed_lines": [], "summary": {"covered_lines": 0, "num_statements": 3, "percent_covered": 0.0, "percent_covered_display": "0", "missing_lines": 3, "excluded_lines": 0, "percent_statements_covered": 0.0, "percent_statements_covered_display": "0", "num_branches": 0, "num_partial_branches": 0, "covered_branches": 0, "missing_branches": 0, "percent_branches_covered": 100.0, "percent_branches_covered_display": "100"}, "missing_lines": [181, 182, 183], "excluded_lines": [], "start_line": 180, "executed_branches": [], "missing_branches": []}, "": {"executed_lines": [1, 2, 3, 4, 6, 7, 8, 9, 10, 12, 15, 16, 27, 42, 56, 63, 109, 133, 180], "summary": {"covered_lines": 19, "num_statements": 19, "percent_covered": 100.0, "percent_covered_display": "100", "missing_lines": 0, "excluded_lines": 0, "percent_statements_covered": 100.0, "percent_statements_covered_display": "100", "num_branches": 0, "num_partial_branches": 0, "covered_branches": 0, "missing_branches": 0, "percent_branches_covered": 100.0, "percent_branches_covered_display": "100"}, "missing_lines": [], "excluded_lines": [], "start_line": 1, "executed_branches": [], "missing_branches": []}}, "classes": {"GEMINI2d": {"executed_lines": [21, 22, 23, 24, 25, 148, 149, 150, 151, 152, 153, 154, 156, 157, 159, 160, 163, 165, 166, 171, 172, 173, 175, 176, 178], "summary": {"covered_lines": 25, "num_statements": 82, "percent_covered": 27.884615384615383, "percent_covered_display": "28", "missing_lines": 57, "excluded_lines": 0, "percent_statements_covered": 30.48780487804878, "percent_statements_covered_display": "30", "num_branches": 22, "num_partial_branches": 2, "covered_branches": 4, "missing_branches": 18, "percent_branches_covered": 18.181818181818183, "percent_branches_covered_display": "18"}, "missing_lines": [31, 32, 33, 34, 35, 36, 37, 38, 39, 40, 46, 47, 48, 49, 50, 51, 52, 53, 54, 57, 58, 59, 60, 61, 74, 75, 76, 77, 78, 79, 80, 81, 87, 88, 89, 90, 101, 102, 103, 104, 105, 106, 107, 110, 116, 117, 118, 119, 120, 131, 167, 168, 169, 177, 181, 182, 183], "excluded_lines": [], "start_line": 15, "executed_branches": [[166, 171], [172, 173], [172, 175], [176, 178]], "missing_branches": [[35, 36], [35, 40], [80, 81], [80, 101], [88, 80], [88, 89], [102, 103], [102, 105], [103, 104], [103, 105], [105, 106], [105, 107], [118, 119], [118, 131], [166, 167], [167, 168], [167, 175], [176, 177]]}, "": {"executed_lines": [1, 2, 3, 4, 6, 7, 8, 9, 10, 12, 15, 16, 27, 42, 56, 63, 109, 133, 180], "summary": {"covered_lines": 19, "num_statements": 19, "percent_covered": 100.0, "percent_covered_display": "100", "missing_lines": 0, "excluded_lines": 0, "percent_statements_covered": 100.0, "percent_statements_covered_display": "100", "num_branches": 0, "num_partial_branches": 0, "covered_branches": 0, "missing_branches": 0, "percent_branches_covered": 100.0, "percent_branches_covered_display": "100"}, "missing_lines": [], "excluded_lines": [], "start_line": 1, "executed_branches": [], "missing_branches": []}}}, "hfpytrace/density/gitm.py": {"executed_lines": [1, 2, 3, 5, 6, 7, 8, 10, 13, 14, 27, 77, 86, 87, 88, 89, 90, 91, 92, 94, 95, 96, 97, 98, 99, 105, 106, 107, 108, 110, 112, 113, 114, 115, 116, 117, 123, 124, 125, 127, 140, 141, 142, 143, 144, 145, 146, 147, 149, 150, 152, 153, 154, 156, 157, 162, 163, 164, 166, 167, 169, 171], "summary": {"covered_lines": 62, "num_statements": 86, "percent_covered": 70.40816326530613, "percent_covered_display": "70", "missing_lines": 24, "excluded_lines": 0, "percent_statements_covered": 72.09302325581395, "percent_statements_covered_display": "72", "num_branches": 12, "num_partial_branches": 3, "covered_branches": 7, "missing_branches": 5, "percent_branches_covered": 58.333333333333336, "percent_branches_covered_display": "58"}, "missing_lines": [19, 20, 23, 24, 25, 31, 32, 46, 47, 48, 49, 59, 72, 73, 74, 75, 109, 158, 159, 160, 168, 172, 173, 174], "excluded_lines": [], "executed_branches": [[94, 95], [94, 107], [108, 110], [157, 162], [163, 164], [163, 166], [167, 169]], "missing_branches": [[108, 109], [157, 158], [158, 159], [158, 166], [167, 168]], "functions": {"GITM2d.__init__": {"executed_lines": [], "summary": {"covered_lines": 0, "num_statements": 5, "percent_covered": 0.0, "percent_covered_display": "0", "missing_lines": 5, "excluded_lines": 0, "percent_statements_covered": 0.0, "percent_statements_covered_display": "0", "num_branches": 0, "num_partial_branches": 0, "covered_branches": 0, "missing_branches": 0, "percent_branches_covered": 100.0, "percent_branches_covered_display": "100"}, "missing_lines": [19, 20, 23, 24, 25], "excluded_lines": [], "start_line": 14, "executed_branches": [], "missing_branches": []}, "GITM2d.load_nc_dataset": {"executed_lines": [], "summary": {"covered_lines": 0, "num_statements": 11, "percent_covered": 0.0, "percent_covered_display": "0", "missing_lines": 11, "excluded_lines": 0, "percent_statements_covered": 0.0, "percent_statements_covered_display": "0", "num_branches": 0, "num_partial_branches": 0, "covered_branches": 0, "missing_branches": 0, "percent_branches_covered": 100.0, "percent_branches_covered_display": "100"}, "missing_lines": [31, 32, 46, 47, 48, 49, 59, 72, 73, 74, 75], "excluded_lines": [], "start_line": 27, "executed_branches": [], "missing_branches": []}, "GITM2d.fetch_dataset": {"executed_lines": [86, 87, 88, 89, 90, 91, 92, 94, 95, 96, 97, 98, 99, 105, 106, 107, 108, 110], "summary": {"covered_lines": 18, "num_statements": 19, "percent_covered": 91.30434782608695, "percent_covered_display": "91", "missing_lines": 1, "excluded_lines": 0, "percent_statements_covered": 94.73684210526316, "percent_statements_covered_display": "95", "num_branches": 4, "num_partial_branches": 1, "covered_branches": 3, "missing_branches": 1, "percent_branches_covered": 75.0, "percent_branches_covered_display": "75"}, "missing_lines": [109], "excluded_lines": [], "start_line": 77, "executed_branches": [[94, 95], [94, 107], [108, 110]], "missing_branches": [[108, 109]]}, "GITM2d._fetch_profile_1d": {"executed_lines": [113, 114, 115, 116, 117, 123, 124, 125], "summary": {"covered_lines": 8, "num_statements": 8, "percent_covered": 100.0, "percent_covered_display": "100", "missing_lines": 0, "excluded_lines": 0, "percent_statements_covered": 100.0, "percent_statements_covered_display": "100", "num_branches": 0, "num_partial_branches": 0, "covered_branches": 0, "missing_branches": 0, "percent_branches_covered": 100.0, "percent_branches_covered_display": "100"}, "missing_lines": [], "excluded_lines": [], "start_line": 112, "executed_branches": [], "missing_branches": []}, "GITM2d.fetch_dataset_3d": {"executed_lines": [140, 141, 142, 143, 144, 145, 146, 147, 149, 150, 152, 156, 157, 162, 163, 164, 166, 167, 169], "summary": {"covered_lines": 19, "num_statements": 23, "percent_covered": 74.19354838709677, "percent_covered_display": "74", "missing_lines": 4, "excluded_lines": 0, "percent_statements_covered": 82.6086956521739, "percent_statements_covered_display": "83", "num_branches": 8, "num_partial_branches": 2, "covered_branches": 4, "missing_branches": 4, "percent_branches_covered": 50.0, "percent_branches_covered_display": "50"}, "missing_lines": [158, 159, 160, 168], "excluded_lines": [], "start_line": 127, "executed_branches": [[157, 162], [163, 164], [163, 166], [167, 169]], "missing_branches": [[157, 158], [158, 159], [158, 166], [167, 168]]}, "GITM2d.fetch_dataset_3d._job": {"executed_lines": [153, 154], "summary": {"covered_lines": 2, "num_statements": 2, "percent_covered": 100.0, "percent_covered_display": "100", "missing_lines": 0, "excluded_lines": 0, "percent_statements_covered": 100.0, "percent_statements_covered_display": "100", "num_branches": 0, "num_partial_branches": 0, "covered_branches": 0, "missing_branches": 0, "percent_branches_covered": 100.0, "percent_branches_covered_display": "100"}, "missing_lines": [], "excluded_lines": [], "start_line": 152, "executed_branches": [], "missing_branches": []}, "GITM2d.load_from_file": {"executed_lines": [], "summary": {"covered_lines": 0, "num_statements": 3, "percent_covered": 0.0, "percent_covered_display": "0", "missing_lines": 3, "excluded_lines": 0, "percent_statements_covered": 0.0, "percent_statements_covered_display": "0", "num_branches": 0, "num_partial_branches": 0, "covered_branches": 0, "missing_branches": 0, "percent_branches_covered": 100.0, "percent_branches_covered_display": "100"}, "missing_lines": [172, 173, 174], "excluded_lines": [], "start_line": 171, "executed_branches": [], "missing_branches": []}, "": {"executed_lines": [1, 2, 3, 5, 6, 7, 8, 10, 13, 14, 27, 77, 112, 127, 171], "summary": {"covered_lines": 15, "num_statements": 15, "percent_covered": 100.0, "percent_covered_display": "100", "missing_lines": 0, "excluded_lines": 0, "percent_statements_covered": 100.0, "percent_statements_covered_display": "100", "num_branches": 0, "num_partial_branches": 0, "covered_branches": 0, "missing_branches": 0, "percent_branches_covered": 100.0, "percent_branches_covered_display": "100"}, "missing_lines": [], "excluded_lines": [], "start_line": 1, "executed_branches": [], "missing_branches": []}}, "classes": {"GITM2d": {"executed_lines": [86, 87, 88, 89, 90, 91, 92, 94, 95, 96, 97, 98, 99, 105, 106, 107, 108, 110, 113, 114, 115, 116, 117, 123, 124, 125, 140, 141, 142, 143, 144, 145, 146, 147, 149, 150, 152, 153, 154, 156, 157, 162, 163, 164, 166, 167, 169], "summary": {"covered_lines": 47, "num_statements": 71, "percent_covered": 65.06024096385542, "percent_covered_display": "65", "missing_lines": 24, "excluded_lines": 0, "percent_statements_covered": 66.19718309859155, "percent_statements_covered_display": "66", "num_branches": 12, "num_partial_branches": 3, "covered_branches": 7, "missing_branches": 5, "percent_branches_covered": 58.333333333333336, "percent_branches_covered_display": "58"}, "missing_lines": [19, 20, 23, 24, 25, 31, 32, 46, 47, 48, 49, 59, 72, 73, 74, 75, 109, 158, 159, 160, 168, 172, 173, 174], "excluded_lines": [], "start_line": 13, "executed_branches": [[94, 95], [94, 107], [108, 110], [157, 162], [163, 164], [163, 166], [167, 169]], "missing_branches": [[108, 109], [157, 158], [158, 159], [158, 166], [167, 168]]}, "": {"executed_lines": [1, 2, 3, 5, 6, 7, 8, 10, 13, 14, 27, 77, 112, 127, 171], "summary": {"covered_lines": 15, "num_statements": 15, "percent_covered": 100.0, "percent_covered_display": "100", "missing_lines": 0, "excluded_lines": 0, "percent_statements_covered": 100.0, "percent_statements_covered_display": "100", "num_branches": 0, "num_partial_branches": 0, "covered_branches": 0, "missing_branches": 0, "percent_branches_covered": 100.0, "percent_branches_covered_display": "100"}, "missing_lines": [], "excluded_lines": [], "start_line": 1, "executed_branches": [], "missing_branches": []}}}, "hfpytrace/density/iri.py": {"executed_lines": [1, 3, 4, 5, 8, 11, 12, 14, 33, 34, 39, 42, 43, 44, 46, 47, 48, 49, 50, 52, 53, 54, 55, 64, 79, 80, 81, 86, 87, 88, 89, 91, 92, 94, 108, 109, 110, 112, 116, 117, 118, 132, 133, 134, 139, 140, 143, 157, 158, 159, 160, 170, 173, 174, 175, 176, 177, 178, 179, 180, 181, 182, 184, 193, 194, 195, 196, 197, 199, 201, 203, 204, 208, 218, 220, 222, 223, 224, 225, 228, 233, 234, 235, 236, 237, 238, 239, 240, 241, 243, 252, 253, 254, 255, 257, 259, 261, 262, 267, 268, 269, 270, 280, 286, 288], "summary": {"covered_lines": 105, "num_statements": 138, "percent_covered": 69.89247311827957, "percent_covered_display": "70", "missing_lines": 33, "excluded_lines": 0, "percent_statements_covered": 76.08695652173913, "percent_statements_covered_display": "76", "num_branches": 48, "num_partial_branches": 15, "covered_branches": 25, "missing_branches": 23, "percent_branches_covered": 52.083333333333336, "percent_branches_covered_display": "52"}, "missing_lines": [15, 19, 20, 21, 22, 23, 24, 25, 26, 27, 29, 30, 31, 35, 36, 45, 51, 56, 57, 58, 59, 60, 61, 90, 135, 138, 198, 200, 202, 219, 258, 260, 287], "excluded_lines": [], "executed_branches": [[14, 33], [44, 46], [47, 48], [47, 53], [48, 49], [48, 50], [50, 52], [53, 54], [54, 55], [89, 91], [109, 110], [109, 112], [117, 118], [117, 140], [134, 139], [197, 199], [199, 201], [201, 203], [203, 204], [203, 208], [218, 220], [257, 259], [259, 261], [261, 262], [286, 288]], "missing_branches": [[14, 15], [24, 25], [24, 27], [25, 24], [25, 26], [44, 45], [50, 51], [53, 59], [54, 56], [56, 57], [56, 58], [59, 60], [59, 61], [89, 90], [134, 135], [197, 198], [199, 200], [201, 202], [218, 219], [257, 258], [259, 260], [261, 267], [286, 287]], "functions": {"_import_pyiri_sh": {"executed_lines": [11, 12, 14, 33, 34, 39], "summary": {"covered_lines": 6, "num_statements": 13, "percent_covered": 46.666666666666664, "percent_covered_display": "47", "missing_lines": 7, "excluded_lines": 0, "percent_statements_covered": 46.15384615384615, "percent_statements_covered_display": "46", "num_branches": 2, "num_partial_branches": 1, "covered_branches": 1, "missing_branches": 1, "percent_branches_covered": 50.0, "percent_branches_covered_display": "50"}, "missing_lines": [15, 19, 29, 30, 31, 35, 36], "excluded_lines": [], "start_line": 8, "executed_branches": [[14, 33]], "missing_branches": [[14, 15]]}, "_import_pyiri_sh._assoc_legendre_p": {"executed_lines": [], "summary": {"covered_lines": 0, "num_statements": 8, "percent_covered": 0.0, "percent_covered_display": "0", "missing_lines": 8, "excluded_lines": 0, "percent_statements_covered": 0.0, "percent_statements_covered_display": "0", "num_branches": 4, "num_partial_branches": 0, "covered_branches": 0, "missing_branches": 4, "percent_branches_covered": 0.0, "percent_branches_covered_display": "0"}, "missing_lines": [20, 21, 22, 23, 24, 25, 26, 27], "excluded_lines": [], "start_line": 19, "executed_branches": [], "missing_branches": [[24, 25], [24, 27], [25, 24], [25, 26]]}, "_dens_to_points_by_alt": {"executed_lines": [43, 44, 46, 47, 48, 49, 50, 52, 53, 54, 55], "summary": {"covered_lines": 11, "num_statements": 19, "percent_covered": 54.285714285714285, "percent_covered_display": "54", "missing_lines": 8, "excluded_lines": 0, "percent_statements_covered": 57.89473684210526, "percent_statements_covered_display": "58", "num_branches": 16, "num_partial_branches": 4, "covered_branches": 8, "missing_branches": 8, "percent_branches_covered": 50.0, "percent_branches_covered_display": "50"}, "missing_lines": [45, 51, 56, 57, 58, 59, 60, 61], "excluded_lines": [], "start_line": 42, "executed_branches": [[44, 46], [47, 48], [47, 53], [48, 49], [48, 50], [50, 52], [53, 54], [54, 55]], "missing_branches": [[44, 45], [50, 51], [53, 59], [54, 56], [56, 57], [56, 58], [59, 60], [59, 61]]}, "_pyiri_profiles_vectorized": {"executed_lines": [79, 80, 81, 86, 87, 88, 89, 91, 92, 94, 108, 109, 110, 112, 116, 117, 118, 132, 133, 134, 139, 140], "summary": {"covered_lines": 22, "num_statements": 25, "percent_covered": 84.84848484848484, "percent_covered_display": "85", "missing_lines": 3, "excluded_lines": 0, "percent_statements_covered": 88.0, "percent_statements_covered_display": "88", "num_branches": 8, "num_partial_branches": 2, "covered_branches": 6, "missing_branches": 2, "percent_branches_covered": 75.0, "percent_branches_covered_display": "75"}, "missing_lines": [90, 135, 138], "excluded_lines": [], "start_line": 64, "executed_branches": [[89, 91], [109, 110], [109, 112], [117, 118], [117, 140], [134, 139]], "missing_branches": [[89, 90], [134, 135]]}, "_iri_profiles_points_chunked": {"executed_lines": [157, 158, 159, 160, 170], "summary": {"covered_lines": 5, "num_statements": 5, "percent_covered": 100.0, "percent_covered_display": "100", "missing_lines": 0, "excluded_lines": 0, "percent_statements_covered": 100.0, "percent_statements_covered_display": "100", "num_branches": 0, "num_partial_branches": 0, "covered_branches": 0, "missing_branches": 0, "percent_branches_covered": 100.0, "percent_branches_covered_display": "100"}, "missing_lines": [], "excluded_lines": [], "start_line": 143, "executed_branches": [], "missing_branches": []}, "IRI2d.__init__": {"executed_lines": [175, 176, 177, 178, 179, 180, 181, 182], "summary": {"covered_lines": 8, "num_statements": 8, "percent_covered": 100.0, "percent_covered_display": "100", "missing_lines": 0, "excluded_lines": 0, "percent_statements_covered": 100.0, "percent_statements_covered_display": "100", "num_branches": 0, "num_partial_branches": 0, "covered_branches": 0, "missing_branches": 0, "percent_branches_covered": 100.0, "percent_branches_covered_display": "100"}, "missing_lines": [], "excluded_lines": [], "start_line": 174, "executed_branches": [], "missing_branches": []}, "IRI2d.fetch_dataset": {"executed_lines": [193, 194, 195, 196, 197, 199, 201, 203, 204, 208, 218, 220], "summary": {"covered_lines": 12, "num_statements": 16, "percent_covered": 69.23076923076923, "percent_covered_display": "69", "missing_lines": 4, "excluded_lines": 0, "percent_statements_covered": 75.0, "percent_statements_covered_display": "75", "num_branches": 10, "num_partial_branches": 4, "covered_branches": 6, "missing_branches": 4, "percent_branches_covered": 60.0, "percent_branches_covered_display": "60"}, "missing_lines": [198, 200, 202, 219], "excluded_lines": [], "start_line": 184, "executed_branches": [[197, 199], [199, 201], [201, 203], [203, 204], [203, 208], [218, 220]], "missing_branches": [[197, 198], [199, 200], [201, 202], [218, 219]]}, "IRI2d.load_from_file": {"executed_lines": [223, 224, 225], "summary": {"covered_lines": 3, "num_statements": 3, "percent_covered": 100.0, "percent_covered_display": "100", "missing_lines": 0, "excluded_lines": 0, "percent_statements_covered": 100.0, "percent_statements_covered_display": "100", "num_branches": 0, "num_partial_branches": 0, "covered_branches": 0, "missing_branches": 0, "percent_branches_covered": 100.0, "percent_branches_covered_display": "100"}, "missing_lines": [], "excluded_lines": [], "start_line": 222, "executed_branches": [], "missing_branches": []}, "IRI3d.__init__": {"executed_lines": [234, 235, 236, 237, 238, 239, 240, 241], "summary": {"covered_lines": 8, "num_statements": 8, "percent_covered": 100.0, "percent_covered_display": "100", "missing_lines": 0, "excluded_lines": 0, "percent_statements_covered": 100.0, "percent_statements_covered_display": "100", "num_branches": 0, "num_partial_branches": 0, "covered_branches": 0, "missing_branches": 0, "percent_branches_covered": 100.0, "percent_branches_covered_display": "100"}, "missing_lines": [], "excluded_lines": [], "start_line": 233, "executed_branches": [], "missing_branches": []}, "IRI3d.fetch_dataset": {"executed_lines": [252, 253, 254, 255, 257, 259, 261, 262, 267, 268, 269, 270, 280, 286, 288], "summary": {"covered_lines": 15, "num_statements": 18, "percent_covered": 73.07692307692308, "percent_covered_display": "73", "missing_lines": 3, "excluded_lines": 0, "percent_statements_covered": 83.33333333333333, "percent_statements_covered_display": "83", "num_branches": 8, "num_partial_branches": 4, "covered_branches": 4, "missing_branches": 4, "percent_branches_covered": 50.0, "percent_branches_covered_display": "50"}, "missing_lines": [258, 260, 287], "excluded_lines": [], "start_line": 243, "executed_branches": [[257, 259], [259, 261], [261, 262], [286, 288]], "missing_branches": [[257, 258], [259, 260], [261, 267], [286, 287]]}, "": {"executed_lines": [1, 3, 4, 5, 8, 42, 64, 143, 173, 174, 184, 222, 228, 233, 243], "summary": {"covered_lines": 15, "num_statements": 15, "percent_covered": 100.0, "percent_covered_display": "100", "missing_lines": 0, "excluded_lines": 0, "percent_statements_covered": 100.0, "percent_statements_covered_display": "100", "num_branches": 0, "num_partial_branches": 0, "covered_branches": 0, "missing_branches": 0, "percent_branches_covered": 100.0, "percent_branches_covered_display": "100"}, "missing_lines": [], "excluded_lines": [], "start_line": 1, "executed_branches": [], "missing_branches": []}}, "classes": {"IRI2d": {"executed_lines": [175, 176, 177, 178, 179, 180, 181, 182, 193, 194, 195, 196, 197, 199, 201, 203, 204, 208, 218, 220, 223, 224, 225], "summary": {"covered_lines": 23, "num_statements": 27, "percent_covered": 78.37837837837837, "percent_covered_display": "78", "missing_lines": 4, "excluded_lines": 0, "percent_statements_covered": 85.18518518518519, "percent_statements_covered_display": "85", "num_branches": 10, "num_partial_branches": 4, "covered_branches": 6, "missing_branches": 4, "percent_branches_covered": 60.0, "percent_branches_covered_display": "60"}, "missing_lines": [198, 200, 202, 219], "excluded_lines": [], "start_line": 173, "executed_branches": [[197, 199], [199, 201], [201, 203], [203, 204], [203, 208], [218, 220]], "missing_branches": [[197, 198], [199, 200], [201, 202], [218, 219]]}, "IRI3d": {"executed_lines": [234, 235, 236, 237, 238, 239, 240, 241, 252, 253, 254, 255, 257, 259, 261, 262, 267, 268, 269, 270, 280, 286, 288], "summary": {"covered_lines": 23, "num_statements": 26, "percent_covered": 79.41176470588235, "percent_covered_display": "79", "missing_lines": 3, "excluded_lines": 0, "percent_statements_covered": 88.46153846153847, "percent_statements_covered_display": "88", "num_branches": 8, "num_partial_branches": 4, "covered_branches": 4, "missing_branches": 4, "percent_branches_covered": 50.0, "percent_branches_covered_display": "50"}, "missing_lines": [258, 260, 287], "excluded_lines": [], "start_line": 228, "executed_branches": [[257, 259], [259, 261], [261, 262], [286, 288]], "missing_branches": [[257, 258], [259, 260], [261, 267], [286, 287]]}, "": {"executed_lines": [1, 3, 4, 5, 8, 11, 12, 14, 33, 34, 39, 42, 43, 44, 46, 47, 48, 49, 50, 52, 53, 54, 55, 64, 79, 80, 81, 86, 87, 88, 89, 91, 92, 94, 108, 109, 110, 112, 116, 117, 118, 132, 133, 134, 139, 140, 143, 157, 158, 159, 160, 170, 173, 174, 184, 222, 228, 233, 243], "summary": {"covered_lines": 59, "num_statements": 85, "percent_covered": 64.34782608695652, "percent_covered_display": "64", "missing_lines": 26, "excluded_lines": 0, "percent_statements_covered": 69.41176470588235, "percent_statements_covered_display": "69", "num_branches": 30, "num_partial_branches": 7, "covered_branches": 15, "missing_branches": 15, "percent_branches_covered": 50.0, "percent_branches_covered_display": "50"}, "missing_lines": [15, 19, 20, 21, 22, 23, 24, 25, 26, 27, 29, 30, 31, 35, 36, 45, 51, 56, 57, 58, 59, 60, 61, 90, 135, 138], "excluded_lines": [], "start_line": 1, "executed_branches": [[14, 33], [44, 46], [47, 48], [47, 53], [48, 49], [48, 50], [50, 52], [53, 54], [54, 55], [89, 91], [109, 110], [109, 112], [117, 118], [117, 140], [134, 139]], "missing_branches": [[14, 15], [24, 25], [24, 27], [25, 24], [25, 26], [44, 45], [50, 51], [53, 59], [54, 56], [56, 57], [56, 58], [59, 60], [59, 61], [89, 90], [134, 135]]}}}, "hfpytrace/density/sami.py": {"executed_lines": [1, 2, 3, 5, 6, 7, 8, 9, 10, 12, 15, 16, 34, 57, 65, 72, 73, 74, 77, 86, 93, 94, 97, 98, 99, 100, 101, 103, 105, 107, 114, 115, 116, 119, 120, 121, 124, 125, 126, 127, 130, 131, 132, 133, 134, 139, 146, 147, 148, 149, 150, 151, 152, 153, 156, 157, 159, 160, 161, 162, 163, 164, 167, 169, 170, 171, 172, 173, 174, 176, 177, 178, 180, 181, 186, 187, 188, 189, 191, 204, 205, 206, 215, 216, 218, 220], "summary": {"covered_lines": 86, "num_statements": 129, "percent_covered": 64.23841059602648, "percent_covered_display": "64", "missing_lines": 43, "excluded_lines": 0, "percent_statements_covered": 66.66666666666667, "percent_statements_covered_display": "67", "num_branches": 22, "num_partial_branches": 7, "covered_branches": 11, "missing_branches": 11, "percent_branches_covered": 50.0, "percent_branches_covered_display": "50"}, "missing_lines": [22, 23, 24, 27, 30, 31, 32, 35, 36, 37, 38, 42, 43, 44, 45, 46, 47, 48, 52, 53, 54, 55, 61, 62, 63, 75, 87, 89, 90, 104, 182, 183, 184, 208, 209, 210, 211, 212, 213, 217, 221, 222, 223], "excluded_lines": [], "executed_branches": [[72, 73], [73, 74], [86, 93], [103, 105], [150, 151], [150, 157], [181, 186], [187, 188], [187, 189], [204, 205], [216, 218]], "missing_branches": [[42, 43], [42, 45], [72, 75], [73, 72], [86, 87], [103, 104], [181, 182], [182, 183], [182, 189], [204, 208], [216, 217]], "functions": {"SAMI3.__init__": {"executed_lines": [], "summary": {"covered_lines": 0, "num_statements": 7, "percent_covered": 0.0, "percent_covered_display": "0", "missing_lines": 7, "excluded_lines": 0, "percent_statements_covered": 0.0, "percent_statements_covered_display": "0", "num_branches": 0, "num_partial_branches": 0, "covered_branches": 0, "missing_branches": 0, "percent_branches_covered": 100.0, "percent_branches_covered_display": "100"}, "missing_lines": [22, 23, 24, 27, 30, 31, 32], "excluded_lines": [], "start_line": 16, "executed_branches": [], "missing_branches": []}, "SAMI3.load_nc_dataset": {"executed_lines": [], "summary": {"covered_lines": 0, "num_statements": 15, "percent_covered": 0.0, "percent_covered_display": "0", "missing_lines": 15, "excluded_lines": 0, "percent_statements_covered": 0.0, "percent_statements_covered_display": "0", "num_branches": 2, "num_partial_branches": 0, "covered_branches": 0, "missing_branches": 2, "percent_branches_covered": 0.0, "percent_branches_covered_display": "0"}, "missing_lines": [35, 36, 37, 38, 42, 43, 44, 45, 46, 47, 48, 52, 53, 54, 55], "excluded_lines": [], "start_line": 34, "executed_branches": [], "missing_branches": [[42, 43], [42, 45]]}, "SAMI3.round_time": {"executed_lines": [], "summary": {"covered_lines": 0, "num_statements": 3, "percent_covered": 0.0, "percent_covered_display": "0", "missing_lines": 3, "excluded_lines": 0, "percent_statements_covered": 0.0, "percent_statements_covered_display": "0", "num_branches": 0, "num_partial_branches": 0, "covered_branches": 0, "missing_branches": 0, "percent_branches_covered": 100.0, "percent_branches_covered_display": "100"}, "missing_lines": [61, 62, 63], "excluded_lines": [], "start_line": 57, "executed_branches": [], "missing_branches": []}, "SAMI3.find_time_index": {"executed_lines": [72, 73, 74], "summary": {"covered_lines": 3, "num_statements": 4, "percent_covered": 62.5, "percent_covered_display": "62", "missing_lines": 1, "excluded_lines": 0, "percent_statements_covered": 75.0, "percent_statements_covered_display": "75", "num_branches": 4, "num_partial_branches": 2, "covered_branches": 2, "missing_branches": 2, "percent_branches_covered": 50.0, "percent_branches_covered_display": "50"}, "missing_lines": [75], "excluded_lines": [], "start_line": 65, "executed_branches": [[72, 73], [73, 74]], "missing_branches": [[72, 75], [73, 72]]}, "SAMI3.fetch_dataset": {"executed_lines": [86, 93, 94, 97, 98, 99, 100, 101, 103, 105], "summary": {"covered_lines": 10, "num_statements": 14, "percent_covered": 66.66666666666667, "percent_covered_display": "67", "missing_lines": 4, "excluded_lines": 0, "percent_statements_covered": 71.42857142857143, "percent_statements_covered_display": "71", "num_branches": 4, "num_partial_branches": 2, "covered_branches": 2, "missing_branches": 2, "percent_branches_covered": 50.0, "percent_branches_covered_display": "50"}, "missing_lines": [87, 89, 90, 104], "excluded_lines": [], "start_line": 77, "executed_branches": [[86, 93], [103, 105]], "missing_branches": [[86, 87], [103, 104]]}, "SAMI3._bilinear_ne_profile": {"executed_lines": [114, 115, 116, 119, 120, 121, 124, 125, 126, 127, 130, 131, 132, 133, 134], "summary": {"covered_lines": 15, "num_statements": 15, "percent_covered": 100.0, "percent_covered_display": "100", "missing_lines": 0, "excluded_lines": 0, "percent_statements_covered": 100.0, "percent_statements_covered_display": "100", "num_branches": 0, "num_partial_branches": 0, "covered_branches": 0, "missing_branches": 0, "percent_branches_covered": 100.0, "percent_branches_covered_display": "100"}, "missing_lines": [], "excluded_lines": [], "start_line": 107, "executed_branches": [], "missing_branches": []}, "SAMI3.fetch_interpolated_data": {"executed_lines": [146, 147, 148, 149, 150, 151, 152, 153, 156, 157], "summary": {"covered_lines": 10, "num_statements": 10, "percent_covered": 100.0, "percent_covered_display": "100", "missing_lines": 0, "excluded_lines": 0, "percent_statements_covered": 100.0, "percent_statements_covered_display": "100", "num_branches": 2, "num_partial_branches": 0, "covered_branches": 2, "missing_branches": 0, "percent_branches_covered": 100.0, "percent_branches_covered_display": "100"}, "missing_lines": [], "excluded_lines": [], "start_line": 139, "executed_branches": [[150, 151], [150, 157]], "missing_branches": []}, "SAMI3._fetch_profile_at_index": {"executed_lines": [160, 161, 162, 163, 164, 167], "summary": {"covered_lines": 6, "num_statements": 6, "percent_covered": 100.0, "percent_covered_display": "100", "missing_lines": 0, "excluded_lines": 0, "percent_statements_covered": 100.0, "percent_statements_covered_display": "100", "num_branches": 0, "num_partial_branches": 0, "covered_branches": 0, "missing_branches": 0, "percent_branches_covered": 100.0, "percent_branches_covered_display": "100"}, "missing_lines": [], "excluded_lines": [], "start_line": 159, "executed_branches": [], "missing_branches": []}, "SAMI3._fetch_cube_at_index": {"executed_lines": [170, 171, 172, 173, 174, 176, 180, 181, 186, 187, 188, 189], "summary": {"covered_lines": 12, "num_statements": 15, "percent_covered": 71.42857142857143, "percent_covered_display": "71", "missing_lines": 3, "excluded_lines": 0, "percent_statements_covered": 80.0, "percent_statements_covered_display": "80", "num_branches": 6, "num_partial_branches": 1, "covered_branches": 3, "missing_branches": 3, "percent_branches_covered": 50.0, "percent_branches_covered_display": "50"}, "missing_lines": [182, 183, 184], "excluded_lines": [], "start_line": 169, "executed_branches": [[181, 186], [187, 188], [187, 189]], "missing_branches": [[181, 182], [182, 183], [182, 189]]}, "SAMI3._fetch_cube_at_index._job": {"executed_lines": [177, 178], "summary": {"covered_lines": 2, "num_statements": 2, "percent_covered": 100.0, "percent_covered_display": "100", "missing_lines": 0, "excluded_lines": 0, "percent_statements_covered": 100.0, "percent_statements_covered_display": "100", "num_branches": 0, "num_partial_branches": 0, "covered_branches": 0, "missing_branches": 0, "percent_branches_covered": 100.0, "percent_branches_covered_display": "100"}, "missing_lines": [], "excluded_lines": [], "start_line": 176, "executed_branches": [], "missing_branches": []}, "SAMI3.fetch_dataset_3d": {"executed_lines": [204, 205, 206, 215, 216, 218], "summary": {"covered_lines": 6, "num_statements": 13, "percent_covered": 47.05882352941177, "percent_covered_display": "47", "missing_lines": 7, "excluded_lines": 0, "percent_statements_covered": 46.15384615384615, "percent_statements_covered_display": "46", "num_branches": 4, "num_partial_branches": 2, "covered_branches": 2, "missing_branches": 2, "percent_branches_covered": 50.0, "percent_branches_covered_display": "50"}, "missing_lines": [208, 209, 210, 211, 212, 213, 217], "excluded_lines": [], "start_line": 191, "executed_branches": [[204, 205], [216, 218]], "missing_branches": [[204, 208], [216, 217]]}, "SAMI3.load_from_file": {"executed_lines": [], "summary": {"covered_lines": 0, "num_statements": 3, "percent_covered": 0.0, "percent_covered_display": "0", "missing_lines": 3, "excluded_lines": 0, "percent_statements_covered": 0.0, "percent_statements_covered_display": "0", "num_branches": 0, "num_partial_branches": 0, "covered_branches": 0, "missing_branches": 0, "percent_branches_covered": 100.0, "percent_branches_covered_display": "100"}, "missing_lines": [221, 222, 223], "excluded_lines": [], "start_line": 220, "executed_branches": [], "missing_branches": []}, "": {"executed_lines": [1, 2, 3, 5, 6, 7, 8, 9, 10, 12, 15, 16, 34, 57, 65, 77, 107, 139, 159, 169, 191, 220], "summary": {"covered_lines": 22, "num_statements": 22, "percent_covered": 100.0, "percent_covered_display": "100", "missing_lines": 0, "excluded_lines": 0, "percent_statements_covered": 100.0, "percent_statements_covered_display": "100", "num_branches": 0, "num_partial_branches": 0, "covered_branches": 0, "missing_branches": 0, "percent_branches_covered": 100.0, "percent_branches_covered_display": "100"}, "missing_lines": [], "excluded_lines": [], "start_line": 1, "executed_branches": [], "missing_branches": []}}, "classes": {"SAMI3": {"executed_lines": [72, 73, 74, 86, 93, 94, 97, 98, 99, 100, 101, 103, 105, 114, 115, 116, 119, 120, 121, 124, 125, 126, 127, 130, 131, 132, 133, 134, 146, 147, 148, 149, 150, 151, 152, 153, 156, 157, 160, 161, 162, 163, 164, 167, 170, 171, 172, 173, 174, 176, 177, 178, 180, 181, 186, 187, 188, 189, 204, 205, 206, 215, 216, 218], "summary": {"covered_lines": 64, "num_statements": 107, "percent_covered": 58.13953488372093, "percent_covered_display": "58", "missing_lines": 43, "excluded_lines": 0, "percent_statements_covered": 59.81308411214953, "percent_statements_covered_display": "60", "num_branches": 22, "num_partial_branches": 7, "covered_branches": 11, "missing_branches": 11, "percent_branches_covered": 50.0, "percent_branches_covered_display": "50"}, "missing_lines": [22, 23, 24, 27, 30, 31, 32, 35, 36, 37, 38, 42, 43, 44, 45, 46, 47, 48, 52, 53, 54, 55, 61, 62, 63, 75, 87, 89, 90, 104, 182, 183, 184, 208, 209, 210, 211, 212, 213, 217, 221, 222, 223], "excluded_lines": [], "start_line": 15, "executed_branches": [[72, 73], [73, 74], [86, 93], [103, 105], [150, 151], [150, 157], [181, 186], [187, 188], [187, 189], [204, 205], [216, 218]], "missing_branches": [[42, 43], [42, 45], [72, 75], [73, 72], [86, 87], [103, 104], [181, 182], [182, 183], [182, 189], [204, 208], [216, 217]]}, "": {"executed_lines": [1, 2, 3, 5, 6, 7, 8, 9, 10, 12, 15, 16, 34, 57, 65, 77, 107, 139, 159, 169, 191, 220], "summary": {"covered_lines": 22, "num_statements": 22, "percent_covered": 100.0, "percent_covered_display": "100", "missing_lines": 0, "excluded_lines": 0, "percent_statements_covered": 100.0, "percent_statements_covered_display": "100", "num_branches": 0, "num_partial_branches": 0, "covered_branches": 0, "missing_branches": 0, "percent_branches_covered": 100.0, "percent_branches_covered_display": "100"}, "missing_lines": [], "excluded_lines": [], "start_line": 1, "executed_branches": [], "missing_branches": []}}}, "hfpytrace/density/waccm.py": {"executed_lines": [1, 2, 3, 5, 6, 7, 8, 10, 13, 14, 27, 39, 40, 41, 42, 43, 44, 45, 46, 47, 49, 95, 107, 140, 147, 148, 149, 150, 151, 152, 153, 154, 155, 156, 157, 158, 164, 165, 167, 168, 169, 170, 171, 172, 173, 174, 175, 176, 182, 184, 185, 186, 187, 188, 189, 191, 192, 193, 195, 196, 201, 202, 203, 204, 206, 219, 220, 221, 231, 232, 234, 236], "summary": {"covered_lines": 72, "num_statements": 124, "percent_covered": 55.47945205479452, "percent_covered_display": "55", "missing_lines": 52, "excluded_lines": 0, "percent_statements_covered": 58.064516129032256, "percent_statements_covered_display": "58", "num_branches": 22, "num_partial_branches": 3, "covered_branches": 9, "missing_branches": 13, "percent_branches_covered": 40.90909090909091, "percent_branches_covered_display": "41"}, "missing_lines": [19, 20, 21, 24, 25, 53, 54, 73, 74, 75, 79, 83, 84, 85, 86, 87, 90, 91, 92, 93, 102, 103, 104, 105, 116, 117, 119, 120, 123, 124, 127, 128, 129, 130, 134, 136, 137, 138, 197, 198, 199, 223, 224, 225, 226, 227, 228, 229, 233, 237, 238, 239], "excluded_lines": [], "executed_branches": [[43, 44], [43, 47], [152, 153], [152, 165], [196, 201], [202, 203], [202, 204], [219, 220], [232, 234]], "missing_branches": [[102, 103], [102, 105], [103, 102], [103, 104], [116, 117], [116, 123], [136, 137], [136, 138], [196, 197], [197, 198], [197, 204], [219, 223], [232, 233]], "functions": {"WACCMX2d.__init__": {"executed_lines": [], "summary": {"covered_lines": 0, "num_statements": 5, "percent_covered": 0.0, "percent_covered_display": "0", "missing_lines": 5, "excluded_lines": 0, "percent_statements_covered": 0.0, "percent_statements_covered_display": "0", "num_branches": 0, "num_partial_branches": 0, "covered_branches": 0, "missing_branches": 0, "percent_branches_covered": 100.0, "percent_branches_covered_display": "100"}, "missing_lines": [19, 20, 21, 24, 25], "excluded_lines": [], "start_line": 14, "executed_branches": [], "missing_branches": []}, "WACCMX2d.transform_density": {"executed_lines": [39, 40, 41, 42, 43, 44, 45, 46, 47], "summary": {"covered_lines": 9, "num_statements": 9, "percent_covered": 100.0, "percent_covered_display": "100", "missing_lines": 0, "excluded_lines": 0, "percent_statements_covered": 100.0, "percent_statements_covered_display": "100", "num_branches": 2, "num_partial_branches": 0, "covered_branches": 2, "missing_branches": 0, "percent_branches_covered": 100.0, "percent_branches_covered_display": "100"}, "missing_lines": [], "excluded_lines": [], "start_line": 27, "executed_branches": [[43, 44], [43, 47]], "missing_branches": []}, "WACCMX2d.load_nc_dataset": {"executed_lines": [], "summary": {"covered_lines": 0, "num_statements": 15, "percent_covered": 0.0, "percent_covered_display": "0", "missing_lines": 15, "excluded_lines": 0, "percent_statements_covered": 0.0, "percent_statements_covered_display": "0", "num_branches": 0, "num_partial_branches": 0, "covered_branches": 0, "missing_branches": 0, "percent_branches_covered": 100.0, "percent_branches_covered_display": "100"}, "missing_lines": [53, 54, 73, 74, 75, 79, 83, 84, 85, 86, 87, 90, 91, 92, 93], "excluded_lines": [], "start_line": 49, "executed_branches": [], "missing_branches": []}, "WACCMX2d.find_time_index": {"executed_lines": [], "summary": {"covered_lines": 0, "num_statements": 4, "percent_covered": 0.0, "percent_covered_display": "0", "missing_lines": 4, "excluded_lines": 0, "percent_statements_covered": 0.0, "percent_statements_covered_display": "0", "num_branches": 4, "num_partial_branches": 0, "covered_branches": 0, "missing_branches": 4, "percent_branches_covered": 0.0, "percent_branches_covered_display": "0"}, "missing_lines": [102, 103, 104, 105], "excluded_lines": [], "start_line": 95, "executed_branches": [], "missing_branches": [[102, 103], [102, 105], [103, 102], [103, 104]]}, "WACCMX2d.fetch_dataset": {"executed_lines": [], "summary": {"covered_lines": 0, "num_statements": 14, "percent_covered": 0.0, "percent_covered_display": "0", "missing_lines": 14, "excluded_lines": 0, "percent_statements_covered": 0.0, "percent_statements_covered_display": "0", "num_branches": 4, "num_partial_branches": 0, "covered_branches": 0, "missing_branches": 4, "percent_branches_covered": 0.0, "percent_branches_covered_display": "0"}, "missing_lines": [116, 117, 119, 120, 123, 124, 127, 128, 129, 130, 134, 136, 137, 138], "excluded_lines": [], "start_line": 107, "executed_branches": [], "missing_branches": [[116, 117], [116, 123], [136, 137], [136, 138]]}, "WACCMX2d.fetch_interpolated_data": {"executed_lines": [147, 148, 149, 150, 151, 152, 153, 154, 155, 156, 157, 158, 164, 165], "summary": {"covered_lines": 14, "num_statements": 14, "percent_covered": 100.0, "percent_covered_display": "100", "missing_lines": 0, "excluded_lines": 0, "percent_statements_covered": 100.0, "percent_statements_covered_display": "100", "num_branches": 2, "num_partial_branches": 0, "covered_branches": 2, "missing_branches": 0, "percent_branches_covered": 100.0, "percent_branches_covered_display": "100"}, "missing_lines": [], "excluded_lines": [], "start_line": 140, "executed_branches": [[152, 153], [152, 165]], "missing_branches": []}, "WACCMX2d._fetch_profile_at_index": {"executed_lines": [168, 169, 170, 171, 172, 173, 174, 175, 176, 182], "summary": {"covered_lines": 10, "num_statements": 10, "percent_covered": 100.0, "percent_covered_display": "100", "missing_lines": 0, "excluded_lines": 0, "percent_statements_covered": 100.0, "percent_statements_covered_display": "100", "num_branches": 0, "num_partial_branches": 0, "covered_branches": 0, "missing_branches": 0, "percent_branches_covered": 100.0, "percent_branches_covered_display": "100"}, "missing_lines": [], "excluded_lines": [], "start_line": 167, "executed_branches": [], "missing_branches": []}, "WACCMX2d._fetch_cube_at_index": {"executed_lines": [185, 186, 187, 188, 189, 191, 195, 196, 201, 202, 203, 204], "summary": {"covered_lines": 12, "num_statements": 15, "percent_covered": 71.42857142857143, "percent_covered_display": "71", "missing_lines": 3, "excluded_lines": 0, "percent_statements_covered": 80.0, "percent_statements_covered_display": "80", "num_branches": 6, "num_partial_branches": 1, "covered_branches": 3, "missing_branches": 3, "percent_branches_covered": 50.0, "percent_branches_covered_display": "50"}, "missing_lines": [197, 198, 199], "excluded_lines": [], "start_line": 184, "executed_branches": [[196, 201], [202, 203], [202, 204]], "missing_branches": [[196, 197], [197, 198], [197, 204]]}, "WACCMX2d._fetch_cube_at_index._job": {"executed_lines": [192, 193], "summary": {"covered_lines": 2, "num_statements": 2, "percent_covered": 100.0, "percent_covered_display": "100", "missing_lines": 0, "excluded_lines": 0, "percent_statements_covered": 100.0, "percent_statements_covered_display": "100", "num_branches": 0, "num_partial_branches": 0, "covered_branches": 0, "missing_branches": 0, "percent_branches_covered": 100.0, "percent_branches_covered_display": "100"}, "missing_lines": [], "excluded_lines": [], "start_line": 191, "executed_branches": [], "missing_branches": []}, "WACCMX2d.fetch_dataset_3d": {"executed_lines": [219, 220, 221, 231, 232, 234], "summary": {"covered_lines": 6, "num_statements": 14, "percent_covered": 44.44444444444444, "percent_covered_display": "44", "missing_lines": 8, "excluded_lines": 0, "percent_statements_covered": 42.857142857142854, "percent_statements_covered_display": "43", "num_branches": 4, "num_partial_branches": 2, "covered_branches": 2, "missing_branches": 2, "percent_branches_covered": 50.0, "percent_branches_covered_display": "50"}, "missing_lines": [223, 224, 225, 226, 227, 228, 229, 233], "excluded_lines": [], "start_line": 206, "executed_branches": [[219, 220], [232, 234]], "missing_branches": [[219, 223], [232, 233]]}, "WACCMX2d.load_from_file": {"executed_lines": [], "summary": {"covered_lines": 0, "num_statements": 3, "percent_covered": 0.0, "percent_covered_display": "0", "missing_lines": 3, "excluded_lines": 0, "percent_statements_covered": 0.0, "percent_statements_covered_display": "0", "num_branches": 0, "num_partial_branches": 0, "covered_branches": 0, "missing_branches": 0, "percent_branches_covered": 100.0, "percent_branches_covered_display": "100"}, "missing_lines": [237, 238, 239], "excluded_lines": [], "start_line": 236, "executed_branches": [], "missing_branches": []}, "": {"executed_lines": [1, 2, 3, 5, 6, 7, 8, 10, 13, 14, 27, 49, 95, 107, 140, 167, 184, 206, 236], "summary": {"covered_lines": 19, "num_statements": 19, "percent_covered": 100.0, "percent_covered_display": "100", "missing_lines": 0, "excluded_lines": 0, "percent_statements_covered": 100.0
[...]
tements": 8, "percent_covered": 83.33333333333333, "percent_covered_display": "83", "missing_lines": 1, "excluded_lines": 0, "percent_statements_covered": 87.5, "percent_statements_covered_display": "88", "num_branches": 4, "num_partial_branches": 1, "covered_branches": 3, "missing_branches": 1, "percent_branches_covered": 75.0, "percent_branches_covered_display": "75"}, "missing_lines": [96], "excluded_lines": [], "start_line": 90, "executed_branches": [[94, 95], [94, 98], [95, 97]], "missing_branches": [[95, 96]]}, "get_installed_config_path": {"executed_lines": [108, 109, 110], "summary": {"covered_lines": 3, "num_statements": 5, "percent_covered": 60.0, "percent_covered_display": "60", "missing_lines": 2, "excluded_lines": 0, "percent_statements_covered": 60.0, "percent_statements_covered_display": "60", "num_branches": 0, "num_partial_branches": 0, "covered_branches": 0, "missing_branches": 0, "percent_branches_covered": 100.0, "percent_branches_covered_display": "100"}, "missing_lines": [111, 112], "excluded_lines": [], "start_line": 104, "executed_branches": [], "missing_branches": []}, "resolve_config_path": {"executed_lines": [127, 128, 129, 130, 131, 132, 133, 134, 138, 139, 141], "summary": {"covered_lines": 11, "num_statements": 12, "percent_covered": 90.0, "percent_covered_display": "90", "missing_lines": 1, "excluded_lines": 0, "percent_statements_covered": 91.66666666666667, "percent_statements_covered_display": "92", "num_branches": 8, "num_partial_branches": 1, "covered_branches": 7, "missing_branches": 1, "percent_branches_covered": 87.5, "percent_branches_covered_display": "88"}, "missing_lines": [140], "excluded_lines": [], "start_line": 115, "executed_branches": [[127, 128], [127, 138], [129, 130], [129, 131], [132, 133], [132, 134], [139, 141]], "missing_branches": [[139, 140]]}, "get_default_config_name": {"executed_lines": [153, 154, 162, 163, 164], "summary": {"covered_lines": 5, "num_statements": 5, "percent_covered": 100.0, "percent_covered_display": "100", "missing_lines": 0, "excluded_lines": 0, "percent_statements_covered": 100.0, "percent_statements_covered_display": "100", "num_branches": 2, "num_partial_branches": 0, "covered_branches": 2, "missing_branches": 0, "percent_branches_covered": 100.0, "percent_branches_covered_display": "100"}, "missing_lines": [], "excluded_lines": [], "start_line": 144, "executed_branches": [[162, 163], [162, 164]], "missing_branches": []}, "load_config": {"executed_lines": [174, 175, 176], "summary": {"covered_lines": 3, "num_statements": 3, "percent_covered": 100.0, "percent_covered_display": "100", "missing_lines": 0, "excluded_lines": 0, "percent_statements_covered": 100.0, "percent_statements_covered_display": "100", "num_branches": 0, "num_partial_branches": 0, "covered_branches": 0, "missing_branches": 0, "percent_branches_covered": 100.0, "percent_branches_covered_display": "100"}, "missing_lines": [], "excluded_lines": [], "start_line": 167, "executed_branches": [], "missing_branches": []}, "load_config_1D": {"executed_lines": [180], "summary": {"covered_lines": 1, "num_statements": 1, "percent_covered": 100.0, "percent_covered_display": "100", "missing_lines": 0, "excluded_lines": 0, "percent_statements_covered": 100.0, "percent_statements_covered_display": "100", "num_branches": 0, "num_partial_branches": 0, "covered_branches": 0, "missing_branches": 0, "percent_branches_covered": 100.0, "percent_branches_covered_display": "100"}, "missing_lines": [], "excluded_lines": [], "start_line": 179, "executed_branches": [], "missing_branches": []}, "load_config_2D": {"executed_lines": [184], "summary": {"covered_lines": 1, "num_statements": 1, "percent_covered": 100.0, "percent_covered_display": "100", "missing_lines": 0, "excluded_lines": 0, "percent_statements_covered": 100.0, "percent_statements_covered_display": "100", "num_branches": 0, "num_partial_branches": 0, "covered_branches": 0, "missing_branches": 0, "percent_branches_covered": 100.0, "percent_branches_covered_display": "100"}, "missing_lines": [], "excluded_lines": [], "start_line": 183, "executed_branches": [], "missing_branches": []}, "load_config_3D": {"executed_lines": [188], "summary": {"covered_lines": 1, "num_statements": 1, "percent_covered": 100.0, "percent_covered_display": "100", "missing_lines": 0, "excluded_lines": 0, "percent_statements_covered": 100.0, "percent_statements_covered_display": "100", "num_branches": 0, "num_partial_branches": 0, "covered_branches": 0, "missing_branches": 0, "percent_branches_covered": 100.0, "percent_branches_covered_display": "100"}, "missing_lines": [], "excluded_lines": [], "start_line": 187, "executed_branches": [], "missing_branches": []}, "to_namespace": {"executed_lines": [195, 196, 197, 198, 199], "summary": {"covered_lines": 5, "num_statements": 5, "percent_covered": 100.0, "percent_covered_display": "100", "missing_lines": 0, "excluded_lines": 0, "percent_statements_covered": 100.0, "percent_statements_covered_display": "100", "num_branches": 4, "num_partial_branches": 0, "covered_branches": 4, "missing_branches": 0, "percent_branches_covered": 100.0, "percent_branches_covered_display": "100"}, "missing_lines": [], "excluded_lines": [], "start_line": 191, "executed_branches": [[195, 196], [195, 197], [197, 198], [197, 199]], "missing_branches": []}, "clean": {"executed_lines": [203, 204, 205, 206, 207], "summary": {"covered_lines": 5, "num_statements": 5, "percent_covered": 88.88888888888889, "percent_covered_display": "89", "missing_lines": 0, "excluded_lines": 0, "percent_statements_covered": 100.0, "percent_statements_covered_display": "100", "num_branches": 4, "num_partial_branches": 1, "covered_branches": 3, "missing_branches": 1, "percent_branches_covered": 75.0, "percent_branches_covered_display": "75"}, "missing_lines": [], "excluded_lines": [], "start_line": 202, "executed_branches": [[204, 205], [204, 207], [205, 206]], "missing_branches": [[205, 204]]}, "extrap1d": {"executed_lines": [212, 213, 214, 216, 224, 227], "summary": {"covered_lines": 6, "num_statements": 6, "percent_covered": 100.0, "percent_covered_display": "100", "missing_lines": 0, "excluded_lines": 0, "percent_statements_covered": 100.0, "percent_statements_covered_display": "100", "num_branches": 0, "num_partial_branches": 0, "covered_branches": 0, "missing_branches": 0, "percent_branches_covered": 100.0, "percent_branches_covered_display": "100"}, "missing_lines": [], "excluded_lines": [], "start_line": 210, "executed_branches": [], "missing_branches": []}, "extrap1d.pointwise": {"executed_lines": [217, 218, 219, 220, 222], "summary": {"covered_lines": 5, "num_statements": 5, "percent_covered": 100.0, "percent_covered_display": "100", "missing_lines": 0, "excluded_lines": 0, "percent_statements_covered": 100.0, "percent_statements_covered_display": "100", "num_branches": 4, "num_partial_branches": 0, "covered_branches": 4, "missing_branches": 0, "percent_branches_covered": 100.0, "percent_branches_covered_display": "100"}, "missing_lines": [], "excluded_lines": [], "start_line": 216, "executed_branches": [[217, 218], [217, 219], [219, 220], [219, 222]], "missing_branches": []}, "extrap1d.ufunclike": {"executed_lines": [225], "summary": {"covered_lines": 1, "num_statements": 1, "percent_covered": 100.0, "percent_covered_display": "100", "missing_lines": 0, "excluded_lines": 0, "percent_statements_covered": 100.0, "percent_statements_covered_display": "100", "num_branches": 0, "num_partial_branches": 0, "covered_branches": 0, "missing_branches": 0, "percent_branches_covered": 100.0, "percent_branches_covered_display": "100"}, "missing_lines": [], "excluded_lines": [], "start_line": 224, "executed_branches": [], "missing_branches": []}, "interpolate_by_altitude": {"executed_lines": [231, 232, 237, 238, 243], "summary": {"covered_lines": 5, "num_statements": 5, "percent_covered": 100.0, "percent_covered_display": "100", "missing_lines": 0, "excluded_lines": 0, "percent_statements_covered": 100.0, "percent_statements_covered_display": "100", "num_branches": 4, "num_partial_branches": 0, "covered_branches": 4, "missing_branches": 0, "percent_branches_covered": 100.0, "percent_branches_covered_display": "100"}, "missing_lines": [], "excluded_lines": [], "start_line": 230, "executed_branches": [[231, 232], [231, 237], [237, 238], [237, 243]], "missing_branches": []}, "smooth": {"executed_lines": [247, 248, 249, 250, 251, 253, 254, 257, 258, 259, 261, 262, 263, 264, 265], "summary": {"covered_lines": 15, "num_statements": 16, "percent_covered": 92.3076923076923, "percent_covered_display": "92", "missing_lines": 1, "excluded_lines": 0, "percent_statements_covered": 93.75, "percent_statements_covered_display": "94", "num_branches": 10, "num_partial_branches": 1, "covered_branches": 9, "missing_branches": 1, "percent_branches_covered": 90.0, "percent_branches_covered_display": "90"}, "missing_lines": [252], "excluded_lines": [], "start_line": 246, "executed_branches": [[247, 248], [247, 249], [249, 250], [249, 251], [251, 253], [253, 254], [253, 257], [258, 259], [258, 261]], "missing_branches": [[251, 252]]}, "create_movie": {"executed_lines": [], "summary": {"covered_lines": 0, "num_statements": 15, "percent_covered": 0.0, "percent_covered_display": "0", "missing_lines": 15, "excluded_lines": 0, "percent_statements_covered": 0.0, "percent_statements_covered_display": "0", "num_branches": 2, "num_partial_branches": 0, "covered_branches": 0, "missing_branches": 2, "percent_branches_covered": 0.0, "percent_branches_covered_display": "0"}, "missing_lines": [272, 273, 275, 276, 277, 278, 279, 280, 281, 282, 283, 284, 285, 286, 287], "excluded_lines": [], "start_line": 268, "executed_branches": [], "missing_branches": [[281, 282], [281, 286]]}, "create_mp4": {"executed_lines": [], "summary": {"covered_lines": 0, "num_statements": 5, "percent_covered": 0.0, "percent_covered_display": "0", "missing_lines": 5, "excluded_lines": 0, "percent_statements_covered": 0.0, "percent_statements_covered_display": "0", "num_branches": 0, "num_partial_branches": 0, "covered_branches": 0, "missing_branches": 0, "percent_branches_covered": 100.0, "percent_branches_covered_display": "100"}, "missing_lines": [291, 293, 294, 297, 298], "excluded_lines": [], "start_line": 290, "executed_branches": [], "missing_branches": []}, "loadmatlabfiles": {"executed_lines": [], "summary": {"covered_lines": 0, "num_statements": 2, "percent_covered": 0.0, "percent_covered_display": "0", "missing_lines": 2, "excluded_lines": 0, "percent_statements_covered": 0.0, "percent_statements_covered_display": "0", "num_branches": 0, "num_partial_branches": 0, "covered_branches": 0, "missing_branches": 0, "percent_branches_covered": 100.0, "percent_branches_covered_display": "100"}, "missing_lines": [305, 306], "excluded_lines": [], "start_line": 301, "executed_branches": [], "missing_branches": []}, "_check_key_": {"executed_lines": [], "summary": {"covered_lines": 0, "num_statements": 4, "percent_covered": 0.0, "percent_covered_display": "0", "missing_lines": 4, "excluded_lines": 0, "percent_statements_covered": 0.0, "percent_statements_covered_display": "0", "num_branches": 4, "num_partial_branches": 0, "covered_branches": 0, "missing_branches": 4, "percent_branches_covered": 0.0, "percent_branches_covered_display": "0"}, "missing_lines": [313, 314, 315, 316], "excluded_lines": [], "start_line": 309, "executed_branches": [], "missing_branches": [[313, 314], [313, 316], [314, 313], [314, 315]]}, "_todict_": {"executed_lines": [], "summary": {"covered_lines": 0, "num_statements": 1, "percent_covered": 0.0, "percent_covered_display": "0", "missing_lines": 1, "excluded_lines": 0, "percent_statements_covered": 0.0, "percent_statements_covered_display": "0", "num_branches": 0, "num_partial_branches": 0, "covered_branches": 0, "missing_branches": 0, "percent_branches_covered": 100.0, "percent_branches_covered_display": "100"}, "missing_lines": [323], "excluded_lines": [], "start_line": 319, "executed_branches": [], "missing_branches": []}, "setsize": {"executed_lines": [], "summary": {"covered_lines": 0, "num_statements": 3, "percent_covered": 0.0, "percent_covered_display": "0", "missing_lines": 3, "excluded_lines": 0, "percent_statements_covered": 0.0, "percent_statements_covered_display": "0", "num_branches": 0, "num_partial_branches": 0, "covered_branches": 0, "missing_branches": 0, "percent_branches_covered": 100.0, "percent_branches_covered_display": "100"}, "missing_lines": [334, 336, 339], "excluded_lines": [], "start_line": 333, "executed_branches": [], "missing_branches": []}, "calculate_bearing": {"executed_lines": [343, 345, 346, 347, 350, 352], "summary": {"covered_lines": 6, "num_statements": 6, "percent_covered": 100.0, "percent_covered_display": "100", "missing_lines": 0, "excluded_lines": 0, "percent_statements_covered": 100.0, "percent_statements_covered_display": "100", "num_branches": 0, "num_partial_branches": 0, "covered_branches": 0, "missing_branches": 0, "percent_branches_covered": 100.0, "percent_branches_covered_display": "100"}, "missing_lines": [], "excluded_lines": [], "start_line": 342, "executed_branches": [], "missing_branches": []}, "great_circle_distance": {"executed_lines": [376, 377, 378, 379, 382, 383, 384, 388, 389, 391], "summary": {"covered_lines": 10, "num_statements": 10, "percent_covered": 100.0, "percent_covered_display": "100", "missing_lines": 0, "excluded_lines": 0, "percent_statements_covered": 100.0, "percent_statements_covered_display": "100", "num_branches": 0, "num_partial_branches": 0, "covered_branches": 0, "missing_branches": 0, "percent_branches_covered": 100.0, "percent_branches_covered_display": "100"}, "missing_lines": [], "excluded_lines": [], "start_line": 355, "executed_branches": [], "missing_branches": []}, "build_route_from_cfg": {"executed_lines": [405, 407, 410, 411, 412, 414, 421, 422, 423, 424, 425, 426, 428, 430, 434, 435, 437, 438, 439, 440, 441, 442, 445, 446, 448], "summary": {"covered_lines": 25, "num_statements": 28, "percent_covered": 84.21052631578948, "percent_covered_display": "84", "missing_lines": 3, "excluded_lines": 0, "percent_statements_covered": 89.28571428571429, "percent_statements_covered_display": "89", "num_branches": 10, "num_partial_branches": 3, "covered_branches": 7, "missing_branches": 3, "percent_branches_covered": 70.0, "percent_branches_covered_display": "70"}, "missing_lines": [408, 429, 431], "excluded_lines": [], "start_line": 394, "executed_branches": [[407, 410], [421, 422], [421, 428], [428, 430], [430, 434], [441, 442], [441, 448]], "missing_branches": [[407, 408], [428, 429], [430, 431]]}, "build_heights_from_cfg": {"executed_lines": [453, 454, 455, 456], "summary": {"covered_lines": 4, "num_statements": 4, "percent_covered": 100.0, "percent_covered_display": "100", "missing_lines": 0, "excluded_lines": 0, "percent_statements_covered": 100.0, "percent_statements_covered_display": "100", "num_branches": 0, "num_partial_branches": 0, "covered_branches": 0, "missing_branches": 0, "percent_branches_covered": 100.0, "percent_branches_covered_display": "100"}, "missing_lines": [], "excluded_lines": [], "start_line": 451, "executed_branches": [], "missing_branches": []}, "build_elevations_from_cfg": {"executed_lines": [461, 462, 463, 464], "summary": {"covered_lines": 4, "num_statements": 4, "percent_covered": 100.0, "percent_covered_display": "100", "missing_lines": 0, "excluded_lines": 0, "percent_statements_covered": 100.0, "percent_statements_covered_display": "100", "num_branches": 0, "num_partial_branches": 0, "covered_branches": 0, "missing_branches": 0, "percent_branches_covered": 100.0, "percent_branches_covered_display": "100"}, "missing_lines": [], "excluded_lines": [], "start_line": 459, "executed_branches": [], "missing_branches": []}, "build_freqs_from_cfg": {"executed_lines": [469], "summary": {"covered_lines": 1, "num_statements": 1, "percent_covered": 100.0, "percent_covered_display": "100", "missing_lines": 0, "excluded_lines": 0, "percent_statements_covered": 100.0, "percent_statements_covered_display": "100", "num_branches": 0, "num_partial_branches": 0, "covered_branches": 0, "missing_branches": 0, "percent_branches_covered": 100.0, "percent_branches_covered_display": "100"}, "missing_lines": [], "excluded_lines": [], "start_line": 467, "executed_branches": [], "missing_branches": []}, "": {"executed_lines": [5, 6, 7, 8, 9, 10, 11, 12, 14, 15, 16, 17, 18, 19, 20, 22, 23, 24, 25, 27, 43, 67, 78, 90, 104, 115, 144, 167, 179, 183, 187, 191, 202, 210, 230, 246, 268, 290, 301, 309, 319, 333, 342, 355, 394, 451, 459, 467], "summary": {"covered_lines": 48, "num_statements": 48, "percent_covered": 100.0, "percent_covered_display": "100", "missing_lines": 0, "excluded_lines": 0, "percent_statements_covered": 100.0, "percent_statements_covered_display": "100", "num_branches": 0, "num_partial_branches": 0, "covered_branches": 0, "missing_branches": 0, "percent_branches_covered": 100.0, "percent_branches_covered_display": "100"}, "missing_lines": [], "excluded_lines": [], "start_line": 1, "executed_branches": [], "missing_branches": []}}, "classes": {"": {"executed_lines": [5, 6, 7, 8, 9, 10, 11, 12, 14, 15, 16, 17, 18, 19, 20, 22, 23, 24, 25, 27, 43, 67, 78, 90, 94, 95, 97, 98, 99, 100, 101, 104, 108, 109, 110, 115, 127, 128, 129, 130, 131, 132, 133, 134, 138, 139, 141, 144, 153, 154, 162, 163, 164, 167, 174, 175, 176, 179, 180, 183, 184, 187, 188, 191, 195, 196, 197, 198, 199, 202, 203, 204, 205, 206, 207, 210, 212, 213, 214, 216, 217, 218, 219, 220, 222, 224, 225, 227, 230, 231, 232, 237, 238, 243, 246, 247, 248, 249, 250, 251, 253, 254, 257, 258, 259, 261, 262, 263, 264, 265, 268, 290, 301, 309, 319, 333, 342, 343, 345, 346, 347, 350, 352, 355, 376, 377, 378, 379, 382, 383, 384, 388, 389, 391, 394, 405, 407, 410, 411, 412, 414, 421, 422, 423, 424, 425, 426, 428, 430, 434, 435, 437, 438, 439, 440, 441, 442, 445, 446, 448, 451, 453, 454, 455, 456, 459, 461, 462, 463, 464, 467, 469], "summary": {"covered_lines": 172, "num_statements": 230, "percent_covered": 74.65277777777777, "percent_covered_display": "75", "missing_lines": 58, "excluded_lines": 0, "percent_statements_covered": 74.78260869565217, "percent_statements_covered_display": "75", "num_branches": 58, "num_partial_branches": 7, "covered_branches": 43, "missing_branches": 15, "percent_branches_covered": 74.13793103448276, "percent_branches_covered_display": "74"}, "missing_lines": [49, 50, 51, 52, 53, 54, 57, 58, 59, 61, 64, 71, 73, 74, 75, 82, 84, 85, 86, 87, 96, 111, 112, 140, 252, 272, 273, 275, 276, 277, 278, 279, 280, 281, 282, 283, 284, 285, 286, 287, 291, 293, 294, 297, 298, 305, 306, 313, 314, 315, 316, 323, 334, 336, 339, 408, 429, 431], "excluded_lines": [], "start_line": 1, "executed_branches": [[94, 95], [94, 98], [95, 97], [127, 128], [127, 138], [129, 130], [129, 131], [132, 133], [132, 134], [139, 141], [162, 163], [162, 164], [195, 196], [195, 197], [197, 198], [197, 199], [204, 205], [204, 207], [205, 206], [217, 218], [217, 219], [219, 220], [219, 222], [231, 232], [231, 237], [237, 238], [237, 243], [247, 248], [247, 249], [249, 250], [249, 251], [251, 253], [253, 254], [253, 257], [258, 259], [258, 261], [407, 410], [421, 422], [421, 428], [428, 430], [430, 434], [441, 442], [441, 448]], "missing_branches": [[50, 51], [50, 53], [95, 96], [139, 140], [205, 204], [251, 252], [281, 282], [281, 286], [313, 314], [313, 316], [314, 313], [314, 315], [407, 408], [428, 429], [430, 431]]}}}}, "totals": {"covered_lines": 2944, "num_statements": 4049, "percent_covered": 68.4541347475938, "percent_covered_display": "68", "missing_lines": 1105, "excluded_lines": 5, "percent_statements_covered": 72.70931094097308, "percent_statements_covered_display": "73", "num_branches": 1042, "num_partial_branches": 259, "covered_branches": 541, "missing_branches": 501, "percent_branches_covered": 51.91938579654511, "percent_branches_covered_display": "52"}}